[2016.02.28-23.24.30:174][  0]Log file open, 02/29/16 01:24:30
[2016.02.28-23.24.30:174][  0]LogInit:Display: Running engine for game: TPS_Arena
[2016.02.28-23.24.30:174][  0]LogPlatformFile: Not using cached read wrapper
[2016.02.28-23.24.30:174][  0]LogInit:Display: RandInit(-487411569) SRandInit(-487411566).
[2016.02.28-23.24.30:174][  0]LogTaskGraph: Started task graph with 4 named threads and 7 total threads.
[2016.02.28-23.24.30:174][  0]LogStats: Stats thread started at 0.458756
[2016.02.28-23.24.30:174][  0]LogInit: Version: 4.10.4-2872498+++depot+UE4-Releases+4.10
[2016.02.28-23.24.30:174][  0]LogInit: API Version: 2758231
[2016.02.28-23.24.30:174][  0]LogInit: Compiled (64-bit): Feb 18 2016 15:47:04
[2016.02.28-23.24.30:174][  0]LogInit: Compiled with Visual C++: 19.00.23026.00
[2016.02.28-23.24.30:174][  0]LogInit: Build Configuration: Development
[2016.02.28-23.24.30:174][  0]LogInit: Branch Name: ++depot+UE4-Releases+4.10
[2016.02.28-23.24.30:174][  0]LogInit: Command line:  
[2016.02.28-23.24.30:174][  0]LogInit: Base directory: D:/Engine/Epic Games/4.10/Engine/Binaries/Win64/
[2016.02.28-23.24.30:174][  0]LogInit: Rocket: 1
[2016.02.28-23.24.30:192][  0]LogInit: Using libcurl 7.41.0
[2016.02.28-23.24.30:192][  0]LogInit:  - built for x86_64-pc-win32
[2016.02.28-23.24.30:192][  0]LogInit:  - supports SSL with WinSSL
[2016.02.28-23.24.30:192][  0]LogInit:  - other features:
[2016.02.28-23.24.30:192][  0]LogInit:      CURL_VERSION_SSL
[2016.02.28-23.24.30:193][  0]LogInit:      CURL_VERSION_IPV6
[2016.02.28-23.24.30:193][  0]LogInit:      CURL_VERSION_ASYNCHDNS
[2016.02.28-23.24.30:193][  0]LogInit:      CURL_VERSION_LARGEFILE
[2016.02.28-23.24.30:193][  0]LogInit:      CURL_VERSION_IDN
[2016.02.28-23.24.30:193][  0]LogInit:  CurlRequestOptions (configurable via config and command line):
[2016.02.28-23.24.30:193][  0]LogInit:  - bVerifyPeer = true  - Libcurl will verify peer certificate
[2016.02.28-23.24.30:193][  0]LogInit:  - bUseHttpProxy = false  - Libcurl will NOT use HTTP proxy
[2016.02.28-23.24.30:193][  0]LogInit:  - bDontReuseConnections = false  - Libcurl will reuse connections
[2016.02.28-23.24.30:193][  0]LogInit:  - CertBundlePath = nullptr  - Libcurl will use whatever was configured at build time.
[2016.02.28-23.24.30:213][  0]LogInit: Presizing for 0 objects not considered by GC, pre-allocating 0 bytes.
[2016.02.28-23.24.30:225][  0]LogInit: Object subsystem initialized
[2016.02.28-23.24.30:228][  0]LogInit: Selected Device Profile: [Windows]
[2016.02.28-23.24.30:228][  0]LogInit: Applying CVar settings loaded from the selected device profile: [Windows]
[2016.02.28-23.24.30:240][  0]LogInit: Computer: MIHAI-PC
[2016.02.28-23.24.30:240][  0]LogInit: User: Mihai
[2016.02.28-23.24.30:240][  0]LogInit: CPU Page size=4096, Cores=4
[2016.02.28-23.24.30:240][  0]LogInit: High frequency timer resolution =2.732451 MHz
[2016.02.28-23.24.30:240][  0]LogMemory: Memory total: Physical=10.0GB (10GB approx)
[2016.02.28-23.24.30:240][  0]LogMemory: Platform Memory Stats for Windows
[2016.02.28-23.24.30:240][  0]LogMemory: Process Physical Memory: 56.95 MB used, 56.95 MB peak
[2016.02.28-23.24.30:240][  0]LogMemory: Process Virtual Memory: 59.90 MB used, 59.90 MB peak
[2016.02.28-23.24.30:240][  0]LogMemory: Physical Memory: 2456.07 MB used, 10231.49 MB total
[2016.02.28-23.24.30:240][  0]LogMemory: Virtual Memory: 365.77 MB used, 8388608.00 MB total
[2016.02.28-23.24.30:343][  0]LogTextLocalizationManager: No specific translations for ('en-US') exist, so ('en') translations will be used.
[2016.02.28-23.24.31:042][  0]LogD3D11RHI: Found D3D11 adapter 0: NVIDIA GeForce GTX 970 (Feature Level 11_0)
[2016.02.28-23.24.31:042][  0]LogD3D11RHI: Adapter has 4007MB of dedicated video memory, 0MB of dedicated system memory, and 4859MB of shared system memory, 2 output[s]
[2016.02.28-23.24.31:042][  0]LogD3D11RHI: Chosen D3D11 Adapter Id = 0
[2016.02.28-23.24.31:063][  0]LogD3D11RHI: !Direct3DDevice
[2016.02.28-23.24.31:064][  0]LogRHI: Texture pool is 1361 MB (70% of 1945 MB)
[2016.02.28-23.24.31:075][  0]LogD3D11RHI: Async texture creation enabled
[2016.02.28-23.24.31:097][  0]LogShaderCompilers: Guid format shader working directory is 3 characters bigger than the processId version (../../../../../../Projects/Unreal/TPS_Arena/Intermediate/Shaders/WorkingDirectory/8356/).
[2016.02.28-23.24.31:097][  0]LogShaderCompilers: Cleaned the shader compiler working directory 'C:/Users/Mihai/AppData/Local/Temp/UnrealShaderWorkingDir/07CD15D34313E948D4DB3BB7587A0D54/'.
[2016.02.28-23.24.31:097][  0]LogShaderCompilers:Display: Using Local Shader Compiler.
[2016.02.28-23.24.32:476][  0]LogTemp:Display: Loaded TP AllDesktopTargetPlatform
[2016.02.28-23.24.32:482][  0]LogTemp:Display: Loaded TP WindowsClientTargetPlatform
[2016.02.28-23.24.32:489][  0]LogTemp:Display: Loaded TP WindowsNoEditorTargetPlatform
[2016.02.28-23.24.32:495][  0]LogTemp:Display: Loaded TP WindowsServerTargetPlatform
[2016.02.28-23.24.32:501][  0]LogTemp:Display: Loaded TP WindowsTargetPlatform
[2016.02.28-23.24.32:506][  0]LogTemp:Display: Loaded TP AndroidTargetPlatform
[2016.02.28-23.24.32:510][  0]LogTemp:Display: Loaded TP Android_ASTCTargetPlatform
[2016.02.28-23.24.32:514][  0]LogTemp:Display: Loaded TP Android_ATCTargetPlatform
[2016.02.28-23.24.32:520][  0]LogTemp:Display: Loaded TP Android_DXTTargetPlatform
[2016.02.28-23.24.32:524][  0]LogTemp:Display: Loaded TP Android_ETC1TargetPlatform
[2016.02.28-23.24.32:528][  0]LogTemp:Display: Loaded TP Android_ETC2TargetPlatform
[2016.02.28-23.24.32:539][  0]LogTemp:Display: Loaded TP Android_MultiTargetPlatform
[2016.02.28-23.24.32:539][  0]LogTemp:Display: Loaded TP Android_PVRTCTargetPlatform
[2016.02.28-23.24.32:540][  0]LogTemp:Display: Loaded TP HTML5TargetPlatform
[2016.02.28-23.24.32:561][  0]LogTemp:Display: Loaded TP IOSTargetPlatform
[2016.02.28-23.24.32:565][  0]LogTemp:Display: Loaded TP LinuxNoEditorTargetPlatform
[2016.02.28-23.24.32:568][  0]LogTemp:Display: Loaded TP LinuxServerTargetPlatform
[2016.02.28-23.24.32:573][  0]LogTemp:Display: Loaded TP LinuxTargetPlatform
[2016.02.28-23.24.32:573][  0]LogTargetPlatformManager:Display: Building Assets For Windows
[2016.02.28-23.24.32:719][  0]LogDerivedDataCache:Display: Max Cache Size: 512 MB
[2016.02.28-23.24.33:011][  0]LogDerivedDataCache: Loaded boot cache 0.29s 41MB C:/Users/Mihai/AppData/Local/UnrealEngine/4.10/DerivedDataCache/Boot.ddc.
[2016.02.28-23.24.33:011][  0]LogDerivedDataCache:Display: Loaded Boot cache: C:/Users/Mihai/AppData/Local/UnrealEngine/4.10/DerivedDataCache/Boot.ddc
[2016.02.28-23.24.33:011][  0]LogDerivedDataCache: FDerivedDataBackendGraph:  Pak pak cache file ../../../../../../Projects/Unreal/TPS_Arena/DerivedDataCache/DDC.ddp not found, will not use a pak cache.
[2016.02.28-23.24.33:011][  0]LogDerivedDataCache: Unable to find inner node Pak for hierarchical cache Hierarchy.
[2016.02.28-23.24.33:011][  0]LogDerivedDataCache: FDerivedDataBackendGraph:  CompressedPak pak cache file ../../../../../../Projects/Unreal/TPS_Arena/DerivedDataCache/Compressed.ddp not found, will not use a pak cache.
[2016.02.28-23.24.33:011][  0]LogDerivedDataCache: Unable to find inner node CompressedPak for hierarchical cache Hierarchy.
[2016.02.28-23.24.33:108][  0]LogDerivedDataCache:Display: Pak cache opened for reading ../../../Engine/DerivedDataCache/Compressed.ddp.
[2016.02.28-23.24.33:119][  0]LogDerivedDataCache: Using Local data cache path C:/Users/Mihai/AppData/Local/UnrealEngine/Common/DerivedDataCache: Writable
[2016.02.28-23.24.33:578][  0]LogInit: Selected Device Profile: [Windows]
[2016.02.28-23.24.33:579][  0]LogContentStreaming: Texture pool size is 0.000000MB
[2016.02.28-23.24.33:647][  0]LogMeshUtilities: No automatic mesh reduction module available
[2016.02.28-23.24.33:647][  0]LogMeshUtilities: No automatic mesh merging module available
[2016.02.28-23.24.34:203][  0]LogInit: WinSock: version 1.1 (2.2), MaxSocks=32767, MaxUdp=65467
[2016.02.28-23.24.36:023][  0]LogAssetRegistry: FAssetRegistry took 0.0102 seconds to start up
[2016.02.28-23.24.36:045][  0]UdpMessaging: Initializing bridge on interface 0.0.0.0:0 to multicast group 230.0.0.1:6666.
[2016.02.28-23.24.36:386][  0]SourceControl: Info Source control is disabled
[2016.02.28-23.24.36:526][  0]SourceControl: Info Source control is disabled
[2016.02.28-23.24.36:544][  0]SourceControl: Info Source control is disabled
[2016.02.28-23.24.36:593][  0]SourceControl: Info Source control is disabled
[2016.02.28-23.24.36:970][  0]LogObj: 28802 objects as part of root set at end of initial load.
[2016.02.28-23.24.36:970][  0]LogUObjectAllocator: 6129776 out of 0 bytes used by permanent object pool.
[2016.02.28-23.24.37:055][  0]LogEngine: Initializing Engine...
[2016.02.28-23.24.37:060][  0]OCULUS: Info: 02/28/16 23:24:37: [CAPI] LibOVR module is located at C:\Windows\system32\LibOVRRT64_0_8.dll

[2016.02.28-23.24.37:067][  0]OCULUS: Info: 02/28/16 23:24:37: [IPC] Call Stats for SetInitialState : x1: C2S=21.2264, S2C=7.31944, Runtime=1611.01 (microseconds) C2Ssize=80, S2Csize=81 (bytes)

[2016.02.28-23.24.37:067][  0]OCULUS: Info: 02/28/16 23:24:37: [IPC] Call Stats for IsLatencyTesterAvailable : x1: C2S=13.175, S2C=2.92777, Runtime=2.19583 (microseconds) C2Ssize=33, S2Csize=18 (bytes)

[2016.02.28-23.24.37:081][  0]LogHMD: SteamVR failed to initialize.  Err: 110
[2016.02.28-23.24.37:275][  0]LogAIModule: Creating AISystem for world NewWorld
[2016.02.28-23.24.37:288][  0]LogInit: XAudio2 using 'Speakers / Headphones (Plantronics HD1)' : 8 channels at 48 kHz using 24 bits per sample (channel mask 0x63f)
[2016.02.28-23.24.37:394][  0]LogInit: FAudioDevice initialized.
[2016.02.28-23.24.37:433][  0]LogDerivedDataCache: Saved boot cache 0.04s 41MB C:/Users/Mihai/AppData/Local/UnrealEngine/4.10/DerivedDataCache/Boot.ddc.
[2016.02.28-23.24.37:444][  0]LogInit: Texture streaming: Enabled
[2016.02.28-23.24.37:454][  0]LogAnalytics: Creating configured Analytics provider AnalyticsET
[2016.02.28-23.24.37:454][  0]LogAnalytics: [UEEditor.Rocket.Release] APIServer = http://et2.epicgames.com/ET2/. AppVersion = 4.10.4-2872498+++depot+UE4-Releases+4.10
[2016.02.28-23.24.37:454][  0]LogAnalytics: [UEEditor.Rocket.Release] SetUserId 3cb8ffe24e727d20e488f6a0703d071e|cfb1085945c1478380d1e808dae35820|2cf12e5c-4aaa-4bd5-bb24-20c657141085
[2016.02.28-23.24.37:454][  0]LogAnalytics: [UEEditor.Rocket.Release] AnalyticsET::StartSession
[2016.02.28-23.24.37:466][  0]LogInit: Transaction tracking system initialized
[2016.02.28-23.24.37:507][  0]BlueprintLog: New page: Editor Load
[2016.02.28-23.24.37:629][  0]LocalizationService: Info Localization service is disabled
[2016.02.28-23.24.37:721][  0]LogLinker:Warning: Can't find file '/Game/ThirdPersonBP/ThirdPersonOverview'
[2016.02.28-23.24.37:721][  0]LogLinker:Warning: Can't find file '/Game/ThirdPersonBP/ThirdPersonOverview'
[2016.02.28-23.24.37:721][  0]LogUObjectGlobals:Warning: Failed to find object 'Class /Game/ThirdPersonBP/ThirdPersonOverview.ThirdPersonOverview_C'
[2016.02.28-23.24.37:739][  0]LogConsoleResponse:Display: 
[2016.02.28-23.24.37:945][  0]LogCook:Display: Done creating registry. It took  0.00s.
[2016.02.28-23.24.38:032][  0]LogFileCache: Scanning file cache for directory 'D:/Projects/Unreal/TPS_Arena/Content/' took 0.02s
[2016.02.28-23.24.38:032][  0]SourceControl: Info Source control is disabled
[2016.02.28-23.24.38:032][  0]Cmd: MAP LOAD FILE="../../../../../../Projects/Unreal/TPS_Arena/Content/Levels/characterTesting.umap" TEMPLATE=0 SHOWPROGRESS=1 FEATURELEVEL=3
[2016.02.28-23.24.38:032][  0]LightingResults: New page: Lighting Build
[2016.02.28-23.24.38:037][  0]MapCheck: New page: Map Check
[2016.02.28-23.24.38:037][  0]LightingResults: New page: Lighting Build
[2016.02.28-23.24.38:053][  0]LogParticles: Destroying 0 GPU particle simulations for FXSystem 0x0000000023EAAAC0
[2016.02.28-23.24.38:524][  0]LogAIModule: Creating AISystem for world characterTesting
[2016.02.28-23.24.38:532][  0]LogEditorServer: Finished looking for orphan Actors (0.000 secs)
[2016.02.28-23.24.38:532][  0]Cmd: MAP CHECKDEP NOCLEARLOG
[2016.02.28-23.24.38:590][  0]MapCheck: Info Map check complete: 0 Error(s), 0 Warning(s), took 57.841ms to complete.
[2016.02.28-23.24.38:590][  0]LogFileHelpers: Loading map 'characterTesting' took 0.558
[2016.02.28-23.24.38:731][  0]LogCollectionManager: Loaded 0 collections in 0.002637 seconds
[2016.02.28-23.24.38:767][  0]LogFileCache: Scanning file cache for directory 'D:/Projects/Unreal/TPS_Arena/Saved/Collections/' took 0.01s
[2016.02.28-23.24.38:767][  0]LogFileCache: Scanning file cache for directory 'D:/Projects/Unreal/TPS_Arena/Content/Developers/Mihai/Collections/' took 0.01s
[2016.02.28-23.24.38:767][  0]LogFileCache: Scanning file cache for directory 'D:/Projects/Unreal/TPS_Arena/Content/Collections/' took 0.00s
[2016.02.28-23.24.38:767][  0]LogCollectionManager: Rebuilt the GUID cache for 0 collections in 0.000002 seconds
[2016.02.28-23.24.38:777][  0]LogContentBrowser: Native class hierarchy populated in 0.0102 seconds. Added 1908 classes and 344 folders.
[2016.02.28-23.24.38:788][  0]LogContentBrowser: Native class hierarchy updated for 'WidgetCarousel' in 0.0005 seconds. Added 0 classes and 0 folders.
[2016.02.28-23.24.38:955][  0]LogContentBrowser: Native class hierarchy updated for 'AddContentDialog' in 0.0004 seconds. Added 0 classes and 0 folders.
[2016.02.28-23.24.38:962][  0]LogContentBrowser: Native class hierarchy updated for 'SceneOutliner' in 0.0004 seconds. Added 1 classes and 2 folders.
[2016.02.28-23.24.39:012][  0]LogCrashTracker: Crashtracker disabled due to settings.
[2016.02.28-23.24.39:017][  0]LogUObjectGlobals:Warning: Failed to find object 'Class None.'
[2016.02.28-23.24.39:038][  0]LogLoad: Full Startup: 9.99 seconds (BP compile: 0.06 seconds)
[2016.02.28-23.24.39:047][  0]LogOcInput: OculusInput is initialized. Init status 0. Runtime version: 0.8.0.0
[2016.02.28-23.24.39:123][  0]LogContentStreaming: Texture pool size now 1000 MB
[2016.02.28-23.24.39:324][  0]LogRenderer: Reallocating scene render targets to support 1208x572 (Frame:2).
[2016.02.28-23.24.39:637][  5]LogAssetRegistry: Asset discovery search completed in 3.6242 seconds
[2016.02.28-23.24.39:637][  5]LogCollectionManager: Rebuilt the object cache for 0 collections in 0.000001 seconds (found 0 objects)
[2016.02.28-23.24.39:637][  5]LogCollectionManager: Fixed up redirectors for 0 collections in 0.000024 seconds (updated 0 objects)
[2016.02.28-23.24.41:637][186]LogPlayLevel: PlayLevel: No blueprints needed recompiling
[2016.02.28-23.24.41:637][186]PIE: New page: PIE session: characterTesting (Feb 29, 2016, 3:24:41 AM)
[2016.02.28-23.24.41:637][186]LogPlayLevel: Creating play world package: /Game/Levels/UEDPIE_0_characterTesting
[2016.02.28-23.24.41:645][186]LogPlayLevel: PIE: StaticDuplicateObject took: (0.007662s)
[2016.02.28-23.24.41:646][186]LogAIModule: Creating AISystem for world characterTesting
[2016.02.28-23.24.41:646][186]LogPlayLevel: PIE: World Init took: (0.000996s)
[2016.02.28-23.24.41:646][186]LogPlayLevel: PIE: Created PIE world by copying editor world from /Game/Levels/characterTesting.characterTesting to /Game/Levels/UEDPIE_0_characterTesting.characterTesting (0.008893s)
[2016.02.28-23.24.41:673][186]LogInit: XAudio2 using 'Speakers / Headphones (Plantronics HD1)' : 8 channels at 48 kHz using 24 bits per sample (channel mask 0x63f)
[2016.02.28-23.24.41:684][186]LogInit: FAudioDevice initialized.
[2016.02.28-23.24.43:304][186]LogWorld: Game class is 'ThirdPersonGameMode_C'
[2016.02.28-23.24.43:308][186]LogWorld: Bringing World /Game/Levels/UEDPIE_0_characterTesting.characterTesting up for play (max tick rate 0) at 2016.02.29-01.24.43
[2016.02.28-23.24.43:308][186]LogActor:Warning: GameSession /Game/Levels/UEDPIE_0_characterTesting.characterTesting:PersistentLevel.GameSession_0 has natively added scene component(s), but none of them were set as the actor's RootComponent - picking one arbitrarily
[2016.02.28-23.24.43:308][186]LogActor:Warning: GameNetworkManager /Game/Levels/UEDPIE_0_characterTesting.characterTesting:PersistentLevel.GameNetworkManager_0 has natively added scene component(s), but none of them were set as the actor's RootComponent - picking one arbitrarily
[2016.02.28-23.24.43:308][186]LogWorld: Bringing up level for play took: 0.003330
[2016.02.28-23.24.43:339][186]PIE: Info Play in editor start time for /Game/Levels/UEDPIE_0_characterTesting 2.447
[2016.02.28-23.24.43:357][187]LogRenderer: Reallocating scene render targets to support 1208x600 (Frame:189).
[2016.02.28-23.25.32:746][492]LogActorComponent: UnregisterComponent: (/Engine/Transient.CharMoveComp) Not registered. Aborting.
[2016.02.28-23.25.32:784][492]LogParticles: Destroying 0 GPU particle simulations for FXSystem 0x000000001F39F380
[2016.02.28-23.25.36:452][813]LogPlayLevel: PlayLevel: No blueprints needed recompiling
[2016.02.28-23.25.36:458][813]PIE: New page: PIE session: characterTesting (Feb 29, 2016, 3:25:36 AM)
[2016.02.28-23.25.36:458][813]LogPlayLevel: Creating play world package: /Game/Levels/UEDPIE_1_characterTesting
[2016.02.28-23.25.36:466][813]LogPlayLevel: PIE: StaticDuplicateObject took: (0.007388s)
[2016.02.28-23.25.36:466][813]LogAIModule: Creating AISystem for world characterTesting
[2016.02.28-23.25.36:467][813]LogPlayLevel: PIE: World Init took: (0.001092s)
[2016.02.28-23.25.36:467][813]LogPlayLevel: PIE: Created PIE world by copying editor world from /Game/Levels/characterTesting.characterTesting to /Game/Levels/UEDPIE_1_characterTesting.characterTesting (0.008764s)
[2016.02.28-23.25.36:489][813]LogInit: XAudio2 using 'Speakers / Headphones (Plantronics HD1)' : 8 channels at 48 kHz using 24 bits per sample (channel mask 0x63f)
[2016.02.28-23.25.36:496][813]LogInit: FAudioDevice initialized.
[2016.02.28-23.25.36:570][813]LogWorld: Game class is 'ThirdPersonGameMode_C'
[2016.02.28-23.25.36:574][813]LogWorld: Bringing World /Game/Levels/UEDPIE_1_characterTesting.characterTesting up for play (max tick rate 0) at 2016.02.29-01.25.36
[2016.02.28-23.25.36:574][813]LogActor:Warning: GameSession /Game/Levels/UEDPIE_1_characterTesting.characterTesting:PersistentLevel.GameSession_1 has natively added scene component(s), but none of them were set as the actor's RootComponent - picking one arbitrarily
[2016.02.28-23.25.36:575][813]LogActor:Warning: GameNetworkManager /Game/Levels/UEDPIE_1_characterTesting.characterTesting:PersistentLevel.GameNetworkManager_1 has natively added scene component(s), but none of them were set as the actor's RootComponent - picking one arbitrarily
[2016.02.28-23.25.36:575][813]LogWorld: Bringing up level for play took: 0.003330
[2016.02.28-23.25.36:576][813]LogInit: WinSock: Socket queue 131072 / 131072
[2016.02.28-23.25.36:578][813]LogInit: WinSock: I am Mihai-PC (192.168.100.2:0)
[2016.02.28-23.25.36:578][813]LogNet: GameNetDriver IpNetDriver_0 IpNetDriver listening on port 7777
[2016.02.28-23.25.36:603][813]PIE: Info Play in editor start time for /Game/Levels/UEDPIE_1_characterTesting -0.289
[2016.02.28-23.25.36:609][813]PIE: New page: PIE session: characterTesting (Feb 29, 2016, 3:25:36 AM)
[2016.02.28-23.25.36:687][813]LogNet: Browse: 127.0.0.1//Game/Levels/characterTesting
[2016.02.28-23.25.36:688][813]LogInit: WinSock: Socket queue 32768 / 32768
[2016.02.28-23.25.36:688][813]LogNet: Game client on port 7777, rate 10000
[2016.02.28-23.25.36:688][813]LogNet: GetLocalNetworkVersion: GEngineNetVersion: 2872498, ProjectName: tps_arena, ProjectVersion: 1.0.0.0, InternalProtocolVersion: 9, LocalNetworkVersion: 291234509
[2016.02.28-23.25.36:717][813]PIE: Info Play in editor start time for /Game/Levels/characterTesting -0.175
[2016.02.28-23.25.36:723][813]LogNet: NotifyAcceptingConnection: Server characterTesting accept
[2016.02.28-23.25.36:724][813]LogNet: Open characterTesting 02/29/16 01:25:36 127.0.0.1
[2016.02.28-23.25.36:724][813]LogNet: Added client connection.  Remote address = 127.0.0.1:62402
[2016.02.28-23.25.36:724][813]LogNet: NotifyAcceptingChannel Control 0 server World /Game/Levels/UEDPIE_1_characterTesting.characterTesting: Accepted
[2016.02.28-23.25.36:724][813]LogNet: Remote platform little endian=1
[2016.02.28-23.25.36:724][813]LogNet: This platform little endian=1
[2016.02.28-23.25.36:724][813]LogNet: GetLocalNetworkVersion: GEngineNetVersion: 2872498, ProjectName: tps_arena, ProjectVersion: 1.0.0.0, InternalProtocolVersion: 9, LocalNetworkVersion: 291234509
[2016.02.28-23.25.36:743][814]LogNet: Login request: /Game/Levels/characterTesting userId: Invalid
[2016.02.28-23.25.36:745][814]LogNet: Welcomed by server (Level: /Game/Levels/UEDPIE_1_characterTesting, Game: /Game/MasterBlueprints/Player/ThirdPersonGameMode.ThirdPersonGameMode_C)
[2016.02.28-23.25.36:746][814]LogLoad: LoadMap: 127.0.0.1//Game/Levels/UEDPIE_1_characterTesting?game=/Game/MasterBlueprints/Player/ThirdPersonGameMode.ThirdPersonGameMode_C
[2016.02.28-23.25.36:765][814]LogParticles: Destroying 0 GPU particle simulations for FXSystem 0x0000000012941F80
[2016.02.28-23.25.36:768][814]Cmd: MEM
[2016.02.28-23.25.36:787][814]LogMemory: Platform Memory Stats for Windows
[2016.02.28-23.25.36:787][814]LogMemory: Process Physical Memory: 694.85 MB used, 707.75 MB peak
[2016.02.28-23.25.36:787][814]LogMemory: Process Virtual Memory: 1451.87 MB used, 1489.50 MB peak
[2016.02.28-23.25.36:787][814]LogMemory: Physical Memory: 3271.02 MB used, 10231.49 MB total
[2016.02.28-23.25.36:787][814]LogMemory: Virtual Memory: 2123.96 MB used, 8388608.00 MB total
[2016.02.28-23.25.36:787][814]LogMemory: 
[2016.02.28-23.25.36:787][814]Allocator Stats for TBB: (not implemented)
[2016.02.28-23.25.36:795][814]LogWorld: PIE: Copying PIE streaming level from /Game/Levels/characterTesting.characterTesting to /Game/Levels/UEDPIE_2_characterTesting.characterTesting. OwningWorld: None
[2016.02.28-23.25.36:796][814]LogAIModule: Creating AISystem for world characterTesting
[2016.02.28-23.25.36:800][814]LogWorld: Bringing World /Game/Levels/UEDPIE_2_characterTesting.characterTesting up for play (max tick rate 0) at 2016.02.29-01.25.36
[2016.02.28-23.25.36:800][814]LogWorld: Bringing up level for play took: 0.003188
[2016.02.28-23.25.36:838][815]LogNet: Client netspeed is 10000
[2016.02.28-23.25.36:838][815]LogNet: Join request: /Game/Levels/characterTesting?SplitscreenCount=1
[2016.02.28-23.25.36:845][815]LogNet: Join succeeded: 258
[2016.02.28-23.25.59:199][396]LogNet:Warning: UIpNetDriver::ProcesRemoteFunction: No owning connection for actor ThirdPersonCharacter_C_4. Function ServerReloadLookUp will not be processed.
[2016.02.28-23.26.10:566][117]LogNet:Warning: UIpNetDriver::ProcesRemoteFunction: No owning connection for actor ThirdPersonCharacter_C_4. Function ServerReloadLookUp will not be processed.
[2016.02.28-23.26.17:065][521]LogNet:Warning: UIpNetDriver::ProcesRemoteFunction: No owning connection for actor ThirdPersonCharacter_C_4. Function ServerReloadLookUp will not be processed.
[2016.02.28-23.26.31:366][506]LogNet:Warning: UIpNetDriver::ProcesRemoteFunction: No owning connection for actor ThirdPersonCharacter_C_4. Function ServerReloadLookUp will not be processed.
[2016.02.28-23.26.39:159][950]LogNet:Warning: UIpNetDriver::ProcesRemoteFunction: No owning connection for actor ThirdPersonCharacter_C_4. Function ServerReloadLookUp will not be processed.
[2016.02.28-23.26.52:297][735]LogNet:Warning: UIpNetDriver::ProcesRemoteFunction: No owning connection for actor ThirdPersonCharacter_C_4. Function ServerReloadLookUp will not be processed.
[2016.02.28-23.27.13:486][152]LogNet:Warning: UIpNetDriver::ProcesRemoteFunction: No owning connection for actor ThirdPersonCharacter_C_4. Function ServerReloadLookUp will not be processed.
[2016.02.28-23.27.14:183][186]LogNet: UChannel::CleanUp: [GameNetDriver] [None] [None]. ChIndex == 0. Closing connection.
[2016.02.28-23.27.14:183][186]LogNet: UNetConnection::Close: Name: IpConnection_1, Driver: GameNetDriver IpNetDriver_0, PC: None, Owner: None, Channels: 2, RemoteAddr: 127.0.0.1:62402, Time: 2016.02.28-23.27.14
[2016.02.28-23.27.14:183][186]LogNet: UChannel::Close: Sending CloseBunch. ChIndex == 0. Name: ControlChannel_1
[2016.02.28-23.27.14:183][186]LogNet: UChannel::CleanUp: [GameNetDriver] [None] [None]. ChIndex == 0. Closing connection.
[2016.02.28-23.27.14:183][186]LogNet: UNetConnection::Close: Name: IpConnection_0, Driver: GameNetDriver IpNetDriver_1, PC: None, Owner: None, Channels: 2, RemoteAddr: 127.0.0.1:7777, Time: 2016.02.28-23.27.14
[2016.02.28-23.27.14:183][186]LogNet: UChannel::Close: Sending CloseBunch. ChIndex == 0. Name: ControlChannel_0
[2016.02.28-23.27.14:187][186]LogExit: GameNetDriver None shut down
[2016.02.28-23.27.14:187][186]LogExit: GameNetDriver None shut down
[2016.02.28-23.27.14:188][186]LogParticles: Destroying 0 GPU particle simulations for FXSystem 0x0000000059294540
[2016.02.28-23.27.14:206][187]LogParticles: Destroying 0 GPU particle simulations for FXSystem 0x000000001C382480
[2016.02.28-23.27.22:616][ 70]LogLinker:Warning: Asset '../../../Engine/Content/ArtTools/RenderToTexture/Macros/RenderToTextureMacros.uasset' has been saved with empty engine version. The asset will be loaded but may be incompatible.
[2016.02.28-23.27.23:242][ 70]LogContentBrowser: Native class hierarchy updated for 'BlueprintGraph' in 0.0010 seconds. Added 107 classes and 0 folders.
[2016.02.28-23.27.32:697][537]LogActorComponent: UnregisterComponent: (/Engine/Transient.CharMoveComp) Not registered. Aborting.
[2016.02.28-23.27.33:179][538]Cmd: QUIT_EDITOR
[2016.02.28-23.27.33:692][538]LogExit: Preparing to exit.
[2016.02.28-23.27.34:241][538]LogExit: Editor shut down
[2016.02.28-23.27.34:241][538]LogExit: Transaction tracking system shut down
[2016.02.28-23.27.34:244][538]LogParticles: Destroying 0 GPU particle simulations for FXSystem 0x0000000012DB71A0
[2016.02.28-23.27.34:245][538]LogParticles: Destroying 0 GPU particle simulations for FXSystem 0x000000001F093880
[2016.02.28-23.27.34:245][538]LogParticles: Destroying 0 GPU particle simulations for FXSystem 0x0000000032A8B880
[2016.02.28-23.27.34:245][538]LogParticles: Destroying 0 GPU particle simulations for FXSystem 0x0000000032A8B6A0
[2016.02.28-23.27.34:248][538]LogParticles: Destroying 0 GPU particle simulations for FXSystem 0x000000001BD216C0
[2016.02.28-23.27.34:248][538]LogParticles: Destroying 0 GPU particle simulations for FXSystem 0x000000001BD22200
[2016.02.28-23.27.34:501][538]LogParticles: Destroying 0 GPU particle simulations for FXSystem 0x000000000FC56340
[2016.02.28-23.27.34:501][538]LogExit: Object subsystem successfully closed.
[2016.02.28-23.27.34:512][538]LogD3D11RHI: Shutdown
[2016.02.28-23.27.34:512][538]LogD3D11RHI: CleanupD3DDevice
[2016.02.28-23.27.34:578][538]LogD3D11RHI: ~FD3D11DynamicRHI
[2016.02.28-23.27.34:593][538]LogModuleManager: Shutting down and abandoning module BlueprintGraph (201)
[2016.02.28-23.27.34:593][538]LogModuleManager: Shutting down and abandoning module CrashTracker (200)
[2016.02.28-23.27.34:593][538]LogModuleManager: Shutting down and abandoning module SceneOutliner (199)
[2016.02.28-23.27.34:593][538]LogModuleManager: Shutting down and abandoning module SuperSearch (198)
[2016.02.28-23.27.34:593][538]LogModuleManager: Shutting down and abandoning module WidgetCarousel (197)
[2016.02.28-23.27.34:593][538]LogModuleManager: Shutting down and abandoning module AddContentDialog (196)
[2016.02.28-23.27.34:595][538]LogModuleManager: Shutting down and abandoning module EditorWidgets (195)
[2016.02.28-23.27.34:595][538]LogModuleManager: Shutting down and abandoning module CollectionManager (194)
[2016.02.28-23.27.34:595][538]LogModuleManager: Shutting down and abandoning module StatsViewer (193)
[2016.02.28-23.27.34:595][538]LogModuleManager: Shutting down and abandoning module FoliageEdit (192)
[2016.02.28-23.27.34:595][538]LogModuleManager: Shutting down and abandoning module LandscapeEditor (191)
[2016.02.28-23.27.34:595][538]LogModuleManager: Shutting down and abandoning module ActorPickerMode (190)
[2016.02.28-23.27.34:595][538]LogModuleManager: Shutting down and abandoning module GeometryMode (189)
[2016.02.28-23.27.34:595][538]LogModuleManager: Shutting down and abandoning module TextureAlignMode (188)
[2016.02.28-23.27.34:595][538]LogModuleManager: Shutting down and abandoning module BspMode (187)
[2016.02.28-23.27.34:595][538]LogModuleManager: Shutting down and abandoning module PlacementMode (186)
[2016.02.28-23.27.34:595][538]LogModuleManager: Shutting down and abandoning module AutomationWorker (185)
[2016.02.28-23.27.34:595][538]LogModuleManager: Shutting down and abandoning module CharacterAI (184)
[2016.02.28-23.27.34:595][538]LogModuleManager: Shutting down and abandoning module SmartSnapping (183)
[2016.02.28-23.27.34:595][538]LogModuleManager: Shutting down and abandoning module ViewportSnapping (182)
[2016.02.28-23.27.34:595][538]LogModuleManager: Shutting down and abandoning module LogVisualizer (181)
[2016.02.28-23.27.34:596][538]LogModuleManager: Shutting down and abandoning module GameProjectGeneration (180)
[2016.02.28-23.27.34:596][538]LogModuleManager: Shutting down and abandoning module IntroTutorials (179)
[2016.02.28-23.27.34:596][538]LogModuleManager: Shutting down and abandoning module EditorLiveStreaming (178)
[2016.02.28-23.27.34:596][538]LogModuleManager: Shutting down and abandoning module IOSPlatformEditor (177)
[2016.02.28-23.27.34:596][538]LogModuleManager: Shutting down and abandoning module HTML5PlatformEditor (176)
[2016.02.28-23.27.34:596][538]LogModuleManager: Shutting down and abandoning module AndroidDeviceDetection (175)
[2016.02.28-23.27.34:730][538]LogModuleManager: Shutting down and abandoning module AndroidPlatformEditor (174)
[2016.02.28-23.27.34:730][538]LogModuleManager: Shutting down and abandoning module IOSRuntimeSettings (173)
[2016.02.28-23.27.34:730][538]LogModuleManager: Shutting down and abandoning module AndroidRuntimeSettings (172)
[2016.02.28-23.27.34:730][538]LogModuleManager: Shutting down and abandoning module MergeActors (171)
[2016.02.28-23.27.34:730][538]LogModuleManager: Shutting down and abandoning module SizeMap (170)
[2016.02.28-23.27.34:730][538]LogModuleManager: Shutting down and abandoning module TreeMap (169)
[2016.02.28-23.27.34:730][538]LogModuleManager: Shutting down and abandoning module ReferenceViewer (168)
[2016.02.28-23.27.34:730][538]LogModuleManager: Shutting down and abandoning module LocalizationService (167)
[2016.02.28-23.27.34:730][538]LogModuleManager: Shutting down and abandoning module LocalizationDashboard (166)
[2016.02.28-23.27.34:730][538]LogModuleManager: Shutting down and abandoning module HardwareTargeting (165)
[2016.02.28-23.27.34:730][538]LogModuleManager: Shutting down and abandoning module DeviceProfileEditor (164)
[2016.02.28-23.27.34:730][538]LogModuleManager: Shutting down and abandoning module UndoHistory (163)
[2016.02.28-23.27.34:730][538]LogModuleManager: Shutting down and abandoning module GameplayTagsEditor (162)
[2016.02.28-23.27.34:730][538]LogModuleManager: Shutting down and abandoning module UserFeedback (161)
[2016.02.28-23.27.34:730][538]LogModuleManager: Shutting down and abandoning module XmlParser (160)
[2016.02.28-23.27.34:730][538]LogModuleManager: Shutting down and abandoning module Blutility (159)
[2016.02.28-23.27.34:730][538]LogModuleManager: Shutting down and abandoning module ProjectTargetPlatformEditor (158)
[2016.02.28-23.27.34:730][538]LogModuleManager: Shutting down and abandoning module ProjectSettingsViewer (157)
[2016.02.28-23.27.34:730][538]LogModuleManager: Shutting down and abandoning module InputBindingEditor (156)
[2016.02.28-23.27.34:731][538]LogModuleManager: Shutting down and abandoning module EditorSettingsViewer (155)
[2016.02.28-23.27.34:731][538]LogModuleManager: Shutting down and abandoning module SettingsEditor (154)
[2016.02.28-23.27.34:731][538]LogModuleManager: Shutting down and abandoning module ProjectLauncher (153)
[2016.02.28-23.27.34:731][538]LogModuleManager: Shutting down and abandoning module SessionFrontend (152)
[2016.02.28-23.27.34:731][538]LogModuleManager: Shutting down and abandoning module ProfilerClient (151)
[2016.02.28-23.27.34:731][538]LogModuleManager: Shutting down and abandoning module TargetDeviceServices (150)
[2016.02.28-23.27.34:731][538]LogModuleManager: Shutting down and abandoning module DeviceManager (149)
[2016.02.28-23.27.34:731][538]LogModuleManager: Shutting down and abandoning module AutomationController (148)
[2016.02.28-23.27.34:731][538]LogModuleManager: Shutting down and abandoning module AutomationWindow (147)
[2016.02.28-23.27.34:731][538]LogModuleManager: Shutting down and abandoning module Layers (146)
[2016.02.28-23.27.34:731][538]LogModuleManager: Shutting down and abandoning module ComponentVisualizers (145)
[2016.02.28-23.27.34:731][538]LogModuleManager: Shutting down and abandoning module DetailCustomizations (144)
[2016.02.28-23.27.34:731][538]LogModuleManager: Shutting down and abandoning module PackagesDialog (143)
[2016.02.28-23.27.34:731][538]LogModuleManager: Shutting down and abandoning module Persona (142)
[2016.02.28-23.27.34:731][538]LogModuleManager: Shutting down and abandoning module Kismet (141)
[2016.02.28-23.27.34:731][538]LogModuleManager: Shutting down and abandoning module GraphEditor (140)
[2016.02.28-23.27.34:731][538]LogModuleManager: Shutting down and abandoning module ClassViewer (139)
[2016.02.28-23.27.34:731][538]LogModuleManager: Shutting down and abandoning module Toolbox (138)
[2016.02.28-23.27.34:731][538]LogModuleManager: Shutting down and abandoning module ModuleUI (137)
[2016.02.28-23.27.34:731][538]LogModuleManager: Shutting down and abandoning module MovieSceneTools (136)
[2016.02.28-23.27.34:731][538]LogModuleManager: Shutting down and abandoning module OutputLog (135)
[2016.02.28-23.27.34:731][538]LogModuleManager: Shutting down and abandoning module GammaUI (134)
[2016.02.28-23.27.34:731][538]LogModuleManager: Shutting down and abandoning module Documentation (133)
[2016.02.28-23.27.34:731][538]LogModuleManager: Shutting down and abandoning module GameLiveStreaming (132)
[2016.02.28-23.27.34:731][538]LogModuleManager: Shutting down and abandoning module StreamingPauseRendering (131)
[2016.02.28-23.27.34:731][538]LogModuleManager: Shutting down and abandoning module AnalyticsET (130)
[2016.02.28-23.27.34:731][538]LogModuleManager: Shutting down and abandoning module Analytics (129)
[2016.02.28-23.27.34:731][538]LogModuleManager: Shutting down and abandoning module AITestSuite (128)
[2016.02.28-23.27.34:731][538]LogModuleManager: Shutting down and abandoning module GameplayDebugger (127)
[2016.02.28-23.27.34:731][538]LogModuleManager: Shutting down and abandoning module AIModule (126)
[2016.02.28-23.27.34:731][538]LogModuleManager: Shutting down and abandoning module ProfilerService (125)
[2016.02.28-23.27.34:882][538]LogModuleManager: Shutting down and abandoning module TaskGraph (124)
[2016.02.28-23.27.34:882][538]LogModuleManager: Shutting down and abandoning module SubstanceEditor (123)
[2016.02.28-23.27.34:882][538]LogModuleManager: Shutting down and abandoning module SlateRemote (122)
[2016.02.28-23.27.34:882][538]LogModuleManager: Shutting down and abandoning module SteamVRController (121)
[2016.02.28-23.27.34:882][538]LogModuleManager: Shutting down and abandoning module SteamVR (120)
[2016.02.28-23.27.34:882][538]LogModuleManager: Shutting down and abandoning module ProceduralMeshComponent (119)
[2016.02.28-23.27.34:882][538]LogModuleManager: Shutting down and abandoning module OculusLibrary (118)
[2016.02.28-23.27.34:882][538]LogModuleManager: Shutting down and abandoning module OculusInput (117)
[2016.02.28-23.27.34:882][538]LogModuleManager: Shutting down and abandoning module LeapMotionController (116)
[2016.02.28-23.27.34:897][538]LogModuleManager: Shutting down and abandoning module CustomMeshComponent (115)
[2016.02.28-23.27.34:897][538]LogModuleManager: Shutting down and abandoning module CableComponent (114)
[2016.02.28-23.27.34:897][538]LogModuleManager: Shutting down and abandoning module ArchVisCharacter (113)
[2016.02.28-23.27.34:897][538]LogModuleManager: Shutting down and abandoning module MessagingDebugger (112)
[2016.02.28-23.27.34:897][538]LogModuleManager: Shutting down and abandoning module MediaPlayerEditor (111)
[2016.02.28-23.27.34:897][538]LogModuleManager: Shutting down and abandoning module HTML5Networking (110)
[2016.02.28-23.27.34:897][538]LogModuleManager: Shutting down and abandoning module SpeedTreeImporter (109)
[2016.02.28-23.27.34:897][538]LogModuleManager: Shutting down and abandoning module PluginBrowser (108)
[2016.02.28-23.27.34:897][538]LogModuleManager: Shutting down and abandoning module EpicSurvey (107)
[2016.02.28-23.27.34:897][538]LogModuleManager: Shutting down and abandoning module DesktopPlatform (106)
[2016.02.28-23.27.34:897][538]LogModuleManager: Shutting down and abandoning module VisualStudioSourceCodeAccess (105)
[2016.02.28-23.27.34:897][538]LogModuleManager: Shutting down and abandoning module UObjectPlugin (104)
[2016.02.28-23.27.34:897][538]LogModuleManager: Shutting down and abandoning module SubversionSourceControl (103)
[2016.02.28-23.27.34:897][538]LogModuleManager: Shutting down and abandoning module PerforceSourceControl (102)
[2016.02.28-23.27.34:897][538]LogModuleManager: Shutting down and abandoning module SourceControl (101)
[2016.02.28-23.27.34:898][538]LogModuleManager: Shutting down and abandoning module GitSourceControl (100)
[2016.02.28-23.27.34:898][538]LogModuleManager: Shutting down and abandoning module LightPropagationVolumeEditor (99)
[2016.02.28-23.27.34:898][538]LogModuleManager: Shutting down and abandoning module PaperTiledImporter (98)
[2016.02.28-23.27.34:898][538]LogModuleManager: Shutting down and abandoning module PaperSpriteSheetImporter (97)
[2016.02.28-23.27.34:898][538]LogModuleManager: Shutting down and abandoning module MeshPaint (96)
[2016.02.28-23.27.34:898][538]LogModuleManager: Shutting down and abandoning module SlateReflector (95)
[2016.02.28-23.27.34:898][538]LogModuleManager: Shutting down and abandoning module HotReload (94)
[2016.02.28-23.27.34:898][538]LogModuleManager: Shutting down and abandoning module MainFrame (93)
[2016.02.28-23.27.34:898][538]LogModuleManager: Shutting down and abandoning module LevelEditor (92)
[2016.02.28-23.27.34:899][538]LogModuleManager: Shutting down and abandoning module ContentBrowser (91)
[2016.02.28-23.27.34:899][538]LogModuleManager: Shutting down and abandoning module Paper2DEditor (90)
[2016.02.28-23.27.34:899][538]LogModuleManager: Shutting down and abandoning module UdpMessaging (89)
[2016.02.28-23.27.34:999][538]LogModuleManager: Shutting down and abandoning module DirectoryWatcher (88)
[2016.02.28-23.27.34:999][538]LogModuleManager: Shutting down and abandoning module AssetRegistry (87)
[2016.02.28-23.27.35:164][538]LogModuleManager: Shutting down and abandoning module SubstanceCore (86)
[2016.02.28-23.27.35:164][538]LogModuleManager: Shutting down and abandoning module LightPropagationVolumeRuntime (85)
[2016.02.28-23.27.35:164][538]LogModuleManager: Shutting down and abandoning module Paper2D (84)
[2016.02.28-23.27.35:164][538]LogModuleManager: Shutting down and abandoning module WindowsMoviePlayer (83)
[2016.02.28-23.27.35:169][538]LogModuleManager: Shutting down and abandoning module Media (82)
[2016.02.28-23.27.35:169][538]LogModuleManager: Shutting down and abandoning module WmfMedia (81)
[2016.02.28-23.27.35:169][538]LogModuleManager: Shutting down and abandoning module OnlineBlueprintSupport (80)
[2016.02.28-23.27.35:169][538]LogModuleManager: Shutting down and abandoning module GameplayTasksEditor (79)
[2016.02.28-23.27.35:169][538]LogModuleManager: Shutting down and abandoning module PropertyEditor (78)
[2016.02.28-23.27.35:169][538]LogModuleManager: Shutting down and abandoning module BehaviorTreeEditor (77)
[2016.02.28-23.27.35:169][538]LogModuleManager: Shutting down and abandoning module FunctionalTesting (76)
[2016.02.28-23.27.35:169][538]LogModuleManager: Shutting down and abandoning module CollisionAnalyzer (75)
[2016.02.28-23.27.35:169][538]LogModuleManager: Shutting down and abandoning module WorkspaceMenuStructure (74)
[2016.02.28-23.27.35:169][538]LogModuleManager: Shutting down and abandoning module MessageLog (73)
[2016.02.28-23.27.35:169][538]LogModuleManager: Shutting down and abandoning module Sequencer (72)
[2016.02.28-23.27.35:169][538]LogModuleManager: Shutting down and abandoning module AssetTools (71)
[2016.02.28-23.27.35:169][538]LogModuleManager: Shutting down and abandoning module UMGEditor (70)
[2016.02.28-23.27.35:169][538]LogModuleManager: Shutting down and abandoning module UMG (69)
[2016.02.28-23.27.35:169][538]LogModuleManager: Shutting down and abandoning module Slate (68)
[2016.02.28-23.27.35:169][538]LogModuleManager: Shutting down and abandoning module EditorStyle (67)
[2016.02.28-23.27.35:171][538]LogModuleManager: Shutting down and abandoning module SessionServices (66)
[2016.02.28-23.27.35:171][538]LogModuleManager: Shutting down and abandoning module SourceCodeAccess (65)
[2016.02.28-23.27.35:171][538]LogModuleManager: Shutting down and abandoning module HeadMountedDisplay (64)
[2016.02.28-23.27.35:171][538]LogModuleManager: Shutting down and abandoning module XAudio2 (63)
[2016.02.28-23.27.35:172][538]LogModuleManager: Shutting down and abandoning module Networking (61)
[2016.02.28-23.27.35:172][538]LogModuleManager: Shutting down and abandoning module Core (60)
[2016.02.28-23.27.35:172][538]LogModuleManager: Shutting down and abandoning module KismetCompiler (59)
[2016.02.28-23.27.35:172][538]LogModuleManager: Shutting down and abandoning module PhysXFormats (58)
[2016.02.28-23.27.35:172][538]LogModuleManager: Shutting down and abandoning module MeshUtilities (57)
[2016.02.28-23.27.35:172][538]LogModuleManager: Shutting down and abandoning module DerivedDataCache (56)
[2016.02.28-23.27.35:210][538]LogDerivedDataCache: Shutdown
[2016.02.28-23.27.35:210][538]LogModuleManager: Shutting down and abandoning module ShaderFormatOpenGL (55)
[2016.02.28-23.27.35:210][538]LogModuleManager: Shutting down and abandoning module ShaderFormatD3D (54)
[2016.02.28-23.27.35:210][538]LogModuleManager: Shutting down and abandoning module MetalShaderFormat (53)
[2016.02.28-23.27.35:210][538]LogModuleManager: Shutting down and abandoning module TextureFormatUncompressed (52)
[2016.02.28-23.27.35:210][538]LogModuleManager: Shutting down and abandoning module TextureFormatPVR (51)
[2016.02.28-23.27.35:210][538]LogModuleManager: Shutting down and abandoning module TextureFormatIntelISPCTexComp (50)
[2016.02.28-23.27.35:210][538]LogModuleManager: Shutting down and abandoning module TextureFormatDXT (49)
[2016.02.28-23.27.35:210][538]LogModuleManager: Shutting down and abandoning module ImageWrapper (48)
[2016.02.28-23.27.35:210][538]LogModuleManager: Shutting down and abandoning module TextureFormatASTC (47)
[2016.02.28-23.27.35:210][538]LogModuleManager: Shutting down and abandoning module TextureFormatAndroid (46)
[2016.02.28-23.27.35:210][538]LogModuleManager: Shutting down and abandoning module AudioFormatOpus (45)
[2016.02.28-23.27.35:210][538]LogModuleManager: Shutting down and abandoning module AudioFormatOgg (44)
[2016.02.28-23.27.35:210][538]LogModuleManager: Shutting down and abandoning module AudioFormatADPCM (43)
[2016.02.28-23.27.35:210][538]LogModuleManager: Shutting down and abandoning module LinuxTargetPlatform (42)
[2016.02.28-23.27.35:210][538]LogModuleManager: Shutting down and abandoning module LinuxServerTargetPlatform (41)
[2016.02.28-23.27.35:210][538]LogModuleManager: Shutting down and abandoning module LinuxNoEditorTargetPlatform (40)
[2016.02.28-23.27.35:210][538]LogModuleManager: Shutting down and abandoning module Messaging (39)
[2016.02.28-23.27.35:210][538]LogModuleManager: Shutting down and abandoning module IOSTargetPlatform (38)
[2016.02.28-23.27.35:210][538]LogModuleManager: Shutting down and abandoning module HTML5TargetPlatform (37)
[2016.02.28-23.27.35:210][538]LogModuleManager: Shutting down and abandoning module Android_PVRTCTargetPlatform (36)
[2016.02.28-23.27.35:210][538]LogModuleManager: Shutting down and abandoning module Android_MultiTargetPlatform (35)
[2016.02.28-23.27.35:210][538]LogModuleManager: Shutting down and abandoning module Android_ETC2TargetPlatform (34)
[2016.02.28-23.27.35:210][538]LogModuleManager: Shutting down and abandoning module Android_ETC1TargetPlatform (33)
[2016.02.28-23.27.35:210][538]LogModuleManager: Shutting down and abandoning module Android_DXTTargetPlatform (32)
[2016.02.28-23.27.35:210][538]LogModuleManager: Shutting down and abandoning module Android_ATCTargetPlatform (31)
[2016.02.28-23.27.35:210][538]LogModuleManager: Shutting down and abandoning module Android_ASTCTargetPlatform (30)
[2016.02.28-23.27.35:210][538]LogModuleManager: Shutting down and abandoning module AndroidTargetPlatform (29)
[2016.02.28-23.27.35:211][538]LogModuleManager: Shutting down and abandoning module WindowsTargetPlatform (28)
[2016.02.28-23.27.35:211][538]LogModuleManager: Shutting down and abandoning module WindowsServerTargetPlatform (27)
[2016.02.28-23.27.35:211][538]LogModuleManager: Shutting down and abandoning module WindowsNoEditorTargetPlatform (26)
[2016.02.28-23.27.35:211][538]LogModuleManager: Shutting down and abandoning module WindowsClientTargetPlatform (25)
[2016.02.28-23.27.35:211][538]LogModuleManager: Shutting down and abandoning module AllDesktopTargetPlatform (24)
[2016.02.28-23.27.35:211][538]LogModuleManager: Shutting down and abandoning module TargetPlatform (23)
[2016.02.28-23.27.35:211][538]LogModuleManager: Shutting down and abandoning module InputCore (22)
[2016.02.28-23.27.35:211][538]LogModuleManager: Shutting down and abandoning module Settings (21)
[2016.02.28-23.27.35:211][538]LogModuleManager: Shutting down and abandoning module OnlineSubsystem (19)
[2016.02.28-23.27.35:211][538]LogModuleManager: Shutting down and abandoning module HTTP (18)
[2016.02.28-23.27.37:211][538]LogModuleManager: Shutting down and abandoning module XMPP (17)
[2016.02.28-23.27.37:211][538]LogModuleManager: Shutting down and abandoning module OculusRift (16)
[2016.02.28-23.27.37:211][538]LogHMD: Oculus shutdown.
[2016.02.28-23.27.37:211][538]LogModuleManager: Shutting down and abandoning module ExampleDeviceProfileSelector (15)
[2016.02.28-23.27.37:211][538]LogModuleManager: Shutting down and abandoning module TextureCompressor (14)
[2016.02.28-23.27.37:211][538]LogModuleManager: Shutting down and abandoning module ShaderCore (13)
[2016.02.28-23.27.37:211][538]LogModuleManager: Shutting down and abandoning module Landscape (12)
[2016.02.28-23.27.37:211][538]LogModuleManager: Shutting down and abandoning module SlateRHIRenderer (11)
[2016.02.28-23.27.37:214][538]LogModuleManager: Shutting down and abandoning module OpenGLDrv (10)
[2016.02.28-23.27.37:214][538]LogModuleManager: Shutting down and abandoning module D3D11RHI (9)
[2016.02.28-23.27.37:214][538]LogModuleManager: Shutting down and abandoning module AnimGraphRuntime (8)
[2016.02.28-23.27.37:214][538]LogModuleManager: Shutting down and abandoning module Renderer (7)
[2016.02.28-23.27.37:214][538]LogModuleManager: Shutting down and abandoning module Engine (6)
[2016.02.28-23.27.37:214][538]LogModuleManager: Shutting down and abandoning module CoreUObject (5)
[2016.02.28-23.27.37:214][538]LogModuleManager: Shutting down and abandoning module NetworkFile (4)
[2016.02.28-23.27.37:214][538]LogModuleManager: Shutting down and abandoning module StreamingFile (3)
[2016.02.28-23.27.37:214][538]LogModuleManager: Shutting down and abandoning module SandboxFile (2)
[2016.02.28-23.27.37:214][538]LogModuleManager: Shutting down and abandoning module PakFile (1)
[2016.02.28-23.27.37:216][538]LogExit: Exiting.
[2016.02.28-23.27.37:218][538]Log file closed, 02/29/16 01:27:37
