[2016.02.26-19.00.33:927][  0]Log file open, 02/26/16 21:00:33
[2016.02.26-19.00.33:927][  0]LogInit:Display: Running engine for game: TPS_Arena
[2016.02.26-19.00.33:927][  0]LogPlatformFile: Not using cached read wrapper
[2016.02.26-19.00.33:927][  0]LogInit:Display: RandInit(181611382) SRandInit(181611386).
[2016.02.26-19.00.33:927][  0]LogTaskGraph: Started task graph with 4 named threads and 7 total threads.
[2016.02.26-19.00.33:927][  0]LogStats: Stats thread started at 0.081607
[2016.02.26-19.00.33:927][  0]LogInit: Version: 4.10.4-2872498+++depot+UE4-Releases+4.10
[2016.02.26-19.00.33:927][  0]LogInit: API Version: 2758231
[2016.02.26-19.00.33:927][  0]LogInit: Compiled (64-bit): Feb 18 2016 15:47:04
[2016.02.26-19.00.33:927][  0]LogInit: Compiled with Visual C++: 19.00.23026.00
[2016.02.26-19.00.33:927][  0]LogInit: Build Configuration: Development
[2016.02.26-19.00.33:927][  0]LogInit: Branch Name: ++depot+UE4-Releases+4.10
[2016.02.26-19.00.33:927][  0]LogInit: Command line:  
[2016.02.26-19.00.33:927][  0]LogInit: Base directory: D:/Engine/Epic Games/4.10/Engine/Binaries/Win64/
[2016.02.26-19.00.33:927][  0]LogInit: Rocket: 1
[2016.02.26-19.00.33:937][  0]LogInit: Using libcurl 7.41.0
[2016.02.26-19.00.33:937][  0]LogInit:  - built for x86_64-pc-win32
[2016.02.26-19.00.33:937][  0]LogInit:  - supports SSL with WinSSL
[2016.02.26-19.00.33:937][  0]LogInit:  - other features:
[2016.02.26-19.00.33:937][  0]LogInit:      CURL_VERSION_SSL
[2016.02.26-19.00.33:937][  0]LogInit:      CURL_VERSION_IPV6
[2016.02.26-19.00.33:937][  0]LogInit:      CURL_VERSION_ASYNCHDNS
[2016.02.26-19.00.33:937][  0]LogInit:      CURL_VERSION_LARGEFILE
[2016.02.26-19.00.33:937][  0]LogInit:      CURL_VERSION_IDN
[2016.02.26-19.00.33:937][  0]LogInit:  CurlRequestOptions (configurable via config and command line):
[2016.02.26-19.00.33:937][  0]LogInit:  - bVerifyPeer = true  - Libcurl will verify peer certificate
[2016.02.26-19.00.33:937][  0]LogInit:  - bUseHttpProxy = false  - Libcurl will NOT use HTTP proxy
[2016.02.26-19.00.33:937][  0]LogInit:  - bDontReuseConnections = false  - Libcurl will reuse connections
[2016.02.26-19.00.33:937][  0]LogInit:  - CertBundlePath = nullptr  - Libcurl will use whatever was configured at build time.
[2016.02.26-19.00.33:946][  0]LogInit: Presizing for 0 objects not considered by GC, pre-allocating 0 bytes.
[2016.02.26-19.00.33:956][  0]LogInit: Object subsystem initialized
[2016.02.26-19.00.33:958][  0]LogInit: Selected Device Profile: [Windows]
[2016.02.26-19.00.33:958][  0]LogInit: Applying CVar settings loaded from the selected device profile: [Windows]
[2016.02.26-19.00.33:967][  0]LogInit: Computer: MIHAI-PC
[2016.02.26-19.00.33:967][  0]LogInit: User: Mihai
[2016.02.26-19.00.33:967][  0]LogInit: CPU Page size=4096, Cores=4
[2016.02.26-19.00.33:967][  0]LogInit: High frequency timer resolution =2.732460 MHz
[2016.02.26-19.00.33:967][  0]LogMemory: Memory total: Physical=10.0GB (10GB approx)
[2016.02.26-19.00.33:967][  0]LogMemory: Platform Memory Stats for Windows
[2016.02.26-19.00.33:967][  0]LogMemory: Process Physical Memory: 56.99 MB used, 56.99 MB peak
[2016.02.26-19.00.33:967][  0]LogMemory: Process Virtual Memory: 58.85 MB used, 58.85 MB peak
[2016.02.26-19.00.33:967][  0]LogMemory: Physical Memory: 6948.59 MB used, 10231.49 MB total
[2016.02.26-19.00.33:967][  0]LogMemory: Virtual Memory: 364.77 MB used, 8388608.00 MB total
[2016.02.26-19.00.34:025][  0]LogTextLocalizationManager: No specific translations for ('en-US') exist, so ('en') translations will be used.
[2016.02.26-19.00.34:603][  0]LogD3D11RHI: Found D3D11 adapter 0: NVIDIA GeForce GTX 970 (Feature Level 11_0)
[2016.02.26-19.00.34:603][  0]LogD3D11RHI: Adapter has 4007MB of dedicated video memory, 0MB of dedicated system memory, and 4859MB of shared system memory, 2 output[s]
[2016.02.26-19.00.34:603][  0]LogD3D11RHI: Chosen D3D11 Adapter Id = 0
[2016.02.26-19.00.34:622][  0]LogD3D11RHI: !Direct3DDevice
[2016.02.26-19.00.34:623][  0]LogRHI: Texture pool is 1361 MB (70% of 1945 MB)
[2016.02.26-19.00.34:635][  0]LogD3D11RHI: Async texture creation enabled
[2016.02.26-19.00.34:654][  0]LogShaderCompilers: Guid format shader working directory is 3 characters bigger than the processId version (../../../../../../Projects/Unreal/TPS_Arena/Intermediate/Shaders/WorkingDirectory/5724/).
[2016.02.26-19.00.34:654][  0]LogShaderCompilers: Cleaned the shader compiler working directory 'C:/Users/Mihai/AppData/Local/Temp/UnrealShaderWorkingDir/2F3A441643F46A3D6E2EC6B5D3B59A30/'.
[2016.02.26-19.00.34:654][  0]LogShaderCompilers:Display: Using Local Shader Compiler.
[2016.02.26-19.00.35:614][  0]LogTemp:Display: Loaded TP AllDesktopTargetPlatform
[2016.02.26-19.00.35:620][  0]LogTemp:Display: Loaded TP WindowsClientTargetPlatform
[2016.02.26-19.00.35:625][  0]LogTemp:Display: Loaded TP WindowsNoEditorTargetPlatform
[2016.02.26-19.00.35:631][  0]LogTemp:Display: Loaded TP WindowsServerTargetPlatform
[2016.02.26-19.00.35:636][  0]LogTemp:Display: Loaded TP WindowsTargetPlatform
[2016.02.26-19.00.35:640][  0]LogTemp:Display: Loaded TP AndroidTargetPlatform
[2016.02.26-19.00.35:643][  0]LogTemp:Display: Loaded TP Android_ASTCTargetPlatform
[2016.02.26-19.00.35:647][  0]LogTemp:Display: Loaded TP Android_ATCTargetPlatform
[2016.02.26-19.00.35:650][  0]LogTemp:Display: Loaded TP Android_DXTTargetPlatform
[2016.02.26-19.00.35:653][  0]LogTemp:Display: Loaded TP Android_ETC1TargetPlatform
[2016.02.26-19.00.35:657][  0]LogTemp:Display: Loaded TP Android_ETC2TargetPlatform
[2016.02.26-19.00.35:664][  0]LogTemp:Display: Loaded TP Android_MultiTargetPlatform
[2016.02.26-19.00.35:664][  0]LogTemp:Display: Loaded TP Android_PVRTCTargetPlatform
[2016.02.26-19.00.35:665][  0]LogTemp:Display: Loaded TP HTML5TargetPlatform
[2016.02.26-19.00.35:682][  0]LogTemp:Display: Loaded TP IOSTargetPlatform
[2016.02.26-19.00.35:685][  0]LogTemp:Display: Loaded TP LinuxNoEditorTargetPlatform
[2016.02.26-19.00.35:688][  0]LogTemp:Display: Loaded TP LinuxServerTargetPlatform
[2016.02.26-19.00.35:691][  0]LogTemp:Display: Loaded TP LinuxTargetPlatform
[2016.02.26-19.00.35:691][  0]LogTargetPlatformManager:Display: Building Assets For Windows
[2016.02.26-19.00.35:791][  0]LogDerivedDataCache:Display: Max Cache Size: 512 MB
[2016.02.26-19.00.35:857][  0]LogDerivedDataCache: Loaded boot cache 0.07s 41MB C:/Users/Mihai/AppData/Local/UnrealEngine/4.10/DerivedDataCache/Boot.ddc.
[2016.02.26-19.00.35:857][  0]LogDerivedDataCache:Display: Loaded Boot cache: C:/Users/Mihai/AppData/Local/UnrealEngine/4.10/DerivedDataCache/Boot.ddc
[2016.02.26-19.00.35:858][  0]LogDerivedDataCache: FDerivedDataBackendGraph:  Pak pak cache file ../../../../../../Projects/Unreal/TPS_Arena/DerivedDataCache/DDC.ddp not found, will not use a pak cache.
[2016.02.26-19.00.35:858][  0]LogDerivedDataCache: Unable to find inner node Pak for hierarchical cache Hierarchy.
[2016.02.26-19.00.35:858][  0]LogDerivedDataCache: FDerivedDataBackendGraph:  CompressedPak pak cache file ../../../../../../Projects/Unreal/TPS_Arena/DerivedDataCache/Compressed.ddp not found, will not use a pak cache.
[2016.02.26-19.00.35:858][  0]LogDerivedDataCache: Unable to find inner node CompressedPak for hierarchical cache Hierarchy.
[2016.02.26-19.00.35:938][  0]LogDerivedDataCache:Display: Pak cache opened for reading ../../../Engine/DerivedDataCache/Compressed.ddp.
[2016.02.26-19.00.35:949][  0]LogDerivedDataCache: Using Local data cache path C:/Users/Mihai/AppData/Local/UnrealEngine/Common/DerivedDataCache: Writable
[2016.02.26-19.00.36:171][  0]LogInit: Selected Device Profile: [Windows]
[2016.02.26-19.00.36:171][  0]LogContentStreaming: Texture pool size is 0.000000MB
[2016.02.26-19.00.36:215][  0]LogMeshUtilities: No automatic mesh reduction module available
[2016.02.26-19.00.36:215][  0]LogMeshUtilities: No automatic mesh merging module available
[2016.02.26-19.00.36:638][  0]LogInit: WinSock: version 1.1 (2.2), MaxSocks=32767, MaxUdp=65467
[2016.02.26-19.00.37:574][  0]LogAssetRegistry: FAssetRegistry took 0.0099 seconds to start up
[2016.02.26-19.00.37:593][  0]UdpMessaging: Initializing bridge on interface 0.0.0.0:0 to multicast group 230.0.0.1:6666.
[2016.02.26-19.00.37:873][  0]SourceControl: Info Source control is disabled
[2016.02.26-19.00.37:985][  0]SourceControl: Info Source control is disabled
[2016.02.26-19.00.37:998][  0]SourceControl: Info Source control is disabled
[2016.02.26-19.00.38:011][  0]SourceControl: Info Source control is disabled
[2016.02.26-19.00.38:300][  0]LogObj: 28802 objects as part of root set at end of initial load.
[2016.02.26-19.00.38:300][  0]LogUObjectAllocator: 6129776 out of 0 bytes used by permanent object pool.
[2016.02.26-19.00.38:370][  0]LogEngine: Initializing Engine...
[2016.02.26-19.00.38:371][  0]OCULUS: Info: 02/26/16 19:00:38: [CAPI] LibOVR module is located at C:\Windows\system32\LibOVRRT64_0_8.dll

[2016.02.26-19.00.38:372][  0]OCULUS: Info: 02/26/16 19:00:38: [IPC] Call Stats for SetInitialState : x1: C2S=17.9326, S2C=4.02568, Runtime=47.9421 (microseconds) C2Ssize=80, S2Csize=81 (bytes)

[2016.02.26-19.00.38:372][  0]OCULUS: Info: 02/26/16 19:00:38: [IPC] Call Stats for IsLatencyTesterAvailable : x1: C2S=8.05135, S2C=2.56179, Runtime=0.731941 (microseconds) C2Ssize=33, S2Csize=18 (bytes)

[2016.02.26-19.00.38:382][  0]LogHMD: SteamVR failed to initialize.  Err: 110
[2016.02.26-19.00.38:544][  0]LogAIModule: Creating AISystem for world NewWorld
[2016.02.26-19.00.38:552][  0]LogInit: XAudio2 using 'Speakers / Headphones (Plantronics HD1)' : 8 channels at 48 kHz using 24 bits per sample (channel mask 0x63f)
[2016.02.26-19.00.38:583][  0]LogInit: FAudioDevice initialized.
[2016.02.26-19.00.38:614][  0]LogDerivedDataCache: Saved boot cache 0.03s 41MB C:/Users/Mihai/AppData/Local/UnrealEngine/4.10/DerivedDataCache/Boot.ddc.
[2016.02.26-19.00.38:624][  0]LogInit: Texture streaming: Enabled
[2016.02.26-19.00.38:632][  0]LogAnalytics: Creating configured Analytics provider AnalyticsET
[2016.02.26-19.00.38:632][  0]LogAnalytics: [UEEditor.Rocket.Release] APIServer = http://et2.epicgames.com/ET2/. AppVersion = 4.10.4-2872498+++depot+UE4-Releases+4.10
[2016.02.26-19.00.38:632][  0]LogAnalytics: [UEEditor.Rocket.Release] SetUserId 3cb8ffe24e727d20e488f6a0703d071e|cfb1085945c1478380d1e808dae35820|2cf12e5c-4aaa-4bd5-bb24-20c657141085
[2016.02.26-19.00.38:632][  0]LogAnalytics: [UEEditor.Rocket.Release] AnalyticsET::StartSession
[2016.02.26-19.00.38:643][  0]LogInit: Transaction tracking system initialized
[2016.02.26-19.00.38:676][  0]BlueprintLog: New page: Editor Load
[2016.02.26-19.00.38:771][  0]LocalizationService: Info Localization service is disabled
[2016.02.26-19.00.38:842][  0]LogLinker:Warning: Can't find file '/Game/ThirdPersonBP/ThirdPersonOverview'
[2016.02.26-19.00.38:842][  0]LogLinker:Warning: Can't find file '/Game/ThirdPersonBP/ThirdPersonOverview'
[2016.02.26-19.00.38:842][  0]LogUObjectGlobals:Warning: Failed to find object 'Class /Game/ThirdPersonBP/ThirdPersonOverview.ThirdPersonOverview_C'
[2016.02.26-19.00.38:856][  0]LogConsoleResponse:Display: 
[2016.02.26-19.00.38:989][  0]LogCook:Display: Done creating registry. It took  0.00s.
[2016.02.26-19.00.39:055][  0]LogFileCache: Scanning file cache for directory 'D:/Projects/Unreal/TPS_Arena/Content/' took 0.02s
[2016.02.26-19.00.39:055][  0]SourceControl: Info Source control is disabled
[2016.02.26-19.00.39:055][  0]Cmd: MAP LOAD FILE="../../../../../../Projects/Unreal/TPS_Arena/Content/Levels/characterTesting.umap" TEMPLATE=0 SHOWPROGRESS=1 FEATURELEVEL=3
[2016.02.26-19.00.39:056][  0]LightingResults: New page: Lighting Build
[2016.02.26-19.00.39:060][  0]MapCheck: New page: Map Check
[2016.02.26-19.00.39:060][  0]LightingResults: New page: Lighting Build
[2016.02.26-19.00.39:075][  0]LogParticles: Destroying 0 GPU particle simulations for FXSystem 0x0000000023C5EAC0
[2016.02.26-19.00.39:458][  0]LogAIModule: Creating AISystem for world characterTesting
[2016.02.26-19.00.39:465][  0]LogEditorServer: Finished looking for orphan Actors (0.000 secs)
[2016.02.26-19.00.39:466][  0]Cmd: MAP CHECKDEP NOCLEARLOG
[2016.02.26-19.00.39:522][  0]MapCheck: Info Map check complete: 0 Error(s), 0 Warning(s), took 55.139ms to complete.
[2016.02.26-19.00.39:522][  0]LogFileHelpers: Loading map 'characterTesting' took 0.467
[2016.02.26-19.00.39:637][  0]LogCollectionManager: Loaded 0 collections in 0.002332 seconds
[2016.02.26-19.00.39:678][  0]LogFileCache: Scanning file cache for directory 'D:/Projects/Unreal/TPS_Arena/Saved/Collections/' took 0.01s
[2016.02.26-19.00.39:678][  0]LogFileCache: Scanning file cache for directory 'D:/Projects/Unreal/TPS_Arena/Content/Developers/Mihai/Collections/' took 0.01s
[2016.02.26-19.00.39:678][  0]LogFileCache: Scanning file cache for directory 'D:/Projects/Unreal/TPS_Arena/Content/Collections/' took 0.01s
[2016.02.26-19.00.39:678][  0]LogCollectionManager: Rebuilt the GUID cache for 0 collections in 0.000002 seconds
[2016.02.26-19.00.39:688][  0]LogContentBrowser: Native class hierarchy populated in 0.0098 seconds. Added 1908 classes and 344 folders.
[2016.02.26-19.00.39:696][  0]LogContentBrowser: Native class hierarchy updated for 'WidgetCarousel' in 0.0004 seconds. Added 0 classes and 0 folders.
[2016.02.26-19.00.39:743][  0]LogContentBrowser: Native class hierarchy updated for 'AddContentDialog' in 0.0004 seconds. Added 0 classes and 0 folders.
[2016.02.26-19.00.39:748][  0]LogContentBrowser: Native class hierarchy updated for 'SceneOutliner' in 0.0004 seconds. Added 1 classes and 2 folders.
[2016.02.26-19.00.39:769][  0]LogCrashTracker: Crashtracker disabled due to settings.
[2016.02.26-19.00.39:773][  0]LogUObjectGlobals:Warning: Failed to find object 'Class None.'
[2016.02.26-19.00.39:794][  0]LogLoad: Full Startup: 6.36 seconds (BP compile: 0.05 seconds)
[2016.02.26-19.00.39:803][  0]LogOcInput: OculusInput is initialized. Init status 0. Runtime version: 0.8.0.0
[2016.02.26-19.00.39:861][  0]LogContentStreaming: Texture pool size now 1000 MB
[2016.02.26-19.00.40:054][  0]LogRenderer: Reallocating scene render targets to support 1208x572 (Frame:2).
[2016.02.26-19.00.40:251][  3]LogAssetRegistry: Asset discovery search completed in 2.6863 seconds
[2016.02.26-19.00.40:251][  3]LogCollectionManager: Rebuilt the object cache for 0 collections in 0.000001 seconds (found 0 objects)
[2016.02.26-19.00.40:251][  3]LogCollectionManager: Fixed up redirectors for 0 collections in 0.000022 seconds (updated 0 objects)
[2016.02.26-19.00.48:375][721]LogLinker:Warning: Asset '../../../Engine/Content/ArtTools/RenderToTexture/Macros/RenderToTextureMacros.uasset' has been saved with empty engine version. The asset will be loaded but may be incompatible.
[2016.02.26-19.00.48:951][721]LogContentBrowser: Native class hierarchy updated for 'BlueprintGraph' in 0.0009 seconds. Added 107 classes and 0 folders.
[2016.02.26-19.00.54:595][955]BlueprintLog: New page: Compile Weapon_Master_BP
[2016.02.26-19.00.54:777][955]BlueprintEditorCompileResults: Info [0021.35] Compile of Weapon_Master_BP successful! [in 182 ms]
[2016.02.26-19.00.55:366][976]Cmd: OBJ SAVEPACKAGE PACKAGE="/Game/Weapons/Weapon_Master_BP" FILE="../../../../../../Projects/Unreal/TPS_Arena/Content/Weapons/Weapon_Master_BP.uasset" SILENT=true
[2016.02.26-19.00.55:586][976]LogSavePackage: Save=180.607224ms
[2016.02.26-19.00.55:586][976]LogSavePackage: Moving '../../../../../../Projects/Unreal/TPS_Arena/Saved/Weapon_Master_BP88A2DD694CDDAA172261058C6CDCB6BC.tmp' to '../../../../../../Projects/Unreal/TPS_Arena/Content/Weapons/Weapon_Master_BP.uasset'
[2016.02.26-19.00.55:588][976]LogSavePackage: Total save time: 221.515045ms
[2016.02.26-19.00.55:588][976]LogSavePackage:Display: Finished SavePackage ../../../../../../Projects/Unreal/TPS_Arena/Content/Weapons/Weapon_Master_BP.uasset
[2016.02.26-19.00.59:513][198]LogPlayLevel: PlayLevel: No blueprints needed recompiling
[2016.02.26-19.00.59:513][198]PIE: New page: PIE session: characterTesting (Feb 26, 2016, 11:00:59 PM)
[2016.02.26-19.00.59:513][198]LogPlayLevel: Creating play world package: /Game/Levels/UEDPIE_0_characterTesting
[2016.02.26-19.00.59:519][198]LogPlayLevel: PIE: StaticDuplicateObject took: (0.006215s)
[2016.02.26-19.00.59:520][198]LogAIModule: Creating AISystem for world characterTesting
[2016.02.26-19.00.59:520][198]LogPlayLevel: PIE: World Init took: (0.000865s)
[2016.02.26-19.00.59:520][198]LogPlayLevel: PIE: Created PIE world by copying editor world from /Game/Levels/characterTesting.characterTesting to /Game/Levels/UEDPIE_0_characterTesting.characterTesting (0.007332s)
[2016.02.26-19.00.59:556][198]LogInit: XAudio2 using 'Speakers / Headphones (Plantronics HD1)' : 8 channels at 48 kHz using 24 bits per sample (channel mask 0x63f)
[2016.02.26-19.00.59:563][198]LogInit: FAudioDevice initialized.
[2016.02.26-19.00.59:640][198]LogWorld: Game class is 'ThirdPersonGameMode_C'
[2016.02.26-19.00.59:644][198]LogWorld: Bringing World /Game/Levels/UEDPIE_0_characterTesting.characterTesting up for play (max tick rate 0) at 2016.02.26-21.00.59
[2016.02.26-19.00.59:644][198]LogActor:Warning: GameSession /Game/Levels/UEDPIE_0_characterTesting.characterTesting:PersistentLevel.GameSession_0 has natively added scene component(s), but none of them were set as the actor's RootComponent - picking one arbitrarily
[2016.02.26-19.00.59:644][198]LogActor:Warning: GameNetworkManager /Game/Levels/UEDPIE_0_characterTesting.characterTesting:PersistentLevel.GameNetworkManager_0 has natively added scene component(s), but none of them were set as the actor's RootComponent - picking one arbitrarily
[2016.02.26-19.00.59:644][198]LogWorld: Bringing up level for play took: 0.002637
[2016.02.26-19.00.59:648][198]PIE: Info Play in editor start time for /Game/Levels/UEDPIE_0_characterTesting 0.474
[2016.02.26-19.01.09:276][343]LogBlueprintUserMessages: [Weapon_Master_BP_C_6] Hello
[2016.02.26-19.01.10:145][437]LogBlueprintUserMessages: [Weapon_Master_BP_C_6] Hello
[2016.02.26-19.01.11:518][601]LogBlueprintUserMessages: [Weapon_Master_BP_C_6] Hello
[2016.02.26-19.01.14:043][903]LogBlueprintUserMessages: [Weapon_Master_BP_C_6] Hello
[2016.02.26-19.01.15:883][122]LogBlueprintUserMessages: [Weapon_Master_BP_C_6] Hello
[2016.02.26-19.01.16:516][197]LogBlueprintUserMessages: [Weapon_Master_BP_C_6] Hello
[2016.02.26-19.01.17:034][258]LogBlueprintUserMessages: [Weapon_Master_BP_C_6] Hello
[2016.02.26-19.01.17:294][288]LogBlueprintUserMessages: [Weapon_Master_BP_C_6] Hello
[2016.02.26-19.01.17:612][325]LogBlueprintUserMessages: [Weapon_Master_BP_C_6] Hello
[2016.02.26-19.01.17:888][357]LogBlueprintUserMessages: [Weapon_Master_BP_C_6] Hello
[2016.02.26-19.01.18:178][390]LogBlueprintUserMessages: [Weapon_Master_BP_C_6] Hello
[2016.02.26-19.01.18:424][418]LogBlueprintUserMessages: [Weapon_Master_BP_C_6] Hello
[2016.02.26-19.01.18:747][454]LogBlueprintUserMessages: [Weapon_Master_BP_C_6] Hello
[2016.02.26-19.01.22:537][887]LogBlueprintUserMessages: [Weapon_Master_BP_C_6] Hello
[2016.02.26-19.01.22:918][930]LogBlueprintUserMessages: [Weapon_Master_BP_C_6] Hello
[2016.02.26-19.01.23:169][957]LogBlueprintUserMessages: [Weapon_Master_BP_C_6] Hello
[2016.02.26-19.01.25:413][200]LogBlueprintUserMessages: [Weapon_Master_BP_C_6] Hello
[2016.02.26-19.01.26:364][306]LogBlueprintUserMessages: [Weapon_Master_BP_C_6] Hello
[2016.02.26-19.01.26:563][328]LogBlueprintUserMessages: [Weapon_Master_BP_C_6] Hello
[2016.02.26-19.01.26:869][361]LogBlueprintUserMessages: [Weapon_Master_BP_C_6] Hello
[2016.02.26-19.01.27:132][389]LogBlueprintUserMessages: [Weapon_Master_BP_C_6] Hello
[2016.02.26-19.01.27:364][413]LogBlueprintUserMessages: [Weapon_Master_BP_C_6] Hello
[2016.02.26-19.01.27:633][441]LogBlueprintUserMessages: [Weapon_Master_BP_C_6] Hello
[2016.02.26-19.01.27:853][463]LogBlueprintUserMessages: [Weapon_Master_BP_C_6] Hello
[2016.02.26-19.01.32:540][943]LogBlueprintUserMessages: [Weapon_Master_BP_C_6] Hello
[2016.02.26-19.01.33:240][ 15]LogBlueprintUserMessages: [Weapon_Master_BP_C_6] Hello
[2016.02.26-19.01.35:623][259]LogBlueprintUserMessages: [Weapon_Master_BP_C_6] Hello
[2016.02.26-19.01.36:240][323]LogBlueprintUserMessages: [Weapon_Master_BP_C_6] Hello
[2016.02.26-19.01.36:470][347]LogBlueprintUserMessages: [Weapon_Master_BP_C_6] Hello
[2016.02.26-19.01.36:896][390]LogBlueprintUserMessages: [Weapon_Master_BP_C_6] Hello
[2016.02.26-19.01.37:543][455]LogBlueprintUserMessages: [Weapon_Master_BP_C_6] Hello
[2016.02.26-19.01.37:754][476]LogBlueprintUserMessages: [Weapon_Master_BP_C_6] Hello
[2016.02.26-19.01.42:171][943]LogBlueprintUserMessages: [Weapon_Master_BP_C_6] Hello
[2016.02.26-19.01.42:919][ 24]LogBlueprintUserMessages: [Weapon_Master_BP_C_6] Hello
[2016.02.26-19.01.43:146][ 48]LogBlueprintUserMessages: [Weapon_Master_BP_C_6] Hello
[2016.02.26-19.01.43:748][111]LogBlueprintUserMessages: [Weapon_Master_BP_C_6] Hello
[2016.02.26-19.01.46:015][346]LogBlueprintUserMessages: [Weapon_Master_BP_C_6] Hello
[2016.02.26-19.01.46:589][406]LogBlueprintUserMessages: [Weapon_Master_BP_C_6] Hello
[2016.02.26-19.01.46:832][431]LogBlueprintUserMessages: [Weapon_Master_BP_C_6] Hello
[2016.02.26-19.01.47:052][453]LogBlueprintUserMessages: [Weapon_Master_BP_C_6] Hello
[2016.02.26-19.01.47:262][474]LogBlueprintUserMessages: [Weapon_Master_BP_C_6] Hello
[2016.02.26-19.01.52:105][997]LogBlueprintUserMessages: [Weapon_Master_BP_C_6] Hello
[2016.02.26-19.01.54:252][228]LogBlueprintUserMessages: [Weapon_Master_BP_C_6] Hello
[2016.02.26-19.01.54:465][252]LogBlueprintUserMessages: [Weapon_Master_BP_C_6] Hello
[2016.02.26-19.01.54:702][277]LogBlueprintUserMessages: [Weapon_Master_BP_C_6] Hello
[2016.02.26-19.01.55:016][310]LogBlueprintUserMessages: [Weapon_Master_BP_C_6] Hello
[2016.02.26-19.01.55:301][339]LogBlueprintUserMessages: [Weapon_Master_BP_C_6] Hello
[2016.02.26-19.01.55:954][405]LogBlueprintUserMessages: [Weapon_Master_BP_C_6] Hello
[2016.02.26-19.01.58:282][650]LogBlueprintUserMessages: [Weapon_Master_BP_C_6] Hello
[2016.02.26-19.02.04:200][302]LogBlueprintUserMessages: [Weapon_Master_BP_C_6] Hello
[2016.02.26-19.02.06:536][571]LogBlueprintUserMessages: [Weapon_Master_BP_C_6] Hello
[2016.02.26-19.02.06:717][592]LogBlueprintUserMessages: [Weapon_Master_BP_C_6] Hello
[2016.02.26-19.02.06:905][613]LogBlueprintUserMessages: [Weapon_Master_BP_C_6] Hello
[2016.02.26-19.02.07:094][634]LogBlueprintUserMessages: [Weapon_Master_BP_C_6] Hello
[2016.02.26-19.02.07:570][685]LogBlueprintUserMessages: [Weapon_Master_BP_C_6] Hello
[2016.02.26-19.02.07:930][723]LogBlueprintUserMessages: [Weapon_Master_BP_C_6] Hello
[2016.02.26-19.02.10:309][982]LogActor:Warning: Sphere2_14 is outside the world bounds!
[2016.02.26-19.02.16:310][669]LogBlueprintUserMessages: [Weapon_Master_BP_C_6] Hello
[2016.02.26-19.02.20:045][110]LogBlueprintUserMessages: [Weapon_Master_BP_C_6] Hello
[2016.02.26-19.02.20:588][174]LogBlueprintUserMessages: [Weapon_Master_BP_C_6] Hello
[2016.02.26-19.02.20:794][198]LogBlueprintUserMessages: [Weapon_Master_BP_C_6] Hello
[2016.02.26-19.02.25:819][782]LogBlueprintUserMessages: [Weapon_Master_BP_C_6] Hello
[2016.02.26-19.02.27:804][ 13]LogBlueprintUserMessages: [Weapon_Master_BP_C_6] Hello
[2016.02.26-19.02.28:476][ 92]LogBlueprintUserMessages: [Weapon_Master_BP_C_6] Hello
[2016.02.26-19.02.28:644][112]LogBlueprintUserMessages: [Weapon_Master_BP_C_6] Hello
[2016.02.26-19.02.28:885][140]LogBlueprintUserMessages: [Weapon_Master_BP_C_6] Hello
[2016.02.26-19.02.29:159][171]LogBlueprintUserMessages: [Weapon_Master_BP_C_6] Hello
[2016.02.26-19.02.31:558][449]LogBlueprintUserMessages: [Weapon_Master_BP_C_6] Hello
[2016.02.26-19.02.33:881][719]LogBlueprintUserMessages: [Weapon_Master_BP_C_6] Hello
[2016.02.26-19.02.34:107][745]LogBlueprintUserMessages: [Weapon_Master_BP_C_6] Hello
[2016.02.26-19.02.34:390][777]LogBlueprintUserMessages: [Weapon_Master_BP_C_6] Hello
[2016.02.26-19.02.39:262][330]LogBlueprintUserMessages: [Weapon_Master_BP_C_6] Hello
[2016.02.26-19.02.41:408][564]LogBlueprintUserMessages: [Weapon_Master_BP_C_6] Hello
[2016.02.26-19.02.43:507][801]LogBlueprintUserMessages: [Weapon_Master_BP_C_6] Hello
[2016.02.26-19.02.44:496][915]LogBlueprintUserMessages: [Weapon_Master_BP_C_6] Hello
[2016.02.26-19.02.45:786][ 62]LogBlueprintUserMessages: [Weapon_Master_BP_C_6] Hello
[2016.02.26-19.02.45:996][ 86]LogBlueprintUserMessages: [Weapon_Master_BP_C_6] Hello
[2016.02.26-19.02.46:179][106]LogBlueprintUserMessages: [Weapon_Master_BP_C_6] Hello
[2016.02.26-19.02.46:447][136]LogBlueprintUserMessages: [Weapon_Master_BP_C_6] Hello
[2016.02.26-19.02.47:829][288]LogBlueprintUserMessages: [Weapon_Master_BP_C_6] Hello
[2016.02.26-19.02.49:711][484]LogParticles: Destroying 0 GPU particle simulations for FXSystem 0x000000001C285B20
[2016.02.26-19.04.40:285][819]LogActorComponent: UnregisterComponent: (/Engine/Transient.CharMoveComp) Not registered. Aborting.
[2016.02.26-19.04.40:340][819]LogMetaData: Removing '/Game/MasterBlueprints/Player/ThirdPerson_AnimBP.ThirdPerson_AnimBP_C' ref from Metadata '/Game/Characters/Mannequin/Animations/ThirdPerson_AnimBP.PackageMetaData'
[2016.02.26-19.04.40:340][819]LogMetaData: Removing '/Game/MasterBlueprints/Player/ThirdPerson_AnimBP.ThirdPerson_AnimBP:AnimGraph.AnimGraphNode_StateMachine_1.Default.AnimStateNode_7.Idle/Run-noWep.AnimGraphNode_StateResult_280' ref from Metadata '/Game/Characters/Mannequin/Animations/ThirdPerson_AnimBP.PackageMetaData'
[2016.02.26-19.04.40:340][819]LogMetaData: Removing '/Game/MasterBlueprints/Player/ThirdPerson_AnimBP.ThirdPerson_AnimBP:AnimGraph.AnimGraphNode_StateMachine_1.Default.AnimStateNode_5.Idle/Run-ADS.AnimGraphNode_StateResult_228' ref from Metadata '/Game/Characters/Mannequin/Animations/ThirdPerson_AnimBP.PackageMetaData'
[2016.02.26-19.04.40:340][819]LogMetaData: Removing '/Game/MasterBlueprints/Player/ThirdPerson_AnimBP.ThirdPerson_AnimBP:AnimGraph.AnimGraphNode_StateMachine_1.Default.AnimStateTransitionNode_6.Transition.AnimGraphNode_TransitionResult_262' ref from Metadata '/Game/Characters/Mannequin/Animations/ThirdPerson_AnimBP.PackageMetaData'
[2016.02.26-19.04.40:340][819]LogMetaData: Removing '/Game/MasterBlueprints/Player/ThirdPerson_AnimBP.ThirdPerson_AnimBP:AnimGraph.AnimGraphNode_StateMachine_1.Default.AnimStateTransitionNode_2.Transition.AnimGraphNode_TransitionResult_253' ref from Metadata '/Game/Characters/Mannequin/Animations/ThirdPerson_AnimBP.PackageMetaData'
[2016.02.26-19.04.40:340][819]LogMetaData: Removing '/Game/MasterBlueprints/Player/ThirdPerson_AnimBP.ThirdPerson_AnimBP:AnimGraph.AnimGraphNode_StateMachine_1.Default.AnimStateNode_2.Crouch-HIP.AnimGraphNode_StateResult_9' ref from Metadata '/Game/Characters/Mannequin/Animations/ThirdPerson_AnimBP.PackageMetaData'
[2016.02.26-19.04.40:340][819]LogMetaData: Removing '/Game/MasterBlueprints/Player/ThirdPerson_AnimBP.ThirdPerson_AnimBP:AnimGraph.AnimGraphNode_StateMachine_1.Default.AnimStateTransitionNode_8.Transition.AnimGraphNode_TransitionResult_274' ref from Metadata '/Game/Characters/Mannequin/Animations/ThirdPerson_AnimBP.PackageMetaData'
[2016.02.26-19.04.40:340][819]LogMetaData: Removing '/Game/MasterBlueprints/Player/ThirdPerson_AnimBP.ThirdPerson_AnimBP:AnimGraph.AnimGraphNode_StateMachine_1.Default.AnimStateTransitionNode_10.Transition.AnimGraphNode_TransitionResult_286' ref from Metadata '/Game/Characters/Mannequin/Animations/ThirdPerson_AnimBP.PackageMetaData'
[2016.02.26-19.04.40:340][819]LogMetaData: Removing '/Game/MasterBlueprints/Player/ThirdPerson_AnimBP.ThirdPerson_AnimBP:AnimGraph.AnimGraphNode_StateMachine_1.Default.AnimStateTransitionNode_12.Transition.AnimGraphNode_TransitionResult_302' ref from Metadata '/Game/Characters/Mannequin/Animations/ThirdPerson_AnimBP.PackageMetaData'
[2016.02.26-19.04.40:340][819]LogMetaData: Removing '/Game/MasterBlueprints/Player/ThirdPerson_AnimBP.ThirdPerson_AnimBP:AnimGraph.AnimGraphNode_StateMachine_1.Default.AnimStateTransitionNode_23.Transition.AnimGraphNode_TransitionResult_879' ref from Metadata '/Game/Characters/Mannequin/Animations/ThirdPerson_AnimBP.PackageMetaData'
[2016.02.26-19.04.40:340][819]LogMetaData: Removing '/Game/MasterBlueprints/Player/ThirdPerson_AnimBP.ThirdPerson_AnimBP:AnimGraph.AnimGraphNode_StateMachine_1.Default.AnimStateTransitionNode_19.Transition.AnimGraphNode_TransitionResult_643' ref from Metadata '/Game/Characters/Mannequin/Animations/ThirdPerson_AnimBP.PackageMetaData'
[2016.02.26-19.04.40:340][819]LogMetaData: Removing '/Game/MasterBlueprints/Player/ThirdPerson_AnimBP.ThirdPerson_AnimBP:AnimGraph.AnimGraphNode_StateMachine_1.Default.AnimStateTransitionNode_17.Transition.AnimGraphNode_TransitionResult_619' ref from Metadata '/Game/Characters/Mannequin/Animations/ThirdPerson_AnimBP.PackageMetaData'
[2016.02.26-19.04.40:340][819]LogMetaData: Removing '/Game/MasterBlueprints/Player/ThirdPerson_AnimBP.ThirdPerson_AnimBP:AnimGraph.AnimGraphNode_StateMachine_1.Default.AnimStateTransitionNode_15.Transition.AnimGraphNode_TransitionResult_597' ref from Metadata '/Game/Characters/Mannequin/Animations/ThirdPerson_AnimBP.PackageMetaData'
[2016.02.26-19.04.40:340][819]LogMetaData: Removing '/Game/MasterBlueprints/Player/ThirdPerson_AnimBP.ThirdPerson_AnimBP:AnimGraph.AnimGraphNode_StateMachine_1.Default.AnimStateNode_14.Crouch-ADS.AnimGraphNode_StateResult_446' ref from Metadata '/Game/Characters/Mannequin/Animations/ThirdPerson_AnimBP.PackageMetaData'
[2016.02.26-19.04.40:340][819]LogMetaData: Removing '/Game/MasterBlueprints/Player/ThirdPerson_AnimBP.ThirdPerson_AnimBP:AnimGraph.AnimGraphNode_StateMachine_1.Default.AnimStateTransitionNode_7.Transition.AnimGraphNode_TransitionResult_208' ref from Metadata '/Game/Characters/Mannequin/Animations/ThirdPerson_AnimBP.PackageMetaData'
[2016.02.26-19.04.40:340][819]LogMetaData: Removing '/Game/MasterBlueprints/Player/ThirdPerson_AnimBP.ThirdPerson_AnimBP:AnimGraph.AnimGraphNode_StateMachine_1.Default.AnimStateNode_8.StartCrouch-ADS.AnimGraphNode_StateResult_148' ref from Metadata '/Game/Characters/Mannequin/Animations/ThirdPerson_AnimBP.PackageMetaData'
[2016.02.26-19.04.40:340][819]LogMetaData: Removing '/Game/MasterBlueprints/Player/ThirdPerson_AnimBP.ThirdPerson_AnimBP:AnimGraph.AnimGraphNode_StateMachine_1.Default.AnimStateNode_6.StartCrouchHIP.AnimGraphNode_StateResult_62' ref from Metadata '/Game/Characters/Mannequin/Animations/ThirdPerson_AnimBP.PackageMetaData'
[2016.02.26-19.04.40:340][819]LogMetaData: Removing '/Game/MasterBlueprints/Player/ThirdPerson_AnimBP.ThirdPerson_AnimBP:AnimGraph.AnimGraphNode_StateMachine_1.Default.AnimStateTransitionNode_3.Transition.AnimGraphNode_TransitionResult_114' ref from Metadata '/Game/Characters/Mannequin/Animations/ThirdPerson_AnimBP.PackageMetaData'
[2016.02.26-19.04.40:340][819]LogMetaData: Removing '/Game/MasterBlueprints/Player/ThirdPerson_AnimBP.ThirdPerson_AnimBP:AnimGraph.AnimGraphNode_StateMachine_1.Default.AnimStateTransitionNode_21.Transition.AnimGraphNode_TransitionResult_851' ref from Metadata '/Game/Characters/Mannequin/Animations/ThirdPerson_AnimBP.PackageMetaData'
[2016.02.26-19.04.40:340][819]LogMetaData: Removing '/Game/MasterBlueprints/Player/ThirdPerson_AnimBP.ThirdPerson_AnimBP:AnimGraph.AnimGraphNode_StateMachine_1.Default.AnimStateTransitionNode_11.Transition.AnimGraphNode_TransitionResult_361' ref from Metadata '/Game/Characters/Mannequin/Animations/ThirdPerson_AnimBP.PackageMetaData'
[2016.02.26-19.04.40:340][819]LogMetaData: Removing '/Game/MasterBlueprints/Player/ThirdPerson_AnimBP.ThirdPerson_AnimBP:AnimGraph.AnimGraphNode_StateMachine_1.Default.AnimStateNode_10.ExitCrouchHIP.AnimGraphNode_StateResult_251' ref from Metadata '/Game/Characters/Mannequin/Animations/ThirdPerson_AnimBP.PackageMetaData'
[2016.02.26-19.04.40:340][819]LogMetaData: Removing '/Game/MasterBlueprints/Player/ThirdPerson_AnimBP.ThirdPerson_AnimBP:AnimGraph.AnimGraphNode_StateMachine_1.Default.AnimStateTransitionNode_9.Transition.AnimGraphNode_TransitionResult_257' ref from Metadata '/Game/Characters/Mannequin/Animations/ThirdPerson_AnimBP.PackageMetaData'
[2016.02.26-19.04.40:340][819]LogMetaData: Removing '/Game/MasterBlueprints/Player/ThirdPerson_AnimBP.ThirdPerson_AnimBP:AnimGraph.AnimGraphNode_StateMachine_1.Default.AnimStateTransitionNode_13.Transition.AnimGraphNode_TransitionResult_397' ref from Metadata '/Game/Characters/Mannequin/Animations/ThirdPerson_AnimBP.PackageMetaData'
[2016.02.26-19.04.40:340][819]LogMetaData: Removing '/Game/MasterBlueprints/Player/ThirdPerson_AnimBP.ThirdPerson_AnimBP:AnimGraph.AnimGraphNode_StateMachine_1.Default.AnimStateNode_12.ExitCrouch-ADS.AnimGraphNode_StateResult_413' ref from Metadata '/Game/Characters/Mannequin/Animations/ThirdPerson_AnimBP.PackageMetaData'
[2016.02.26-19.04.40:340][819]LogMetaData: Removing '/Game/MasterBlueprints/Player/ThirdPerson_AnimBP.SKEL_ThirdPerson_AnimBP_C' ref from Metadata '/Game/Characters/Mannequin/Animations/ThirdPerson_AnimBP.PackageMetaData'
[2016.02.26-19.04.40:391][819]Cmd: OBJ SAVEPACKAGE PACKAGE="/Game/MasterBlueprints/Player/ThirdPerson_AnimBP" FILE="../../../../../../Projects/Unreal/TPS_Arena/Content/MasterBlueprints/Player/ThirdPerson_AnimBP.uasset" SILENT=true
[2016.02.26-19.04.40:682][819]LogSavePackage: Save=289.127014ms
[2016.02.26-19.04.40:682][819]LogSavePackage: Moving '../../../../../../Projects/Unreal/TPS_Arena/Saved/ThirdPerson_AnimBP9FC712A54718CCEFF4D96F8EC8B4089C.tmp' to '../../../../../../Projects/Unreal/TPS_Arena/Content/MasterBlueprints/Player/ThirdPerson_AnimBP.uasset'
[2016.02.26-19.04.40:684][819]LogSavePackage: Total save time: 291.181207ms
[2016.02.26-19.04.40:684][819]LogSavePackage:Display: Finished SavePackage ../../../../../../Projects/Unreal/TPS_Arena/Content/MasterBlueprints/Player/ThirdPerson_AnimBP.uasset
[2016.02.26-19.04.40:908][819]Cmd: OBJ SAVEPACKAGE PACKAGE="/Game/MasterBlueprints/Player/ThirdPersonCharacter" FILE="../../../../../../Projects/Unreal/TPS_Arena/Content/MasterBlueprints/Player/ThirdPersonCharacter.uasset" SILENT=true
[2016.02.26-19.04.41:211][819]LogSavePackage: Save=263.347321ms
[2016.02.26-19.04.41:211][819]LogSavePackage: Moving '../../../../../../Projects/Unreal/TPS_Arena/Saved/ThirdPersonCharacterA1FB74B34F44D38C32894498861AAF9A.tmp' to '../../../../../../Projects/Unreal/TPS_Arena/Content/MasterBlueprints/Player/ThirdPersonCharacter.uasset'
[2016.02.26-19.04.41:212][819]LogSavePackage: Total save time: 303.156499ms
[2016.02.26-19.04.41:212][819]LogSavePackage:Display: Finished SavePackage ../../../../../../Projects/Unreal/TPS_Arena/Content/MasterBlueprints/Player/ThirdPersonCharacter.uasset
[2016.02.26-19.05.13:159][585]LogActorComponent: UnregisterComponent: (/Engine/Transient.CharMoveComp) Not registered. Aborting.
[2016.02.26-19.05.13:442][585]LogMetaData: Removing '/Game/MasterBlueprints/Weapons/Weapon_Master_BP.Weapon_Master_BP:UserConstructionScript.K2Node_FunctionEntry_82' ref from Metadata '/Game/Weapons/Weapon_Master_BP.PackageMetaData'
[2016.02.26-19.05.13:442][585]LogMetaData: Removing '/Game/MasterBlueprints/Weapons/Weapon_Master_BP.Weapon_Master_BP_C' ref from Metadata '/Game/Weapons/Weapon_Master_BP.PackageMetaData'
[2016.02.26-19.05.13:442][585]LogMetaData: Removing '/Game/MasterBlueprints/Weapons/Weapon_Master_BP.Weapon_Master_BP:StopFire.K2Node_FunctionEntry_4457' ref from Metadata '/Game/Weapons/Weapon_Master_BP.PackageMetaData'
[2016.02.26-19.05.13:442][585]LogMetaData: Removing '/Game/MasterBlueprints/Weapons/Weapon_Master_BP.Weapon_Master_BP:StartFire.K2Node_FunctionEntry_4450' ref from Metadata '/Game/Weapons/Weapon_Master_BP.PackageMetaData'
[2016.02.26-19.05.13:442][585]LogMetaData: Removing '/Game/MasterBlueprints/Weapons/Weapon_Master_BP.Weapon_Master_BP:AttachToOwnerHolster.K2Node_FunctionEntry_5343' ref from Metadata '/Game/Weapons/Weapon_Master_BP.PackageMetaData'
[2016.02.26-19.05.13:442][585]LogMetaData: Removing '/Game/MasterBlueprints/Weapons/Weapon_Master_BP.Weapon_Master_BP:SetOwningPawn.K2Node_FunctionEntry_5336' ref from Metadata '/Game/Weapons/Weapon_Master_BP.PackageMetaData'
[2016.02.26-19.05.13:442][585]LogMetaData: Removing '/Game/MasterBlueprints/Weapons/Weapon_Master_BP.Weapon_Master_BP:NewEventDispatcher_0.K2Node_FunctionEntry_188' ref from Metadata '/Game/Weapons/Weapon_Master_BP.PackageMetaData'
[2016.02.26-19.05.13:442][585]LogMetaData: Removing '/Game/MasterBlueprints/Weapons/Weapon_Master_BP.Weapon_Master_BP:OneRep_OwningPawn.K2Node_FunctionEntry_243' ref from Metadata '/Game/Weapons/Weapon_Master_BP.PackageMetaData'
[2016.02.26-19.05.13:442][585]LogMetaData: Removing '/Game/MasterBlueprints/Weapons/Weapon_Master_BP.SKEL_Weapon_Master_BP_C' ref from Metadata '/Game/Weapons/Weapon_Master_BP.PackageMetaData'
[2016.02.26-19.05.13:537][585]LogMetaData: Removing '/Game/MasterBlueprints/Weapons/Rifle_BP.Rifle_BP:UserConstructionScript.K2Node_FunctionEntry_4836' ref from Metadata '/Game/Weapons/Rifle_BP.PackageMetaData'
[2016.02.26-19.05.13:537][585]LogMetaData: Removing '/Game/MasterBlueprints/Weapons/Rifle_BP.Rifle_BP_C' ref from Metadata '/Game/Weapons/Rifle_BP.PackageMetaData'
[2016.02.26-19.05.13:537][585]LogMetaData: Removing '/Game/MasterBlueprints/Weapons/Rifle_BP.Rifle_BP:EventGraph.K2Node_Event_3267' ref from Metadata '/Game/Weapons/Rifle_BP.PackageMetaData'
[2016.02.26-19.05.13:537][585]LogMetaData: Removing '/Game/MasterBlueprints/Weapons/Rifle_BP.Rifle_BP:EventGraph.K2Node_Event_3268' ref from Metadata '/Game/Weapons/Rifle_BP.PackageMetaData'
[2016.02.26-19.05.13:537][585]LogMetaData: Removing '/Game/MasterBlueprints/Weapons/Rifle_BP.Rifle_BP:EventGraph.K2Node_Event_3269' ref from Metadata '/Game/Weapons/Rifle_BP.PackageMetaData'
[2016.02.26-19.05.13:537][585]LogMetaData: Removing '/Game/MasterBlueprints/Weapons/Rifle_BP.SKEL_Rifle_BP_C' ref from Metadata '/Game/Weapons/Rifle_BP.PackageMetaData'
[2016.02.26-19.05.13:581][585]Cmd: OBJ SAVEPACKAGE PACKAGE="/Game/MasterBlueprints/Weapons/Weapon_Master_BP" FILE="../../../../../../Projects/Unreal/TPS_Arena/Content/MasterBlueprints/Weapons/Weapon_Master_BP.uasset" SILENT=true
[2016.02.26-19.05.13:788][585]LogSavePackage: Save=205.970444ms
[2016.02.26-19.05.13:788][585]LogSavePackage: Moving '../../../../../../Projects/Unreal/TPS_Arena/Saved/Weapon_Master_BPD89BCF9246619ED457F905B2B6CAC68B.tmp' to '../../../../../../Projects/Unreal/TPS_Arena/Content/MasterBlueprints/Weapons/Weapon_Master_BP.uasset'
[2016.02.26-19.05.13:790][585]LogSavePackage: Total save time: 207.524721ms
[2016.02.26-19.05.13:790][585]LogSavePackage:Display: Finished SavePackage ../../../../../../Projects/Unreal/TPS_Arena/Content/MasterBlueprints/Weapons/Weapon_Master_BP.uasset
[2016.02.26-19.05.13:816][585]Cmd: OBJ SAVEPACKAGE PACKAGE="/Game/MasterBlueprints/Weapons/Rifle_BP" FILE="../../../../../../Projects/Unreal/TPS_Arena/Content/MasterBlueprints/Weapons/Rifle_BP.uasset" SILENT=true
[2016.02.26-19.05.13:845][585]LogSavePackage: Save=27.533798ms
[2016.02.26-19.05.13:845][585]LogSavePackage: Moving '../../../../../../Projects/Unreal/TPS_Arena/Saved/Rifle_BP8C5487134BBD1C7D034590A5A5C5DB6F.tmp' to '../../../../../../Projects/Unreal/TPS_Arena/Content/MasterBlueprints/Weapons/Rifle_BP.uasset'
[2016.02.26-19.05.13:846][585]LogSavePackage: Total save time: 28.885327ms
[2016.02.26-19.05.13:846][585]LogSavePackage:Display: Finished SavePackage ../../../../../../Projects/Unreal/TPS_Arena/Content/MasterBlueprints/Weapons/Rifle_BP.uasset
[2016.02.26-19.05.14:218][585]Cmd: OBJ SAVEPACKAGE PACKAGE="/Game/MasterBlueprints/Player/ThirdPersonCharacter" FILE="../../../../../../Projects/Unreal/TPS_Arena/Content/MasterBlueprints/Player/ThirdPersonCharacter.uasset" SILENT=true
[2016.02.26-19.05.14:521][585]LogSavePackage: Save=267.032990ms
[2016.02.26-19.05.14:521][585]LogSavePackage: Moving '../../../../../../Projects/Unreal/TPS_Arena/Saved/ThirdPersonCharacter8BF5846A402E97079370CF85F800DFA7.tmp' to '../../../../../../Projects/Unreal/TPS_Arena/Content/MasterBlueprints/Player/ThirdPersonCharacter.uasset'
[2016.02.26-19.05.14:522][585]LogSavePackage: Total save time: 302.957408ms
[2016.02.26-19.05.14:522][585]LogSavePackage:Display: Finished SavePackage ../../../../../../Projects/Unreal/TPS_Arena/Content/MasterBlueprints/Player/ThirdPersonCharacter.uasset
[2016.02.26-19.05.24:660][253]LogActorComponent: UnregisterComponent: (/Engine/Transient.CharMoveComp) Not registered. Aborting.
[2016.02.26-19.05.24:703][253]LogMetaData: Removing '/Game/MasterBlueprints/Projectiles/Projectile.Projectile:UserConstructionScript.K2Node_FunctionEntry_200' ref from Metadata '/Game/Weapons/Projectile.PackageMetaData'
[2016.02.26-19.05.24:703][253]LogMetaData: Removing '/Game/MasterBlueprints/Projectiles/Projectile.Projectile_C' ref from Metadata '/Game/Weapons/Projectile.PackageMetaData'
[2016.02.26-19.05.24:703][253]LogMetaData: Removing '/Game/MasterBlueprints/Projectiles/Projectile.Projectile:EventGraph.K2Node_Event_234' ref from Metadata '/Game/Weapons/Projectile.PackageMetaData'
[2016.02.26-19.05.24:703][253]LogMetaData: Removing '/Game/MasterBlueprints/Projectiles/Projectile.Projectile:EventGraph.K2Node_Event_235' ref from Metadata '/Game/Weapons/Projectile.PackageMetaData'
[2016.02.26-19.05.24:703][253]LogMetaData: Removing '/Game/MasterBlueprints/Projectiles/Projectile.Projectile:EventGraph.K2Node_Event_236' ref from Metadata '/Game/Weapons/Projectile.PackageMetaData'
[2016.02.26-19.05.24:703][253]LogMetaData: Removing '/Game/MasterBlueprints/Projectiles/Projectile.SKEL_Projectile_C' ref from Metadata '/Game/Weapons/Projectile.PackageMetaData'
[2016.02.26-19.05.24:748][253]Cmd: OBJ SAVEPACKAGE PACKAGE="/Game/MasterBlueprints/Projectiles/Shape_Sphere_DM" FILE="../../../../../../Projects/Unreal/TPS_Arena/Content/MasterBlueprints/Projectiles/Shape_Sphere_DM.uasset" SILENT=true
[2016.02.26-19.05.24:800][253]LogSavePackage: Save=50.894798ms
[2016.02.26-19.05.24:800][253]LogSavePackage: Moving '../../../../../../Projects/Unreal/TPS_Arena/Saved/Shape_Sphere_DM2FACF8B34D1ACA2F1090B7BEC9B8B4BF.tmp' to '../../../../../../Projects/Unreal/TPS_Arena/Content/MasterBlueprints/Projectiles/Shape_Sphere_DM.uasset'
[2016.02.26-19.05.24:801][253]LogSavePackage: Total save time: 52.699033ms
[2016.02.26-19.05.24:801][253]LogSavePackage:Display: Finished SavePackage ../../../../../../Projects/Unreal/TPS_Arena/Content/MasterBlueprints/Projectiles/Shape_Sphere_DM.uasset
[2016.02.26-19.05.24:809][253]Cmd: OBJ SAVEPACKAGE PACKAGE="/Game/MasterBlueprints/Projectiles/Projectile" FILE="../../../../../../Projects/Unreal/TPS_Arena/Content/MasterBlueprints/Projectiles/Projectile.uasset" SILENT=true
[2016.02.26-19.05.24:835][253]LogSavePackage: Save=24.555895ms
[2016.02.26-19.05.24:835][253]LogSavePackage: Moving '../../../../../../Projects/Unreal/TPS_Arena/Saved/Projectile7D9EC53E44B2A972D9A5169F2DCE49BB.tmp' to '../../../../../../Projects/Unreal/TPS_Arena/Content/MasterBlueprints/Projectiles/Projectile.uasset'
[2016.02.26-19.05.24:836][253]LogSavePackage: Total save time: 26.040275ms
[2016.02.26-19.05.24:836][253]LogSavePackage:Display: Finished SavePackage ../../../../../../Projects/Unreal/TPS_Arena/Content/MasterBlueprints/Projectiles/Projectile.uasset
[2016.02.26-19.05.25:148][253]Cmd: OBJ SAVEPACKAGE PACKAGE="/Game/MasterBlueprints/Weapons/Weapon_Master_BP" FILE="../../../../../../Projects/Unreal/TPS_Arena/Content/MasterBlueprints/Weapons/Weapon_Master_BP.uasset" SILENT=true
[2016.02.26-19.05.25:374][253]LogSavePackage: Save=187.040985ms
[2016.02.26-19.05.25:374][253]LogSavePackage: Moving '../../../../../../Projects/Unreal/TPS_Arena/Saved/Weapon_Master_BP6EE036644BDFFD403ADD46B1ECCE66FA.tmp' to '../../../../../../Projects/Unreal/TPS_Arena/Content/MasterBlueprints/Weapons/Weapon_Master_BP.uasset'
[2016.02.26-19.05.25:375][253]LogSavePackage: Total save time: 225.096066ms
[2016.02.26-19.05.25:375][253]LogSavePackage:Display: Finished SavePackage ../../../../../../Projects/Unreal/TPS_Arena/Content/MasterBlueprints/Weapons/Weapon_Master_BP.uasset
[2016.02.26-19.05.36:407][294]LogActorComponent: UnregisterComponent: (/Engine/Transient.EditorFloorComp) Not registered. Aborting.
[2016.02.26-19.05.36:669][295]Cmd: QUIT_EDITOR
[2016.02.26-19.05.36:850][295]LogExit: Preparing to exit.
[2016.02.26-19.05.37:734][295]LogExit: Editor shut down
[2016.02.26-19.05.37:735][295]LogExit: Transaction tracking system shut down
[2016.02.26-19.05.37:736][295]LogParticles: Destroying 0 GPU particle simulations for FXSystem 0x0000000012B6F600
[2016.02.26-19.05.37:737][295]LogParticles: Destroying 0 GPU particle simulations for FXSystem 0x000000001F373880
[2016.02.26-19.05.37:737][295]LogParticles: Destroying 0 GPU particle simulations for FXSystem 0x000000001F4F42C0
[2016.02.26-19.05.37:737][295]LogParticles: Destroying 0 GPU particle simulations for FXSystem 0x000000001F4F4400
[2016.02.26-19.05.37:739][295]LogParticles: Destroying 0 GPU particle simulations for FXSystem 0x0000000071CB00E0
[2016.02.26-19.05.37:739][295]LogParticles: Destroying 0 GPU particle simulations for FXSystem 0x0000000071CB1580
[2016.02.26-19.05.37:741][295]LogParticles: Destroying 0 GPU particle simulations for FXSystem 0x0000000032EE1A80
[2016.02.26-19.05.37:743][295]LogParticles: Destroying 0 GPU particle simulations for FXSystem 0x0000000071CB2200
[2016.02.26-19.05.37:744][295]LogParticles: Destroying 0 GPU particle simulations for FXSystem 0x0000000010179940
[2016.02.26-19.05.37:745][295]LogParticles: Destroying 0 GPU particle simulations for FXSystem 0x000000005C85E700
[2016.02.26-19.05.37:745][295]LogParticles: Destroying 0 GPU particle simulations for FXSystem 0x000000005C85E480
[2016.02.26-19.05.37:747][295]LogParticles: Destroying 0 GPU particle simulations for FXSystem 0x000000001F4F71A0
[2016.02.26-19.05.38:001][295]LogExit: Object subsystem successfully closed.
[2016.02.26-19.05.38:023][295]LogD3D11RHI: Shutdown
[2016.02.26-19.05.38:023][295]LogD3D11RHI: CleanupD3DDevice
[2016.02.26-19.05.38:097][295]LogD3D11RHI: ~FD3D11DynamicRHI
[2016.02.26-19.05.38:113][295]LogModuleManager: Shutting down and abandoning module CookingStats (202)
[2016.02.26-19.05.38:113][295]LogModuleManager: Shutting down and abandoning module BlueprintGraph (201)
[2016.02.26-19.05.38:113][295]LogModuleManager: Shutting down and abandoning module CrashTracker (200)
[2016.02.26-19.05.38:113][295]LogModuleManager: Shutting down and abandoning module SceneOutliner (199)
[2016.02.26-19.05.38:113][295]LogModuleManager: Shutting down and abandoning module SuperSearch (198)
[2016.02.26-19.05.38:113][295]LogModuleManager: Shutting down and abandoning module WidgetCarousel (197)
[2016.02.26-19.05.38:113][295]LogModuleManager: Shutting down and abandoning module AddContentDialog (196)
[2016.02.26-19.05.38:114][295]LogModuleManager: Shutting down and abandoning module EditorWidgets (195)
[2016.02.26-19.05.38:114][295]LogModuleManager: Shutting down and abandoning module CollectionManager (194)
[2016.02.26-19.05.38:115][295]LogModuleManager: Shutting down and abandoning module StatsViewer (193)
[2016.02.26-19.05.38:115][295]LogModuleManager: Shutting down and abandoning module FoliageEdit (192)
[2016.02.26-19.05.38:115][295]LogModuleManager: Shutting down and abandoning module LandscapeEditor (191)
[2016.02.26-19.05.38:115][295]LogModuleManager: Shutting down and abandoning module ActorPickerMode (190)
[2016.02.26-19.05.38:115][295]LogModuleManager: Shutting down and abandoning module GeometryMode (189)
[2016.02.26-19.05.38:115][295]LogModuleManager: Shutting down and abandoning module TextureAlignMode (188)
[2016.02.26-19.05.38:115][295]LogModuleManager: Shutting down and abandoning module BspMode (187)
[2016.02.26-19.05.38:115][295]LogModuleManager: Shutting down and abandoning module PlacementMode (186)
[2016.02.26-19.05.38:115][295]LogModuleManager: Shutting down and abandoning module AutomationWorker (185)
[2016.02.26-19.05.38:115][295]LogModuleManager: Shutting down and abandoning module CharacterAI (184)
[2016.02.26-19.05.38:115][295]LogModuleManager: Shutting down and abandoning module SmartSnapping (183)
[2016.02.26-19.05.38:115][295]LogModuleManager: Shutting down and abandoning module ViewportSnapping (182)
[2016.02.26-19.05.38:115][295]LogModuleManager: Shutting down and abandoning module LogVisualizer (181)
[2016.02.26-19.05.38:115][295]LogModuleManager: Shutting down and abandoning module GameProjectGeneration (180)
[2016.02.26-19.05.38:115][295]LogModuleManager: Shutting down and abandoning module IntroTutorials (179)
[2016.02.26-19.05.38:115][295]LogModuleManager: Shutting down and abandoning module EditorLiveStreaming (178)
[2016.02.26-19.05.38:115][295]LogModuleManager: Shutting down and abandoning module IOSPlatformEditor (177)
[2016.02.26-19.05.38:115][295]LogModuleManager: Shutting down and abandoning module HTML5PlatformEditor (176)
[2016.02.26-19.05.38:115][295]LogModuleManager: Shutting down and abandoning module AndroidDeviceDetection (175)
[2016.02.26-19.05.38:844][295]LogModuleManager: Shutting down and abandoning module AndroidPlatformEditor (174)
[2016.02.26-19.05.38:844][295]LogModuleManager: Shutting down and abandoning module IOSRuntimeSettings (173)
[2016.02.26-19.05.38:844][295]LogModuleManager: Shutting down and abandoning module AndroidRuntimeSettings (172)
[2016.02.26-19.05.38:844][295]LogModuleManager: Shutting down and abandoning module MergeActors (171)
[2016.02.26-19.05.38:844][295]LogModuleManager: Shutting down and abandoning module SizeMap (170)
[2016.02.26-19.05.38:844][295]LogModuleManager: Shutting down and abandoning module TreeMap (169)
[2016.02.26-19.05.38:844][295]LogModuleManager: Shutting down and abandoning module ReferenceViewer (168)
[2016.02.26-19.05.38:844][295]LogModuleManager: Shutting down and abandoning module LocalizationService (167)
[2016.02.26-19.05.38:844][295]LogModuleManager: Shutting down and abandoning module LocalizationDashboard (166)
[2016.02.26-19.05.38:844][295]LogModuleManager: Shutting down and abandoning module HardwareTargeting (165)
[2016.02.26-19.05.38:844][295]LogModuleManager: Shutting down and abandoning module DeviceProfileEditor (164)
[2016.02.26-19.05.38:844][295]LogModuleManager: Shutting down and abandoning module UndoHistory (163)
[2016.02.26-19.05.38:844][295]LogModuleManager: Shutting down and abandoning module GameplayTagsEditor (162)
[2016.02.26-19.05.38:844][295]LogModuleManager: Shutting down and abandoning module UserFeedback (161)
[2016.02.26-19.05.38:844][295]LogModuleManager: Shutting down and abandoning module XmlParser (160)
[2016.02.26-19.05.38:844][295]LogModuleManager: Shutting down and abandoning module Blutility (159)
[2016.02.26-19.05.38:844][295]LogModuleManager: Shutting down and abandoning module ProjectTargetPlatformEditor (158)
[2016.02.26-19.05.38:844][295]LogModuleManager: Shutting down and abandoning module ProjectSettingsViewer (157)
[2016.02.26-19.05.38:844][295]LogModuleManager: Shutting down and abandoning module InputBindingEditor (156)
[2016.02.26-19.05.38:845][295]LogModuleManager: Shutting down and abandoning module EditorSettingsViewer (155)
[2016.02.26-19.05.38:845][295]LogModuleManager: Shutting down and abandoning module SettingsEditor (154)
[2016.02.26-19.05.38:845][295]LogModuleManager: Shutting down and abandoning module ProjectLauncher (153)
[2016.02.26-19.05.38:845][295]LogModuleManager: Shutting down and abandoning module SessionFrontend (152)
[2016.02.26-19.05.38:845][295]LogModuleManager: Shutting down and abandoning module ProfilerClient (151)
[2016.02.26-19.05.38:845][295]LogModuleManager: Shutting down and abandoning module TargetDeviceServices (150)
[2016.02.26-19.05.38:845][295]LogModuleManager: Shutting down and abandoning module DeviceManager (149)
[2016.02.26-19.05.38:845][295]LogModuleManager: Shutting down and abandoning module AutomationController (148)
[2016.02.26-19.05.38:845][295]LogModuleManager: Shutting down and abandoning module AutomationWindow (147)
[2016.02.26-19.05.38:845][295]LogModuleManager: Shutting down and abandoning module Layers (146)
[2016.02.26-19.05.38:845][295]LogModuleManager: Shutting down and abandoning module ComponentVisualizers (145)
[2016.02.26-19.05.38:845][295]LogModuleManager: Shutting down and abandoning module DetailCustomizations (144)
[2016.02.26-19.05.38:845][295]LogModuleManager: Shutting down and abandoning module PackagesDialog (143)
[2016.02.26-19.05.38:845][295]LogModuleManager: Shutting down and abandoning module Persona (142)
[2016.02.26-19.05.38:845][295]LogModuleManager: Shutting down and abandoning module Kismet (141)
[2016.02.26-19.05.38:845][295]LogModuleManager: Shutting down and abandoning module GraphEditor (140)
[2016.02.26-19.05.38:845][295]LogModuleManager: Shutting down and abandoning module ClassViewer (139)
[2016.02.26-19.05.38:845][295]LogModuleManager: Shutting down and abandoning module Toolbox (138)
[2016.02.26-19.05.38:845][295]LogModuleManager: Shutting down and abandoning module ModuleUI (137)
[2016.02.26-19.05.38:845][295]LogModuleManager: Shutting down and abandoning module MovieSceneTools (136)
[2016.02.26-19.05.38:845][295]LogModuleManager: Shutting down and abandoning module OutputLog (135)
[2016.02.26-19.05.38:845][295]LogModuleManager: Shutting down and abandoning module GammaUI (134)
[2016.02.26-19.05.38:845][295]LogModuleManager: Shutting down and abandoning module Documentation (133)
[2016.02.26-19.05.38:845][295]LogModuleManager: Shutting down and abandoning module GameLiveStreaming (132)
[2016.02.26-19.05.38:845][295]LogModuleManager: Shutting down and abandoning module StreamingPauseRendering (131)
[2016.02.26-19.05.38:845][295]LogModuleManager: Shutting down and abandoning module AnalyticsET (130)
[2016.02.26-19.05.38:845][295]LogModuleManager: Shutting down and abandoning module Analytics (129)
[2016.02.26-19.05.38:845][295]LogModuleManager: Shutting down and abandoning module AITestSuite (128)
[2016.02.26-19.05.38:845][295]LogModuleManager: Shutting down and abandoning module GameplayDebugger (127)
[2016.02.26-19.05.38:845][295]LogModuleManager: Shutting down and abandoning module AIModule (126)
[2016.02.26-19.05.38:845][295]LogModuleManager: Shutting down and abandoning module ProfilerService (125)
[2016.02.26-19.05.38:947][295]LogModuleManager: Shutting down and abandoning module TaskGraph (124)
[2016.02.26-19.05.38:947][295]LogModuleManager: Shutting down and abandoning module SubstanceEditor (123)
[2016.02.26-19.05.38:947][295]LogModuleManager: Shutting down and abandoning module SlateRemote (122)
[2016.02.26-19.05.38:947][295]LogModuleManager: Shutting down and abandoning module SteamVRController (121)
[2016.02.26-19.05.38:947][295]LogModuleManager: Shutting down and abandoning module SteamVR (120)
[2016.02.26-19.05.38:947][295]LogModuleManager: Shutting down and abandoning module ProceduralMeshComponent (119)
[2016.02.26-19.05.38:947][295]LogModuleManager: Shutting down and abandoning module OculusLibrary (118)
[2016.02.26-19.05.38:947][295]LogModuleManager: Shutting down and abandoning module OculusInput (117)
[2016.02.26-19.05.38:947][295]LogModuleManager: Shutting down and abandoning module LeapMotionController (116)
[2016.02.26-19.05.38:962][295]LogModuleManager: Shutting down and abandoning module CustomMeshComponent (115)
[2016.02.26-19.05.38:962][295]LogModuleManager: Shutting down and abandoning module CableComponent (114)
[2016.02.26-19.05.38:962][295]LogModuleManager: Shutting down and abandoning module ArchVisCharacter (113)
[2016.02.26-19.05.38:962][295]LogModuleManager: Shutting down and abandoning module MessagingDebugger (112)
[2016.02.26-19.05.38:962][295]LogModuleManager: Shutting down and abandoning module MediaPlayerEditor (111)
[2016.02.26-19.05.38:962][295]LogModuleManager: Shutting down and abandoning module HTML5Networking (110)
[2016.02.26-19.05.38:962][295]LogModuleManager: Shutting down and abandoning module SpeedTreeImporter (109)
[2016.02.26-19.05.38:962][295]LogModuleManager: Shutting down and abandoning module PluginBrowser (108)
[2016.02.26-19.05.38:962][295]LogModuleManager: Shutting down and abandoning module EpicSurvey (107)
[2016.02.26-19.05.38:962][295]LogModuleManager: Shutting down and abandoning module DesktopPlatform (106)
[2016.02.26-19.05.38:962][295]LogModuleManager: Shutting down and abandoning module VisualStudioSourceCodeAccess (105)
[2016.02.26-19.05.38:962][295]LogModuleManager: Shutting down and abandoning module UObjectPlugin (104)
[2016.02.26-19.05.38:962][295]LogModuleManager: Shutting down and abandoning module SubversionSourceControl (103)
[2016.02.26-19.05.38:962][295]LogModuleManager: Shutting down and abandoning module PerforceSourceControl (102)
[2016.02.26-19.05.38:962][295]LogModuleManager: Shutting down and abandoning module SourceControl (101)
[2016.02.26-19.05.38:962][295]LogModuleManager: Shutting down and abandoning module GitSourceControl (100)
[2016.02.26-19.05.38:963][295]LogModuleManager: Shutting down and abandoning module LightPropagationVolumeEditor (99)
[2016.02.26-19.05.38:963][295]LogModuleManager: Shutting down and abandoning module PaperTiledImporter (98)
[2016.02.26-19.05.38:963][295]LogModuleManager: Shutting down and abandoning module PaperSpriteSheetImporter (97)
[2016.02.26-19.05.38:963][295]LogModuleManager: Shutting down and abandoning module MeshPaint (96)
[2016.02.26-19.05.38:963][295]LogModuleManager: Shutting down and abandoning module SlateReflector (95)
[2016.02.26-19.05.38:963][295]LogModuleManager: Shutting down and abandoning module HotReload (94)
[2016.02.26-19.05.38:963][295]LogModuleManager: Shutting down and abandoning module MainFrame (93)
[2016.02.26-19.05.38:963][295]LogModuleManager: Shutting down and abandoning module LevelEditor (92)
[2016.02.26-19.05.38:964][295]LogModuleManager: Shutting down and abandoning module ContentBrowser (91)
[2016.02.26-19.05.38:965][295]LogModuleManager: Shutting down and abandoning module Paper2DEditor (90)
[2016.02.26-19.05.38:965][295]LogModuleManager: Shutting down and abandoning module UdpMessaging (89)
[2016.02.26-19.05.39:065][295]LogModuleManager: Shutting down and abandoning module DirectoryWatcher (88)
[2016.02.26-19.05.39:065][295]LogModuleManager: Shutting down and abandoning module AssetRegistry (87)
[2016.02.26-19.05.39:139][295]LogModuleManager: Shutting down and abandoning module SubstanceCore (86)
[2016.02.26-19.05.39:139][295]LogModuleManager: Shutting down and abandoning module LightPropagationVolumeRuntime (85)
[2016.02.26-19.05.39:139][295]LogModuleManager: Shutting down and abandoning module Paper2D (84)
[2016.02.26-19.05.39:139][295]LogModuleManager: Shutting down and abandoning module WindowsMoviePlayer (83)
[2016.02.26-19.05.39:143][295]LogModuleManager: Shutting down and abandoning module Media (82)
[2016.02.26-19.05.39:143][295]LogModuleManager: Shutting down and abandoning module WmfMedia (81)
[2016.02.26-19.05.39:143][295]LogModuleManager: Shutting down and abandoning module OnlineBlueprintSupport (80)
[2016.02.26-19.05.39:143][295]LogModuleManager: Shutting down and abandoning module GameplayTasksEditor (79)
[2016.02.26-19.05.39:143][295]LogModuleManager: Shutting down and abandoning module PropertyEditor (78)
[2016.02.26-19.05.39:144][295]LogModuleManager: Shutting down and abandoning module BehaviorTreeEditor (77)
[2016.02.26-19.05.39:144][295]LogModuleManager: Shutting down and abandoning module FunctionalTesting (76)
[2016.02.26-19.05.39:144][295]LogModuleManager: Shutting down and abandoning module CollisionAnalyzer (75)
[2016.02.26-19.05.39:144][295]LogModuleManager: Shutting down and abandoning module WorkspaceMenuStructure (74)
[2016.02.26-19.05.39:144][295]LogModuleManager: Shutting down and abandoning module MessageLog (73)
[2016.02.26-19.05.39:144][295]LogModuleManager: Shutting down and abandoning module Sequencer (72)
[2016.02.26-19.05.39:144][295]LogModuleManager: Shutting down and abandoning module AssetTools (71)
[2016.02.26-19.05.39:144][295]LogModuleManager: Shutting down and abandoning module UMGEditor (70)
[2016.02.26-19.05.39:144][295]LogModuleManager: Shutting down and abandoning module UMG (69)
[2016.02.26-19.05.39:144][295]LogModuleManager: Shutting down and abandoning module Slate (68)
[2016.02.26-19.05.39:144][295]LogModuleManager: Shutting down and abandoning module EditorStyle (67)
[2016.02.26-19.05.39:146][295]LogModuleManager: Shutting down and abandoning module SessionServices (66)
[2016.02.26-19.05.39:146][295]LogModuleManager: Shutting down and abandoning module SourceCodeAccess (65)
[2016.02.26-19.05.39:146][295]LogModuleManager: Shutting down and abandoning module HeadMountedDisplay (64)
[2016.02.26-19.05.39:146][295]LogModuleManager: Shutting down and abandoning module XAudio2 (63)
[2016.02.26-19.05.39:146][295]LogModuleManager: Shutting down and abandoning module Networking (61)
[2016.02.26-19.05.39:146][295]LogModuleManager: Shutting down and abandoning module Core (60)
[2016.02.26-19.05.39:146][295]LogModuleManager: Shutting down and abandoning module KismetCompiler (59)
[2016.02.26-19.05.39:146][295]LogModuleManager: Shutting down and abandoning module PhysXFormats (58)
[2016.02.26-19.05.39:146][295]LogModuleManager: Shutting down and abandoning module MeshUtilities (57)
[2016.02.26-19.05.39:146][295]LogModuleManager: Shutting down and abandoning module DerivedDataCache (56)
[2016.02.26-19.05.39:156][295]LogDerivedDataCache: Shutdown
[2016.02.26-19.05.39:156][295]LogModuleManager: Shutting down and abandoning module ShaderFormatOpenGL (55)
[2016.02.26-19.05.39:156][295]LogModuleManager: Shutting down and abandoning module ShaderFormatD3D (54)
[2016.02.26-19.05.39:156][295]LogModuleManager: Shutting down and abandoning module MetalShaderFormat (53)
[2016.02.26-19.05.39:156][295]LogModuleManager: Shutting down and abandoning module TextureFormatUncompressed (52)
[2016.02.26-19.05.39:156][295]LogModuleManager: Shutting down and abandoning module TextureFormatPVR (51)
[2016.02.26-19.05.39:156][295]LogModuleManager: Shutting down and abandoning module TextureFormatIntelISPCTexComp (50)
[2016.02.26-19.05.39:156][295]LogModuleManager: Shutting down and abandoning module TextureFormatDXT (49)
[2016.02.26-19.05.39:156][295]LogModuleManager: Shutting down and abandoning module ImageWrapper (48)
[2016.02.26-19.05.39:156][295]LogModuleManager: Shutting down and abandoning module TextureFormatASTC (47)
[2016.02.26-19.05.39:156][295]LogModuleManager: Shutting down and abandoning module TextureFormatAndroid (46)
[2016.02.26-19.05.39:156][295]LogModuleManager: Shutting down and abandoning module AudioFormatOpus (45)
[2016.02.26-19.05.39:156][295]LogModuleManager: Shutting down and abandoning module AudioFormatOgg (44)
[2016.02.26-19.05.39:156][295]LogModuleManager: Shutting down and abandoning module AudioFormatADPCM (43)
[2016.02.26-19.05.39:156][295]LogModuleManager: Shutting down and abandoning module LinuxTargetPlatform (42)
[2016.02.26-19.05.39:156][295]LogModuleManager: Shutting down and abandoning module LinuxServerTargetPlatform (41)
[2016.02.26-19.05.39:156][295]LogModuleManager: Shutting down and abandoning module LinuxNoEditorTargetPlatform (40)
[2016.02.26-19.05.39:156][295]LogModuleManager: Shutting down and abandoning module Messaging (39)
[2016.02.26-19.05.39:156][295]LogModuleManager: Shutting down and abandoning module IOSTargetPlatform (38)
[2016.02.26-19.05.39:156][295]LogModuleManager: Shutting down and abandoning module HTML5TargetPlatform (37)
[2016.02.26-19.05.39:156][295]LogModuleManager: Shutting down and abandoning module Android_PVRTCTargetPlatform (36)
[2016.02.26-19.05.39:156][295]LogModuleManager: Shutting down and abandoning module Android_MultiTargetPlatform (35)
[2016.02.26-19.05.39:156][295]LogModuleManager: Shutting down and abandoning module Android_ETC2TargetPlatform (34)
[2016.02.26-19.05.39:156][295]LogModuleManager: Shutting down and abandoning module Android_ETC1TargetPlatform (33)
[2016.02.26-19.05.39:156][295]LogModuleManager: Shutting down and abandoning module Android_DXTTargetPlatform (32)
[2016.02.26-19.05.39:156][295]LogModuleManager: Shutting down and abandoning module Android_ATCTargetPlatform (31)
[2016.02.26-19.05.39:156][295]LogModuleManager: Shutting down and abandoning module Android_ASTCTargetPlatform (30)
[2016.02.26-19.05.39:156][295]LogModuleManager: Shutting down and abandoning module AndroidTargetPlatform (29)
[2016.02.26-19.05.39:156][295]LogModuleManager: Shutting down and abandoning module WindowsTargetPlatform (28)
[2016.02.26-19.05.39:156][295]LogModuleManager: Shutting down and abandoning module WindowsServerTargetPlatform (27)
[2016.02.26-19.05.39:156][295]LogModuleManager: Shutting down and abandoning module WindowsNoEditorTargetPlatform (26)
[2016.02.26-19.05.39:156][295]LogModuleManager: Shutting down and abandoning module WindowsClientTargetPlatform (25)
[2016.02.26-19.05.39:156][295]LogModuleManager: Shutting down and abandoning module AllDesktopTargetPlatform (24)
[2016.02.26-19.05.39:156][295]LogModuleManager: Shutting down and abandoning module TargetPlatform (23)
[2016.02.26-19.05.39:156][295]LogModuleManager: Shutting down and abandoning module InputCore (22)
[2016.02.26-19.05.39:156][295]LogModuleManager: Shutting down and abandoning module Settings (21)
[2016.02.26-19.05.39:157][295]LogModuleManager: Shutting down and abandoning module OnlineSubsystem (19)
[2016.02.26-19.05.39:157][295]LogModuleManager: Shutting down and abandoning module HTTP (18)
[2016.02.26-19.05.41:157][295]LogModuleManager: Shutting down and abandoning module XMPP (17)
[2016.02.26-19.05.41:157][295]LogModuleManager: Shutting down and abandoning module OculusRift (16)
[2016.02.26-19.05.41:157][295]LogHMD: Oculus shutdown.
[2016.02.26-19.05.41:157][295]LogModuleManager: Shutting down and abandoning module ExampleDeviceProfileSelector (15)
[2016.02.26-19.05.41:157][295]LogModuleManager: Shutting down and abandoning module TextureCompressor (14)
[2016.02.26-19.05.41:157][295]LogModuleManager: Shutting down and abandoning module ShaderCore (13)
[2016.02.26-19.05.41:157][295]LogModuleManager: Shutting down and abandoning module Landscape (12)
[2016.02.26-19.05.41:157][295]LogModuleManager: Shutting down and abandoning module SlateRHIRenderer (11)
[2016.02.26-19.05.41:158][295]LogModuleManager: Shutting down and abandoning module OpenGLDrv (10)
[2016.02.26-19.05.41:158][295]LogModuleManager: Shutting down and abandoning module D3D11RHI (9)
[2016.02.26-19.05.41:158][295]LogModuleManager: Shutting down and abandoning module AnimGraphRuntime (8)
[2016.02.26-19.05.41:158][295]LogModuleManager: Shutting down and abandoning module Renderer (7)
[2016.02.26-19.05.41:158][295]LogModuleManager: Shutting down and abandoning module Engine (6)
[2016.02.26-19.05.41:158][295]LogModuleManager: Shutting down and abandoning module CoreUObject (5)
[2016.02.26-19.05.41:158][295]LogModuleManager: Shutting down and abandoning module NetworkFile (4)
[2016.02.26-19.05.41:158][295]LogModuleManager: Shutting down and abandoning module StreamingFile (3)
[2016.02.26-19.05.41:158][295]LogModuleManager: Shutting down and abandoning module SandboxFile (2)
[2016.02.26-19.05.41:158][295]LogModuleManager: Shutting down and abandoning module PakFile (1)
[2016.02.26-19.05.41:160][295]LogExit: Exiting.
[2016.02.26-19.05.41:161][295]Log file closed, 02/26/16 21:05:41
