[2016.03.06-17.26.48:555][  0]Log file open, 03/06/16 19:26:48
[2016.03.06-17.26.48:555][  0]LogInit:Display: Running engine for game: TPS_Arena
[2016.03.06-17.26.48:555][  0]LogPlatformFile: Not using cached read wrapper
[2016.03.06-17.26.48:555][  0]LogInit:Display: RandInit(-373715798) SRandInit(-373715796).
[2016.03.06-17.26.48:555][  0]LogTaskGraph: Started task graph with 4 named threads and 7 total threads.
[2016.03.06-17.26.48:555][  0]LogStats: Stats thread started at 0.337886
[2016.03.06-17.26.48:555][  0]LogInit: Version: 4.10.4-2872498+++depot+UE4-Releases+4.10
[2016.03.06-17.26.48:555][  0]LogInit: API Version: 2758231
[2016.03.06-17.26.48:555][  0]LogInit: Compiled (64-bit): Feb 18 2016 15:47:04
[2016.03.06-17.26.48:555][  0]LogInit: Compiled with Visual C++: 19.00.23026.00
[2016.03.06-17.26.48:555][  0]LogInit: Build Configuration: Development
[2016.03.06-17.26.48:555][  0]LogInit: Branch Name: ++depot+UE4-Releases+4.10
[2016.03.06-17.26.48:555][  0]LogInit: Command line:  
[2016.03.06-17.26.48:555][  0]LogInit: Base directory: D:/Engine/Epic Games/4.10/Engine/Binaries/Win64/
[2016.03.06-17.26.48:555][  0]LogInit: Rocket: 1
[2016.03.06-17.26.48:573][  0]LogInit: Using libcurl 7.41.0
[2016.03.06-17.26.48:573][  0]LogInit:  - built for x86_64-pc-win32
[2016.03.06-17.26.48:573][  0]LogInit:  - supports SSL with WinSSL
[2016.03.06-17.26.48:573][  0]LogInit:  - other features:
[2016.03.06-17.26.48:573][  0]LogInit:      CURL_VERSION_SSL
[2016.03.06-17.26.48:574][  0]LogInit:      CURL_VERSION_IPV6
[2016.03.06-17.26.48:574][  0]LogInit:      CURL_VERSION_ASYNCHDNS
[2016.03.06-17.26.48:574][  0]LogInit:      CURL_VERSION_LARGEFILE
[2016.03.06-17.26.48:574][  0]LogInit:      CURL_VERSION_IDN
[2016.03.06-17.26.48:574][  0]LogInit:  CurlRequestOptions (configurable via config and command line):
[2016.03.06-17.26.48:574][  0]LogInit:  - bVerifyPeer = true  - Libcurl will verify peer certificate
[2016.03.06-17.26.48:574][  0]LogInit:  - bUseHttpProxy = false  - Libcurl will NOT use HTTP proxy
[2016.03.06-17.26.48:574][  0]LogInit:  - bDontReuseConnections = false  - Libcurl will reuse connections
[2016.03.06-17.26.48:574][  0]LogInit:  - CertBundlePath = nullptr  - Libcurl will use whatever was configured at build time.
[2016.03.06-17.26.48:597][  0]LogInit: Presizing for 0 objects not considered by GC, pre-allocating 0 bytes.
[2016.03.06-17.26.48:609][  0]LogInit: Object subsystem initialized
[2016.03.06-17.26.48:613][  0]LogInit: Selected Device Profile: [Windows]
[2016.03.06-17.26.48:613][  0]LogInit: Applying CVar settings loaded from the selected device profile: [Windows]
[2016.03.06-17.26.48:627][  0]LogInit: Computer: MIHAI-PC
[2016.03.06-17.26.48:627][  0]LogInit: User: Mihai
[2016.03.06-17.26.48:627][  0]LogInit: CPU Page size=4096, Cores=4
[2016.03.06-17.26.48:627][  0]LogInit: High frequency timer resolution =2.732460 MHz
[2016.03.06-17.26.48:627][  0]LogMemory: Memory total: Physical=10.0GB (10GB approx)
[2016.03.06-17.26.48:627][  0]LogMemory: Platform Memory Stats for Windows
[2016.03.06-17.26.48:627][  0]LogMemory: Process Physical Memory: 57.06 MB used, 57.06 MB peak
[2016.03.06-17.26.48:627][  0]LogMemory: Process Virtual Memory: 58.89 MB used, 58.89 MB peak
[2016.03.06-17.26.48:627][  0]LogMemory: Physical Memory: 9598.07 MB used, 10231.49 MB total
[2016.03.06-17.26.48:627][  0]LogMemory: Virtual Memory: 364.77 MB used, 8388608.00 MB total
[2016.03.06-17.26.48:762][  0]LogTextLocalizationManager: No specific translations for ('en-US') exist, so ('en') translations will be used.
[2016.03.06-17.26.49:442][  0]LogD3D11RHI: Found D3D11 adapter 0: NVIDIA GeForce GTX 970 (Feature Level 11_0)
[2016.03.06-17.26.49:442][  0]LogD3D11RHI: Adapter has 4007MB of dedicated video memory, 0MB of dedicated system memory, and 4859MB of shared system memory, 2 output[s]
[2016.03.06-17.26.49:442][  0]LogD3D11RHI: Chosen D3D11 Adapter Id = 0
[2016.03.06-17.26.49:458][  0]LogD3D11RHI: !Direct3DDevice
[2016.03.06-17.26.49:458][  0]LogRHI: Texture pool is 1361 MB (70% of 1945 MB)
[2016.03.06-17.26.49:469][  0]LogD3D11RHI: Async texture creation enabled
[2016.03.06-17.26.49:491][  0]LogShaderCompilers: Guid format shader working directory is 3 characters bigger than the processId version (../../../../../../Projects/Unreal/TPS_Arena/Intermediate/Shaders/WorkingDirectory/8364/).
[2016.03.06-17.26.49:491][  0]LogShaderCompilers: Cleaned the shader compiler working directory 'C:/Users/Mihai/AppData/Local/Temp/UnrealShaderWorkingDir/65D648CB443A3473881F1EA75AEC82AA/'.
[2016.03.06-17.26.49:491][  0]LogShaderCompilers:Display: Using Local Shader Compiler.
[2016.03.06-17.26.51:273][  0]LogTemp:Display: Loaded TP AllDesktopTargetPlatform
[2016.03.06-17.26.51:281][  0]LogTemp:Display: Loaded TP WindowsClientTargetPlatform
[2016.03.06-17.26.51:289][  0]LogTemp:Display: Loaded TP WindowsNoEditorTargetPlatform
[2016.03.06-17.26.51:296][  0]LogTemp:Display: Loaded TP WindowsServerTargetPlatform
[2016.03.06-17.26.51:303][  0]LogTemp:Display: Loaded TP WindowsTargetPlatform
[2016.03.06-17.26.51:310][  0]LogTemp:Display: Loaded TP AndroidTargetPlatform
[2016.03.06-17.26.51:316][  0]LogTemp:Display: Loaded TP Android_ASTCTargetPlatform
[2016.03.06-17.26.51:320][  0]LogTemp:Display: Loaded TP Android_ATCTargetPlatform
[2016.03.06-17.26.51:326][  0]LogTemp:Display: Loaded TP Android_DXTTargetPlatform
[2016.03.06-17.26.51:331][  0]LogTemp:Display: Loaded TP Android_ETC1TargetPlatform
[2016.03.06-17.26.51:335][  0]LogTemp:Display: Loaded TP Android_ETC2TargetPlatform
[2016.03.06-17.26.51:346][  0]LogTemp:Display: Loaded TP Android_MultiTargetPlatform
[2016.03.06-17.26.51:346][  0]LogTemp:Display: Loaded TP Android_PVRTCTargetPlatform
[2016.03.06-17.26.51:348][  0]LogTemp:Display: Loaded TP HTML5TargetPlatform
[2016.03.06-17.26.51:378][  0]LogTemp:Display: Loaded TP IOSTargetPlatform
[2016.03.06-17.26.51:383][  0]LogTemp:Display: Loaded TP LinuxNoEditorTargetPlatform
[2016.03.06-17.26.51:389][  0]LogTemp:Display: Loaded TP LinuxServerTargetPlatform
[2016.03.06-17.26.51:394][  0]LogTemp:Display: Loaded TP LinuxTargetPlatform
[2016.03.06-17.26.51:394][  0]LogTargetPlatformManager:Display: Building Assets For Windows
[2016.03.06-17.26.51:592][  0]LogDerivedDataCache:Display: Max Cache Size: 512 MB
[2016.03.06-17.26.52:123][  0]LogDerivedDataCache: Loaded boot cache 0.53s 69MB C:/Users/Mihai/AppData/Local/UnrealEngine/4.10/DerivedDataCache/Boot.ddc.
[2016.03.06-17.26.52:123][  0]LogDerivedDataCache:Display: Loaded Boot cache: C:/Users/Mihai/AppData/Local/UnrealEngine/4.10/DerivedDataCache/Boot.ddc
[2016.03.06-17.26.52:123][  0]LogDerivedDataCache: FDerivedDataBackendGraph:  Pak pak cache file ../../../../../../Projects/Unreal/TPS_Arena/DerivedDataCache/DDC.ddp not found, will not use a pak cache.
[2016.03.06-17.26.52:123][  0]LogDerivedDataCache: Unable to find inner node Pak for hierarchical cache Hierarchy.
[2016.03.06-17.26.52:123][  0]LogDerivedDataCache: FDerivedDataBackendGraph:  CompressedPak pak cache file ../../../../../../Projects/Unreal/TPS_Arena/DerivedDataCache/Compressed.ddp not found, will not use a pak cache.
[2016.03.06-17.26.52:123][  0]LogDerivedDataCache: Unable to find inner node CompressedPak for hierarchical cache Hierarchy.
[2016.03.06-17.26.52:223][  0]LogDerivedDataCache:Display: Pak cache opened for reading ../../../Engine/DerivedDataCache/Compressed.ddp.
[2016.03.06-17.26.52:235][  0]LogDerivedDataCache: Using Local data cache path C:/Users/Mihai/AppData/Local/UnrealEngine/Common/DerivedDataCache: Writable
[2016.03.06-17.26.53:212][  0]LogInit: Selected Device Profile: [Windows]
[2016.03.06-17.26.53:213][  0]LogContentStreaming: Texture pool size is 0.000000MB
[2016.03.06-17.26.53:297][  0]LogMeshUtilities: No automatic mesh reduction module available
[2016.03.06-17.26.53:297][  0]LogMeshUtilities: No automatic mesh merging module available
[2016.03.06-17.26.53:834][  0]LogInit: WinSock: version 1.1 (2.2), MaxSocks=32767, MaxUdp=65467
[2016.03.06-17.26.56:962][  0]LogAssetRegistry: FAssetRegistry took 0.0099 seconds to start up
[2016.03.06-17.26.56:983][  0]UdpMessaging: Initializing bridge on interface 0.0.0.0:0 to multicast group 230.0.0.1:6666.
[2016.03.06-17.26.57:390][  0]SourceControl: Info Source control is disabled
[2016.03.06-17.26.57:563][  0]SourceControl: Info Source control is disabled
[2016.03.06-17.26.57:581][  0]SourceControl: Info Source control is disabled
[2016.03.06-17.26.57:596][  0]SourceControl: Info Source control is disabled
[2016.03.06-17.26.57:966][  0]LogObj: 28802 objects as part of root set at end of initial load.
[2016.03.06-17.26.57:966][  0]LogUObjectAllocator: 6129776 out of 0 bytes used by permanent object pool.
[2016.03.06-17.26.58:072][  0]LogEngine: Initializing Engine...
[2016.03.06-17.26.58:079][  0]OCULUS: Info: 03/06/16 17:26:58: [CAPI] LibOVR module is located at C:\Windows\system32\LibOVRRT64_0_8.dll

[2016.03.06-17.26.58:090][  0]OCULUS: Info: 03/06/16 17:26:58: [IPC] Call Stats for SetInitialState : x1: C2S=27.0818, S2C=8.05135, Runtime=2584.48 (microseconds) C2Ssize=80, S2Csize=81 (bytes)

[2016.03.06-17.26.58:091][  0]OCULUS: Info: 03/06/16 17:26:58: [IPC] Call Stats for IsLatencyTesterAvailable : x1: C2S=13.5409, S2C=6.2215, Runtime=816.48 (microseconds) C2Ssize=33, S2Csize=18 (bytes)

[2016.03.06-17.26.58:105][  0]LogHMD: SteamVR failed to initialize.  Err: 110
[2016.03.06-17.26.58:287][  0]LogAIModule: Creating AISystem for world NewWorld
[2016.03.06-17.26.58:301][  0]LogInit: XAudio2 using 'Speakers / Headphones (Plantronics HD1)' : 8 channels at 48 kHz using 24 bits per sample (channel mask 0x63f)
[2016.03.06-17.26.58:340][  0]LogInit: FAudioDevice initialized.
[2016.03.06-17.26.58:390][  0]LogDerivedDataCache: Saved boot cache 0.05s 69MB C:/Users/Mihai/AppData/Local/UnrealEngine/4.10/DerivedDataCache/Boot.ddc.
[2016.03.06-17.26.58:414][  0]LogInit: Texture streaming: Enabled
[2016.03.06-17.26.58:421][  0]LogAnalytics: Creating configured Analytics provider AnalyticsET
[2016.03.06-17.26.58:421][  0]LogAnalytics: [UEEditor.Rocket.Release] APIServer = http://et2.epicgames.com/ET2/. AppVersion = 4.10.4-2872498+++depot+UE4-Releases+4.10
[2016.03.06-17.26.58:422][  0]LogAnalytics: [UEEditor.Rocket.Release] SetUserId 3cb8ffe24e727d20e488f6a0703d071e|cfb1085945c1478380d1e808dae35820|2cf12e5c-4aaa-4bd5-bb24-20c657141085
[2016.03.06-17.26.58:422][  0]LogAnalytics: [UEEditor.Rocket.Release] AnalyticsET::StartSession
[2016.03.06-17.26.58:434][  0]LogInit: Transaction tracking system initialized
[2016.03.06-17.26.58:490][  0]BlueprintLog: New page: Editor Load
[2016.03.06-17.26.58:648][  0]LocalizationService: Info Localization service is disabled
[2016.03.06-17.26.58:746][  0]LogLinker:Warning: Can't find file '/Game/ThirdPersonBP/ThirdPersonOverview'
[2016.03.06-17.26.58:747][  0]LogLinker:Warning: Can't find file '/Game/ThirdPersonBP/ThirdPersonOverview'
[2016.03.06-17.26.58:747][  0]LogUObjectGlobals:Warning: Failed to find object 'Class /Game/ThirdPersonBP/ThirdPersonOverview.ThirdPersonOverview_C'
[2016.03.06-17.26.58:780][  0]LogConsoleResponse:Display: 
[2016.03.06-17.26.59:023][  0]LogCook:Display: Done creating registry. It took  0.00s.
[2016.03.06-17.26.59:137][  0]LogFileCache: Scanning file cache for directory 'D:/Projects/Unreal/TPS_Arena/Content/' took 0.04s
[2016.03.06-17.26.59:137][  0]SourceControl: Info Source control is disabled
[2016.03.06-17.26.59:138][  0]Cmd: MAP LOAD FILE="../../../../../../Projects/Unreal/TPS_Arena/Content/Levels/characterTesting.umap" TEMPLATE=0 SHOWPROGRESS=1 FEATURELEVEL=3
[2016.03.06-17.26.59:140][  0]LightingResults: New page: Lighting Build
[2016.03.06-17.26.59:145][  0]MapCheck: New page: Map Check
[2016.03.06-17.26.59:145][  0]LightingResults: New page: Lighting Build
[2016.03.06-17.26.59:160][  0]LogParticles: Destroying 0 GPU particle simulations for FXSystem 0x0000000025DCAAC0
[2016.03.06-17.26.59:999][  0]LogAIModule: Creating AISystem for world characterTesting
[2016.03.06-17.27.00:054][  0]LogEditorServer: Finished looking for orphan Actors (0.000 secs)
[2016.03.06-17.27.00:055][  0]Cmd: MAP CHECKDEP NOCLEARLOG
[2016.03.06-17.27.00:114][  0]MapCheck: Info Map check complete: 0 Error(s), 0 Warning(s), took 58.897ms to complete.
[2016.03.06-17.27.00:114][  0]LogFileHelpers: Loading map 'characterTesting' took 0.975
[2016.03.06-17.27.00:251][  0]LogCollectionManager: Loaded 0 collections in 0.002665 seconds
[2016.03.06-17.27.00:295][  0]LogFileCache: Scanning file cache for directory 'D:/Projects/Unreal/TPS_Arena/Saved/Collections/' took 0.01s
[2016.03.06-17.27.00:295][  0]LogFileCache: Scanning file cache for directory 'D:/Projects/Unreal/TPS_Arena/Content/Developers/Mihai/Collections/' took 0.01s
[2016.03.06-17.27.00:295][  0]LogFileCache: Scanning file cache for directory 'D:/Projects/Unreal/TPS_Arena/Content/Collections/' took 0.01s
[2016.03.06-17.27.00:295][  0]LogCollectionManager: Rebuilt the GUID cache for 0 collections in 0.000003 seconds
[2016.03.06-17.27.00:307][  0]LogContentBrowser: Native class hierarchy populated in 0.0114 seconds. Added 1908 classes and 344 folders.
[2016.03.06-17.27.00:317][  0]LogContentBrowser: Native class hierarchy updated for 'WidgetCarousel' in 0.0004 seconds. Added 0 classes and 0 folders.
[2016.03.06-17.27.00:516][  0]LogContentBrowser: Native class hierarchy updated for 'AddContentDialog' in 0.0004 seconds. Added 0 classes and 0 folders.
[2016.03.06-17.27.00:522][  0]LogContentBrowser: Native class hierarchy updated for 'SceneOutliner' in 0.0004 seconds. Added 1 classes and 2 folders.
[2016.03.06-17.27.00:571][  0]LogCrashTracker: Crashtracker disabled due to settings.
[2016.03.06-17.27.00:577][  0]LogUObjectGlobals:Warning: Failed to find object 'Class None.'
[2016.03.06-17.27.00:599][  0]LogLoad: Full Startup: 13.17 seconds (BP compile: 0.08 seconds)
[2016.03.06-17.27.00:608][  0]LogOcInput: OculusInput is initialized. Init status 0. Runtime version: 0.8.0.0
[2016.03.06-17.27.00:678][  0]LogContentStreaming: Texture pool size now 1000 MB
[2016.03.06-17.27.00:847][  0]LogRenderer: Reallocating scene render targets to support 1208x572 (Frame:2).
[2016.03.06-17.27.01:448][  3]LogAssetRegistry: Asset discovery search completed in 4.4949 seconds
[2016.03.06-17.27.01:448][  3]LogCollectionManager: Rebuilt the object cache for 0 collections in 0.000001 seconds (found 0 objects)
[2016.03.06-17.27.01:448][  3]LogCollectionManager: Fixed up redirectors for 0 collections in 0.000022 seconds (updated 0 objects)
[2016.03.06-17.27.09:940][926]LogPlayLevel: PlayLevel: No blueprints needed recompiling
[2016.03.06-17.27.09:942][926]PIE: New page: PIE session: characterTesting (Mar 6, 2016, 9:27:09 PM)
[2016.03.06-17.27.09:942][926]LogPlayLevel: Creating play world package: /Game/Levels/UEDPIE_0_characterTesting
[2016.03.06-17.27.10:118][926]LogPlayLevel: PIE: StaticDuplicateObject took: (0.175559s)
[2016.03.06-17.27.10:119][926]LogAIModule: Creating AISystem for world characterTesting
[2016.03.06-17.27.10:120][926]LogPlayLevel: PIE: World Init took: (0.001619s)
[2016.03.06-17.27.10:120][926]LogPlayLevel: PIE: Created PIE world by copying editor world from /Game/Levels/characterTesting.characterTesting to /Game/Levels/UEDPIE_0_characterTesting.characterTesting (0.177557s)
[2016.03.06-17.27.10:147][926]LogInit: XAudio2 using 'Speakers / Headphones (Plantronics HD1)' : 8 channels at 48 kHz using 24 bits per sample (channel mask 0x63f)
[2016.03.06-17.27.10:154][926]LogInit: FAudioDevice initialized.
[2016.03.06-17.27.11:902][926]LogWorld: Game class is 'ThirdPersonGameMode_C'
[2016.03.06-17.27.11:952][926]LogWorld: Bringing World /Game/Levels/UEDPIE_0_characterTesting.characterTesting up for play (max tick rate 0) at 2016.03.06-19.27.11
[2016.03.06-17.27.11:952][926]LogActor:Warning: GameSession /Game/Levels/UEDPIE_0_characterTesting.characterTesting:PersistentLevel.GameSession_0 has natively added scene component(s), but none of them were set as the actor's RootComponent - picking one arbitrarily
[2016.03.06-17.27.11:952][926]LogActor:Warning: GameNetworkManager /Game/Levels/UEDPIE_0_characterTesting.characterTesting:PersistentLevel.GameNetworkManager_0 has natively added scene component(s), but none of them were set as the actor's RootComponent - picking one arbitrarily
[2016.03.06-17.27.11:958][926]LogWorld: Bringing up level for play took: 0.054765
[2016.03.06-17.27.11:987][926]PIE: Info Play in editor start time for /Game/Levels/UEDPIE_0_characterTesting 2.128
[2016.03.06-17.27.12:337][927]LogRenderer: Reallocating scene render targets to support 1208x600 (Frame:809).
[2016.03.06-17.30.37:023][281]LogParticles: Destroying 0 GPU particle simulations for FXSystem 0x000000002B3482C0
[2016.03.06-17.30.41:519][757]LogPlayLevel: PlayLevel: No blueprints needed recompiling
[2016.03.06-17.30.41:525][757]PIE: New page: PIE session: characterTesting (Mar 6, 2016, 9:30:41 PM)
[2016.03.06-17.30.41:525][757]LogPlayLevel: Creating play world package: /Game/Levels/UEDPIE_1_characterTesting
[2016.03.06-17.30.41:709][757]LogPlayLevel: PIE: StaticDuplicateObject took: (0.184637s)
[2016.03.06-17.30.41:711][757]LogAIModule: Creating AISystem for world characterTesting
[2016.03.06-17.30.41:711][757]LogPlayLevel: PIE: World Init took: (0.001904s)
[2016.03.06-17.30.41:712][757]LogPlayLevel: PIE: Created PIE world by copying editor world from /Game/Levels/characterTesting.characterTesting to /Game/Levels/UEDPIE_1_characterTesting.characterTesting (0.186997s)
[2016.03.06-17.30.41:734][757]LogInit: XAudio2 using 'Speakers / Headphones (Plantronics HD1)' : 8 channels at 48 kHz using 24 bits per sample (channel mask 0x63f)
[2016.03.06-17.30.41:741][757]LogInit: FAudioDevice initialized.
[2016.03.06-17.30.41:818][757]LogWorld: Game class is 'ThirdPersonGameMode_C'
[2016.03.06-17.30.41:867][757]LogWorld: Bringing World /Game/Levels/UEDPIE_1_characterTesting.characterTesting up for play (max tick rate 0) at 2016.03.06-19.30.41
[2016.03.06-17.30.41:870][757]LogActor:Warning: GameSession /Game/Levels/UEDPIE_1_characterTesting.characterTesting:PersistentLevel.GameSession_1 has natively added scene component(s), but none of them were set as the actor's RootComponent - picking one arbitrarily
[2016.03.06-17.30.41:870][757]LogActor:Warning: GameNetworkManager /Game/Levels/UEDPIE_1_characterTesting.characterTesting:PersistentLevel.GameNetworkManager_1 has natively added scene component(s), but none of them were set as the actor's RootComponent - picking one arbitrarily
[2016.03.06-17.30.41:876][757]LogWorld: Bringing up level for play took: 0.056057
[2016.03.06-17.30.41:879][757]LogInit: WinSock: Socket queue 131072 / 131072
[2016.03.06-17.30.41:886][757]LogInit: WinSock: I am Mihai-PC (192.168.100.2:0)
[2016.03.06-17.30.41:887][757]LogNet: GameNetDriver IpNetDriver_0 IpNetDriver listening on port 7777
[2016.03.06-17.30.41:910][757]PIE: Info Play in editor start time for /Game/Levels/UEDPIE_1_characterTesting 0.049
[2016.03.06-17.30.41:915][757]PIE: New page: PIE session: characterTesting (Mar 6, 2016, 9:30:41 PM)
[2016.03.06-17.30.41:994][757]LogNet: Browse: 127.0.0.1//Game/Levels/characterTesting
[2016.03.06-17.30.41:994][757]LogInit: WinSock: Socket queue 32768 / 32768
[2016.03.06-17.30.41:995][757]LogNet: Game client on port 7777, rate 10000
[2016.03.06-17.30.41:995][757]LogNet: GetLocalNetworkVersion: GEngineNetVersion: 2872498, ProjectName: tps_arena, ProjectVersion: 1.0.0.0, InternalProtocolVersion: 9, LocalNetworkVersion: 291234509
[2016.03.06-17.30.42:017][757]PIE: Info Play in editor start time for /Game/Levels/characterTesting 0.156
[2016.03.06-17.30.42:024][757]LogNet: NotifyAcceptingConnection: Server characterTesting accept
[2016.03.06-17.30.42:024][757]LogNet: Open characterTesting 03/06/16 19:30:42 127.0.0.1
[2016.03.06-17.30.42:024][757]LogNet: Added client connection.  Remote address = 127.0.0.1:59524
[2016.03.06-17.30.42:025][757]LogNet: NotifyAcceptingChannel Control 0 server World /Game/Levels/UEDPIE_1_characterTesting.characterTesting: Accepted
[2016.03.06-17.30.42:025][757]LogNet: Remote platform little endian=1
[2016.03.06-17.30.42:025][757]LogNet: This platform little endian=1
[2016.03.06-17.30.42:026][757]LogNet: GetLocalNetworkVersion: GEngineNetVersion: 2872498, ProjectName: tps_arena, ProjectVersion: 1.0.0.0, InternalProtocolVersion: 9, LocalNetworkVersion: 291234509
[2016.03.06-17.30.42:042][758]LogNet: Login request: /Game/Levels/characterTesting userId: Invalid
[2016.03.06-17.30.42:043][758]LogNet: Welcomed by server (Level: /Game/Levels/UEDPIE_1_characterTesting, Game: /Game/MasterBlueprints/Player/ThirdPersonGameMode.ThirdPersonGameMode_C)
[2016.03.06-17.30.42:376][758]LogLoad: LoadMap: 127.0.0.1//Game/Levels/UEDPIE_1_characterTesting?game=/Game/MasterBlueprints/Player/ThirdPersonGameMode.ThirdPersonGameMode_C
[2016.03.06-17.30.42:392][758]LogParticles: Destroying 0 GPU particle simulations for FXSystem 0x000000006A502160
[2016.03.06-17.30.42:394][758]Cmd: MEM
[2016.03.06-17.30.42:412][758]LogMemory: Platform Memory Stats for Windows
[2016.03.06-17.30.42:412][758]LogMemory: Process Physical Memory: 882.12 MB used, 923.83 MB peak
[2016.03.06-17.30.42:412][758]LogMemory: Process Virtual Memory: 1707.62 MB used, 1740.17 MB peak
[2016.03.06-17.30.42:412][758]LogMemory: Physical Memory: 2248.50 MB used, 10231.49 MB total
[2016.03.06-17.30.42:412][758]LogMemory: Virtual Memory: 2335.69 MB used, 8388608.00 MB total
[2016.03.06-17.30.42:412][758]LogMemory: 
[2016.03.06-17.30.42:412][758]Allocator Stats for TBB: (not implemented)
[2016.03.06-17.30.42:605][758]LogWorld: PIE: Copying PIE streaming level from /Game/Levels/characterTesting.characterTesting to /Game/Levels/UEDPIE_2_characterTesting.characterTesting. OwningWorld: None
[2016.03.06-17.30.42:607][758]LogAIModule: Creating AISystem for world characterTesting
[2016.03.06-17.30.42:654][758]LogWorld: Bringing World /Game/Levels/UEDPIE_2_characterTesting.characterTesting up for play (max tick rate 0) at 2016.03.06-19.30.42
[2016.03.06-17.30.42:659][758]LogWorld: Bringing up level for play took: 0.050534
[2016.03.06-17.30.42:673][759]LogNet: Client netspeed is 10000
[2016.03.06-17.30.42:674][759]LogNet: Join request: /Game/Levels/characterTesting?SplitscreenCount=1
[2016.03.06-17.30.42:683][759]LogNet: Join succeeded: 258
[2016.03.06-17.31.07:008][963]LogNet:Warning: UIpNetDriver::ProcesRemoteFunction: No owning connection for actor ThirdPersonCharacter_C_4. Function ServerReloadLookUp will not be processed.
[2016.03.06-17.31.16:400][694]LogNet:Warning: UIpNetDriver::ProcesRemoteFunction: No owning connection for actor ThirdPersonCharacter_C_4. Function ServerReloadLookUp will not be processed.
[2016.03.06-17.32.55:300][531]LogSpawn:Warning: SpawnActor failed because we are in the process of tearing down the world
[2016.03.06-17.32.55:369][531]LogNet: UChannel::CleanUp: [GameNetDriver] [PlayerController_3] [PlayerController_3]. ChIndex == 0. Closing connection.
[2016.03.06-17.32.55:369][531]LogNet: UNetConnection::Close: Name: IpConnection_1, Driver: GameNetDriver IpNetDriver_0, PC: PlayerController_3, Owner: PlayerController_3, Channels: 22, RemoteAddr: 127.0.0.1:59524, Time: 2016.03.06-17.32.55
[2016.03.06-17.32.55:369][531]LogNet: UChannel::Close: Sending CloseBunch. ChIndex == 0. Name: ControlChannel_1
[2016.03.06-17.32.55:369][531]LogNet: UChannel::CleanUp: [GameNetDriver] [PlayerController_4] [PlayerController_4]. ChIndex == 0. Closing connection.
[2016.03.06-17.32.55:369][531]LogNet: UNetConnection::Close: Name: IpConnection_0, Driver: GameNetDriver IpNetDriver_1, PC: PlayerController_4, Owner: PlayerController_4, Channels: 22, RemoteAddr: 127.0.0.1:7777, Time: 2016.03.06-17.32.55
[2016.03.06-17.32.55:369][531]LogNet: UChannel::Close: Sending CloseBunch. ChIndex == 0. Name: ControlChannel_0
[2016.03.06-17.32.55:378][531]LogExit: GameNetDriver None shut down
[2016.03.06-17.32.55:378][531]LogExit: GameNetDriver None shut down
[2016.03.06-17.32.55:411][531]LogParticles: Destroying 0 GPU particle simulations for FXSystem 0x000000006A88C860
[2016.03.06-17.32.55:411][531]LogParticles: Destroying 0 GPU particle simulations for FXSystem 0x000000006A594F40
[2016.03.06-17.33.52:938][  3]LogLinker:Warning: Asset '../../../Engine/Content/ArtTools/RenderToTexture/Macros/RenderToTextureMacros.uasset' has been saved with empty engine version. The asset will be loaded but may be incompatible.
[2016.03.06-17.33.53:587][  3]LogContentBrowser: Native class hierarchy updated for 'BlueprintGraph' in 0.0012 seconds. Added 107 classes and 0 folders.
[2016.03.06-17.37.40:644][218]LogActorComponent: UnregisterComponent: (/Engine/Transient.CharMoveComp) Not registered. Aborting.
[2016.03.06-17.37.41:773][270]LogActorComponent: UnregisterComponent: (/Engine/Transient.CharacterMovementComponent_0) Not registered. Aborting.
[2016.03.06-17.37.56:453][405]BlueprintLog: New page: Compile ThirdPersonCharacter
[2016.03.06-17.37.56:843][405]LogActorComponent: UnregisterComponent: (/Engine/Transient.CharacterMovementComponent_1) Not registered. Aborting.
[2016.03.06-17.37.56:916][405]BlueprintEditorCompileResults: Info [0669.48] Compile of ThirdPersonCharacter successful! [in 463 ms]
[2016.03.06-17.40.12:456][ 47]LogEditorTransaction: Undo Create Pin Link
[2016.03.06-17.40.12:490][ 47]LogActorComponent: UnregisterComponent: (/Engine/Transient.CharMoveComp) Not registered. Aborting.
[2016.03.06-17.40.13:401][ 86]LogEditorTransaction: Undo Move Node
[2016.03.06-17.40.13:439][ 86]LogActorComponent: UnregisterComponent: (/Engine/Transient.CharacterMovementComponent_2) Not registered. Aborting.
[2016.03.06-17.40.13:956][104]LogEditorTransaction: Undo Create Pin Link
[2016.03.06-17.40.13:995][104]LogActorComponent: UnregisterComponent: (/Engine/Transient.CharacterMovementComponent_3) Not registered. Aborting.
[2016.03.06-17.40.14:473][119]LogEditorTransaction: Undo Delete current selection
[2016.03.06-17.40.14:510][119]LogActorComponent: UnregisterComponent: (/Engine/Transient.CharacterMovementComponent_4) Not registered. Aborting.
[2016.03.06-17.40.15:129][143]LogEditorTransaction: Undo Delete current selection
[2016.03.06-17.40.15:185][143]LogActorComponent: UnregisterComponent: (/Engine/Transient.CharacterMovementComponent_5) Not registered. Aborting.
[2016.03.06-17.40.15:841][171]LogEditorTransaction: Undo Delete current selection
[2016.03.06-17.40.15:917][171]LogActorComponent: UnregisterComponent: (/Engine/Transient.CharacterMovementComponent_6) Not registered. Aborting.
[2016.03.06-17.40.35:853][124]LogActorComponent: UnregisterComponent: (/Engine/Transient.CharacterMovementComponent_7) Not registered. Aborting.
[2016.03.06-17.43.41:248][708]LogActorComponent: UnregisterComponent: (/Engine/Transient.CharacterMovementComponent_8) Not registered. Aborting.
[2016.03.06-17.44.13:520][290]BlueprintLog: New page: Compile ThirdPersonCharacter
[2016.03.06-17.44.13:808][290]LogUObjectGlobals:Warning: Guid is in use by CapsuleComponent /Engine/Transient.World_5:PersistentLevel.ThirdPersonCharacter_C_5.CollisionCylinder and CapsuleComponent /Engine/Transient.World_5:PersistentLevel.ThirdPersonCharacter_C_0.CollisionCylinder, which should never happen in the editor but could happen at runtime with duplicate level loading or PIE
[2016.03.06-17.44.13:808][290]LogUObjectGlobals:Warning: Guid is in use by ArrowComponent /Engine/Transient.World_5:PersistentLevel.ThirdPersonCharacter_C_5.Arrow and ArrowComponent /Engine/Transient.World_5:PersistentLevel.ThirdPersonCharacter_C_0.Arrow, which should never happen in the editor but could happen at runtime with duplicate level loading or PIE
[2016.03.06-17.44.13:808][290]LogUObjectGlobals:Warning: Guid is in use by CharacterMovementComponent /Engine/Transient.World_5:PersistentLevel.ThirdPersonCharacter_C_5.CharMoveComp and CharacterMovementComponent /Engine/Transient.World_5:PersistentLevel.ThirdPersonCharacter_C_0.CharMoveComp, which should never happen in the editor but could happen at runtime with duplicate level loading or PIE
[2016.03.06-17.44.13:808][290]LogUObjectGlobals:Warning: Guid is in use by SkeletalMeshComponent /Engine/Transient.World_5:PersistentLevel.ThirdPersonCharacter_C_5.CharacterMesh0 and SkeletalMeshComponent /Engine/Transient.World_5:PersistentLevel.ThirdPersonCharacter_C_0.CharacterMesh0, which should never happen in the editor but could happen at runtime with duplicate level loading or PIE
[2016.03.06-17.44.13:809][290]LogWindows:Error: Windows GetLastError: The operation completed successfully. (0)
[2016.03.06-17.44.14:362][290]LogCrashTracker: 


[2016.03.06-17.44.14:366][290]LogCrashTracker: 


[2016.03.06-17.44.14:366][290]LogWindows:Error: === Critical error: ===
Assertion failed: ChildCount > AttachChildren.Num() [File:D:\BuildFarm\buildmachine_++depot+UE4-Releases+4.10\Engine\Source\Runtime\Engine\Private\Components\SceneComponent.cpp] [Line: 680] 
AttachChildren count increased while detaching 'TRASH_TextRenderComponent_39', likely caused by OnAttachmentChanged introducing new children, which could lead to an infinite loop.




[2016.03.06-17.44.14:440][290]LogExit: Executing StaticShutdownAfterError
[2016.03.06-17.44.14:447][290]LogPhysics:Warning: PHYSX: ..\..\PhysX\src\NpScene.cpp (2946) 8 : PxScene::unlockWrite() called without matching call to PxScene::lockWrite(), behaviour will be undefined.
[2016.03.06-17.44.14:447][290]LogPhysics:Warning: PHYSX: ..\..\PhysX\src\NpScene.cpp (2946) 8 : PxScene::unlockWrite() called without matching call to PxScene::lockWrite(), behaviour will be undefined.
[2016.03.06-17.44.14:447][290]LogPhysics:Warning: PHYSX: ..\..\PhysX\src\NpScene.cpp (2946) 8 : PxScene::unlockWrite() called without matching call to PxScene::lockWrite(), behaviour will be undefined.
[2016.03.06-17.44.14:448][290]LogPhysics:Warning: PHYSX: ..\..\PhysX\src\NpScene.cpp (2946) 8 : PxScene::unlockWrite() called without matching call to PxScene::lockWrite(), behaviour will be undefined.
[2016.03.06-17.44.14:448][290]LogWindows: FPlatformMisc::RequestExit(1)
[2016.03.06-17.44.14:448][290]Log file closed, 03/06/16 19:44:14
