[2016.02.25-23.48.20:548][  0]Log file open, 02/26/16 01:48:20
[2016.02.25-23.48.20:548][  0]LogInit:Display: Running engine for game: TPS_Arena
[2016.02.25-23.48.20:548][  0]LogPlatformFile: Not using cached read wrapper
[2016.02.25-23.48.20:548][  0]LogInit:Display: RandInit(-587160159) SRandInit(-587160155).
[2016.02.25-23.48.20:548][  0]LogTaskGraph: Started task graph with 4 named threads and 7 total threads.
[2016.02.25-23.48.20:548][  0]LogStats: Stats thread started at 0.091441
[2016.02.25-23.48.20:548][  0]LogInit: Version: 4.10.4-2872498+++depot+UE4-Releases+4.10
[2016.02.25-23.48.20:548][  0]LogInit: API Version: 2758231
[2016.02.25-23.48.20:548][  0]LogInit: Compiled (64-bit): Feb 18 2016 15:47:04
[2016.02.25-23.48.20:548][  0]LogInit: Compiled with Visual C++: 19.00.23026.00
[2016.02.25-23.48.20:548][  0]LogInit: Build Configuration: Development
[2016.02.25-23.48.20:548][  0]LogInit: Branch Name: ++depot+UE4-Releases+4.10
[2016.02.25-23.48.20:548][  0]LogInit: Command line:  
[2016.02.25-23.48.20:548][  0]LogInit: Base directory: D:/Engine/Epic Games/4.10/Engine/Binaries/Win64/
[2016.02.25-23.48.20:548][  0]LogInit: Rocket: 1
[2016.02.25-23.48.20:558][  0]LogInit: Using libcurl 7.41.0
[2016.02.25-23.48.20:558][  0]LogInit:  - built for x86_64-pc-win32
[2016.02.25-23.48.20:558][  0]LogInit:  - supports SSL with WinSSL
[2016.02.25-23.48.20:558][  0]LogInit:  - other features:
[2016.02.25-23.48.20:558][  0]LogInit:      CURL_VERSION_SSL
[2016.02.25-23.48.20:558][  0]LogInit:      CURL_VERSION_IPV6
[2016.02.25-23.48.20:558][  0]LogInit:      CURL_VERSION_ASYNCHDNS
[2016.02.25-23.48.20:559][  0]LogInit:      CURL_VERSION_LARGEFILE
[2016.02.25-23.48.20:559][  0]LogInit:      CURL_VERSION_IDN
[2016.02.25-23.48.20:559][  0]LogInit:  CurlRequestOptions (configurable via config and command line):
[2016.02.25-23.48.20:559][  0]LogInit:  - bVerifyPeer = true  - Libcurl will verify peer certificate
[2016.02.25-23.48.20:559][  0]LogInit:  - bUseHttpProxy = false  - Libcurl will NOT use HTTP proxy
[2016.02.25-23.48.20:559][  0]LogInit:  - bDontReuseConnections = false  - Libcurl will reuse connections
[2016.02.25-23.48.20:559][  0]LogInit:  - CertBundlePath = nullptr  - Libcurl will use whatever was configured at build time.
[2016.02.25-23.48.20:569][  0]LogInit: Presizing for 0 objects not considered by GC, pre-allocating 0 bytes.
[2016.02.25-23.48.20:578][  0]LogInit: Object subsystem initialized
[2016.02.25-23.48.20:579][  0]LogInit: Selected Device Profile: [Windows]
[2016.02.25-23.48.20:579][  0]LogInit: Applying CVar settings loaded from the selected device profile: [Windows]
[2016.02.25-23.48.20:590][  0]LogInit: Computer: MIHAI-PC
[2016.02.25-23.48.20:590][  0]LogInit: User: Mihai
[2016.02.25-23.48.20:590][  0]LogInit: CPU Page size=4096, Cores=4
[2016.02.25-23.48.20:590][  0]LogInit: High frequency timer resolution =2.732460 MHz
[2016.02.25-23.48.20:590][  0]LogMemory: Memory total: Physical=10.0GB (10GB approx)
[2016.02.25-23.48.20:590][  0]LogMemory: Platform Memory Stats for Windows
[2016.02.25-23.48.20:590][  0]LogMemory: Process Physical Memory: 56.98 MB used, 56.98 MB peak
[2016.02.25-23.48.20:590][  0]LogMemory: Process Virtual Memory: 58.90 MB used, 58.90 MB peak
[2016.02.25-23.48.20:590][  0]LogMemory: Physical Memory: 3109.27 MB used, 10231.49 MB total
[2016.02.25-23.48.20:590][  0]LogMemory: Virtual Memory: 364.77 MB used, 8388608.00 MB total
[2016.02.25-23.48.20:647][  0]LogTextLocalizationManager: No specific translations for ('en-US') exist, so ('en') translations will be used.
[2016.02.25-23.48.21:211][  0]LogD3D11RHI: Found D3D11 adapter 0: NVIDIA GeForce GTX 970 (Feature Level 11_0)
[2016.02.25-23.48.21:211][  0]LogD3D11RHI: Adapter has 4007MB of dedicated video memory, 0MB of dedicated system memory, and 4859MB of shared system memory, 2 output[s]
[2016.02.25-23.48.21:211][  0]LogD3D11RHI: Chosen D3D11 Adapter Id = 0
[2016.02.25-23.48.21:229][  0]LogD3D11RHI: !Direct3DDevice
[2016.02.25-23.48.21:230][  0]LogRHI: Texture pool is 1361 MB (70% of 1945 MB)
[2016.02.25-23.48.21:243][  0]LogD3D11RHI: Async texture creation enabled
[2016.02.25-23.48.21:261][  0]LogShaderCompilers: Guid format shader working directory is 3 characters bigger than the processId version (../../../../../../Projects/Unreal/TPS_Arena/Intermediate/Shaders/WorkingDirectory/2864/).
[2016.02.25-23.48.21:262][  0]LogShaderCompilers: Cleaned the shader compiler working directory 'C:/Users/Mihai/AppData/Local/Temp/UnrealShaderWorkingDir/AB7C5E5149C6463B9C01B1BFD589FBDD/'.
[2016.02.25-23.48.21:262][  0]LogShaderCompilers:Display: Using Local Shader Compiler.
[2016.02.25-23.48.22:304][  0]LogTemp:Display: Loaded TP AllDesktopTargetPlatform
[2016.02.25-23.48.22:309][  0]LogTemp:Display: Loaded TP WindowsClientTargetPlatform
[2016.02.25-23.48.22:315][  0]LogTemp:Display: Loaded TP WindowsNoEditorTargetPlatform
[2016.02.25-23.48.22:321][  0]LogTemp:Display: Loaded TP WindowsServerTargetPlatform
[2016.02.25-23.48.22:327][  0]LogTemp:Display: Loaded TP WindowsTargetPlatform
[2016.02.25-23.48.22:330][  0]LogTemp:Display: Loaded TP AndroidTargetPlatform
[2016.02.25-23.48.22:334][  0]LogTemp:Display: Loaded TP Android_ASTCTargetPlatform
[2016.02.25-23.48.22:337][  0]LogTemp:Display: Loaded TP Android_ATCTargetPlatform
[2016.02.25-23.48.22:341][  0]LogTemp:Display: Loaded TP Android_DXTTargetPlatform
[2016.02.25-23.48.22:344][  0]LogTemp:Display: Loaded TP Android_ETC1TargetPlatform
[2016.02.25-23.48.22:348][  0]LogTemp:Display: Loaded TP Android_ETC2TargetPlatform
[2016.02.25-23.48.22:356][  0]LogTemp:Display: Loaded TP Android_MultiTargetPlatform
[2016.02.25-23.48.22:356][  0]LogTemp:Display: Loaded TP Android_PVRTCTargetPlatform
[2016.02.25-23.48.22:356][  0]LogTemp:Display: Loaded TP HTML5TargetPlatform
[2016.02.25-23.48.22:379][  0]LogTemp:Display: Loaded TP IOSTargetPlatform
[2016.02.25-23.48.22:382][  0]LogTemp:Display: Loaded TP LinuxNoEditorTargetPlatform
[2016.02.25-23.48.22:385][  0]LogTemp:Display: Loaded TP LinuxServerTargetPlatform
[2016.02.25-23.48.22:389][  0]LogTemp:Display: Loaded TP LinuxTargetPlatform
[2016.02.25-23.48.22:389][  0]LogTargetPlatformManager:Display: Building Assets For Windows
[2016.02.25-23.48.22:512][  0]LogDerivedDataCache:Display: Max Cache Size: 512 MB
[2016.02.25-23.48.22:575][  0]LogDerivedDataCache: Loaded boot cache 0.06s 41MB C:/Users/Mihai/AppData/Local/UnrealEngine/4.10/DerivedDataCache/Boot.ddc.
[2016.02.25-23.48.22:575][  0]LogDerivedDataCache:Display: Loaded Boot cache: C:/Users/Mihai/AppData/Local/UnrealEngine/4.10/DerivedDataCache/Boot.ddc
[2016.02.25-23.48.22:575][  0]LogDerivedDataCache: FDerivedDataBackendGraph:  Pak pak cache file ../../../../../../Projects/Unreal/TPS_Arena/DerivedDataCache/DDC.ddp not found, will not use a pak cache.
[2016.02.25-23.48.22:575][  0]LogDerivedDataCache: Unable to find inner node Pak for hierarchical cache Hierarchy.
[2016.02.25-23.48.22:575][  0]LogDerivedDataCache: FDerivedDataBackendGraph:  CompressedPak pak cache file ../../../../../../Projects/Unreal/TPS_Arena/DerivedDataCache/Compressed.ddp not found, will not use a pak cache.
[2016.02.25-23.48.22:575][  0]LogDerivedDataCache: Unable to find inner node CompressedPak for hierarchical cache Hierarchy.
[2016.02.25-23.48.22:661][  0]LogDerivedDataCache:Display: Pak cache opened for reading ../../../Engine/DerivedDataCache/Compressed.ddp.
[2016.02.25-23.48.22:672][  0]LogDerivedDataCache: Using Local data cache path C:/Users/Mihai/AppData/Local/UnrealEngine/Common/DerivedDataCache: Writable
[2016.02.25-23.48.23:125][  0]LogInit: Selected Device Profile: [Windows]
[2016.02.25-23.48.23:126][  0]LogContentStreaming: Texture pool size is 0.000000MB
[2016.02.25-23.48.23:172][  0]LogMeshUtilities: No automatic mesh reduction module available
[2016.02.25-23.48.23:172][  0]LogMeshUtilities: No automatic mesh merging module available
[2016.02.25-23.48.23:635][  0]LogInit: WinSock: version 1.1 (2.2), MaxSocks=32767, MaxUdp=65467
[2016.02.25-23.48.25:006][  0]LogAssetRegistry: FAssetRegistry took 0.0104 seconds to start up
[2016.02.25-23.48.25:026][  0]UdpMessaging: Initializing bridge on interface 0.0.0.0:0 to multicast group 230.0.0.1:6666.
[2016.02.25-23.48.25:336][  0]SourceControl: Info Source control is disabled
[2016.02.25-23.48.25:439][  0]SourceControl: Info Source control is disabled
[2016.02.25-23.48.25:452][  0]SourceControl: Info Source control is disabled
[2016.02.25-23.48.25:465][  0]SourceControl: Info Source control is disabled
[2016.02.25-23.48.25:779][  0]LogObj: 28802 objects as part of root set at end of initial load.
[2016.02.25-23.48.25:779][  0]LogUObjectAllocator: 6129768 out of 0 bytes used by permanent object pool.
[2016.02.25-23.48.25:850][  0]LogEngine: Initializing Engine...
[2016.02.25-23.48.25:852][  0]OCULUS: Info: 02/25/16 23:48:25: [CAPI] LibOVR module is located at C:\Windows\system32\LibOVRRT64_0_8.dll

[2016.02.25-23.48.25:852][  0]OCULUS: Info: 02/25/16 23:48:25: [IPC] Call Stats for SetInitialState : x1: C2S=17.5666, S2C=5.12359, Runtime=53.0657 (microseconds) C2Ssize=80, S2Csize=81 (bytes)

[2016.02.25-23.48.25:852][  0]OCULUS: Info: 02/25/16 23:48:25: [IPC] Call Stats for IsLatencyTesterAvailable : x1: C2S=11.7111, S2C=2.92776, Runtime=0.731941 (microseconds) C2Ssize=33, S2Csize=18 (bytes)

[2016.02.25-23.48.25:866][  0]LogHMD: SteamVR failed to initialize.  Err: 110
[2016.02.25-23.48.26:042][  0]LogAIModule: Creating AISystem for world NewWorld
[2016.02.25-23.48.26:050][  0]LogInit: XAudio2 using 'Speakers / Headphones (Plantronics HD1)' : 8 channels at 48 kHz using 24 bits per sample (channel mask 0x63f)
[2016.02.25-23.48.26:074][  0]LogInit: FAudioDevice initialized.
[2016.02.25-23.48.26:108][  0]LogDerivedDataCache: Saved boot cache 0.03s 41MB C:/Users/Mihai/AppData/Local/UnrealEngine/4.10/DerivedDataCache/Boot.ddc.
[2016.02.25-23.48.26:120][  0]LogInit: Texture streaming: Enabled
[2016.02.25-23.48.26:128][  0]LogAnalytics: Creating configured Analytics provider AnalyticsET
[2016.02.25-23.48.26:128][  0]LogAnalytics: [UEEditor.Rocket.Release] APIServer = http://et2.epicgames.com/ET2/. AppVersion = 4.10.4-2872498+++depot+UE4-Releases+4.10
[2016.02.25-23.48.26:128][  0]LogAnalytics: [UEEditor.Rocket.Release] SetUserId 3cb8ffe24e727d20e488f6a0703d071e|cfb1085945c1478380d1e808dae35820|2cf12e5c-4aaa-4bd5-bb24-20c657141085
[2016.02.25-23.48.26:128][  0]LogAnalytics: [UEEditor.Rocket.Release] AnalyticsET::StartSession
[2016.02.25-23.48.26:138][  0]LogInit: Transaction tracking system initialized
[2016.02.25-23.48.26:173][  0]BlueprintLog: New page: Editor Load
[2016.02.25-23.48.26:272][  0]LocalizationService: Info Localization service is disabled
[2016.02.25-23.48.26:349][  0]LogLinker:Warning: Can't find file '/Game/ThirdPersonBP/ThirdPersonOverview'
[2016.02.25-23.48.26:349][  0]LogLinker:Warning: Can't find file '/Game/ThirdPersonBP/ThirdPersonOverview'
[2016.02.25-23.48.26:349][  0]LogUObjectGlobals:Warning: Failed to find object 'Class /Game/ThirdPersonBP/ThirdPersonOverview.ThirdPersonOverview_C'
[2016.02.25-23.48.26:365][  0]LogConsoleResponse:Display: 
[2016.02.25-23.48.26:515][  0]LogCook:Display: Done creating registry. It took  0.00s.
[2016.02.25-23.48.26:589][  0]LogFileCache: Scanning file cache for directory 'D:/Projects/Unreal/TPS_Arena/Content/' took 0.02s
[2016.02.25-23.48.26:589][  0]SourceControl: Info Source control is disabled
[2016.02.25-23.48.26:590][  0]Cmd: MAP LOAD FILE="../../../../../../Projects/Unreal/TPS_Arena/Content/Levels/characterTesting.umap" TEMPLATE=0 SHOWPROGRESS=1 FEATURELEVEL=3
[2016.02.25-23.48.26:590][  0]LightingResults: New page: Lighting Build
[2016.02.25-23.48.26:594][  0]MapCheck: New page: Map Check
[2016.02.25-23.48.26:594][  0]LightingResults: New page: Lighting Build
[2016.02.25-23.48.26:608][  0]LogParticles: Destroying 0 GPU particle simulations for FXSystem 0x0000000023A32AC0
[2016.02.25-23.48.27:001][  0]LogAIModule: Creating AISystem for world characterTesting
[2016.02.25-23.48.27:007][  0]LogEditorServer: Finished looking for orphan Actors (0.000 secs)
[2016.02.25-23.48.27:008][  0]Cmd: MAP CHECKDEP NOCLEARLOG
[2016.02.25-23.48.27:063][  0]MapCheck: Info Map check complete: 0 Error(s), 0 Warning(s), took 55.286ms to complete.
[2016.02.25-23.48.27:064][  0]LogFileHelpers: Loading map 'characterTesting' took 0.474
[2016.02.25-23.48.27:213][  0]LogCollectionManager: Loaded 0 collections in 0.002235 seconds
[2016.02.25-23.48.27:254][  0]LogFileCache: Scanning file cache for directory 'D:/Projects/Unreal/TPS_Arena/Saved/Collections/' took 0.01s
[2016.02.25-23.48.27:254][  0]LogFileCache: Scanning file cache for directory 'D:/Projects/Unreal/TPS_Arena/Content/Developers/Mihai/Collections/' took 0.01s
[2016.02.25-23.48.27:254][  0]LogFileCache: Scanning file cache for directory 'D:/Projects/Unreal/TPS_Arena/Content/Collections/' took 0.01s
[2016.02.25-23.48.27:254][  0]LogCollectionManager: Rebuilt the GUID cache for 0 collections in 0.000002 seconds
[2016.02.25-23.48.27:263][  0]LogContentBrowser: Native class hierarchy populated in 0.0096 seconds. Added 1908 classes and 344 folders.
[2016.02.25-23.48.27:271][  0]LogContentBrowser: Native class hierarchy updated for 'WidgetCarousel' in 0.0004 seconds. Added 0 classes and 0 folders.
[2016.02.25-23.48.27:346][  0]LogContentBrowser: Native class hierarchy updated for 'AddContentDialog' in 0.0004 seconds. Added 0 classes and 0 folders.
[2016.02.25-23.48.27:350][  0]LogContentBrowser: Native class hierarchy updated for 'SceneOutliner' in 0.0004 seconds. Added 1 classes and 2 folders.
[2016.02.25-23.48.27:373][  0]LogCrashTracker: Crashtracker disabled due to settings.
[2016.02.25-23.48.27:377][  0]LogUObjectGlobals:Warning: Failed to find object 'Class None.'
[2016.02.25-23.48.27:398][  0]LogLoad: Full Startup: 7.40 seconds (BP compile: 0.06 seconds)
[2016.02.25-23.48.27:407][  0]LogOcInput: OculusInput is initialized. Init status 0. Runtime version: 0.8.0.0
[2016.02.25-23.48.27:476][  0]LogContentStreaming: Texture pool size now 1000 MB
[2016.02.25-23.48.27:666][  0]LogRenderer: Reallocating scene render targets to support 1208x572 (Frame:2).
[2016.02.25-23.48.27:885][  3]LogAssetRegistry: Asset discovery search completed in 2.8899 seconds
[2016.02.25-23.48.27:885][  3]LogCollectionManager: Rebuilt the object cache for 0 collections in 0.000001 seconds (found 0 objects)
[2016.02.25-23.48.27:885][  3]LogCollectionManager: Fixed up redirectors for 0 collections in 0.000029 seconds (updated 0 objects)
[2016.02.25-23.48.32:948][358]LogPlayLevel: PlayLevel: No blueprints needed recompiling
[2016.02.25-23.48.32:949][358]PIE: New page: PIE session: characterTesting (Feb 26, 2016, 3:48:32 AM)
[2016.02.25-23.48.32:949][358]LogPlayLevel: Creating play world package: /Game/Levels/UEDPIE_0_characterTesting
[2016.02.25-23.48.32:958][358]LogPlayLevel: PIE: StaticDuplicateObject took: (0.008159s)
[2016.02.25-23.48.32:958][358]LogAIModule: Creating AISystem for world characterTesting
[2016.02.25-23.48.32:959][358]LogPlayLevel: PIE: World Init took: (0.000899s)
[2016.02.25-23.48.32:959][358]LogPlayLevel: PIE: Created PIE world by copying editor world from /Game/Levels/characterTesting.characterTesting to /Game/Levels/UEDPIE_0_characterTesting.characterTesting (0.009320s)
[2016.02.25-23.48.32:983][358]LogInit: XAudio2 using 'Speakers / Headphones (Plantronics HD1)' : 8 channels at 48 kHz using 24 bits per sample (channel mask 0x63f)
[2016.02.25-23.48.32:990][358]LogInit: FAudioDevice initialized.
[2016.02.25-23.48.33:935][358]LogWorld: Game class is 'ThirdPersonGameMode_C'
[2016.02.25-23.48.33:939][358]LogWorld: Bringing World /Game/Levels/UEDPIE_0_characterTesting.characterTesting up for play (max tick rate 0) at 2016.02.26-01.48.33
[2016.02.25-23.48.33:939][358]LogActor:Warning: GameSession /Game/Levels/UEDPIE_0_characterTesting.characterTesting:PersistentLevel.GameSession_0 has natively added scene component(s), but none of them were set as the actor's RootComponent - picking one arbitrarily
[2016.02.25-23.48.33:939][358]LogActor:Warning: GameNetworkManager /Game/Levels/UEDPIE_0_characterTesting.characterTesting:PersistentLevel.GameNetworkManager_0 has natively added scene component(s), but none of them were set as the actor's RootComponent - picking one arbitrarily
[2016.02.25-23.48.33:939][358]LogWorld: Bringing up level for play took: 0.002915
[2016.02.25-23.48.33:945][358]PIE: Info Play in editor start time for /Game/Levels/UEDPIE_0_characterTesting 1.664
[2016.02.25-23.48.38:319][872]LogBlueprintUserMessages: [Weapon_Master_BP_C_0] Hello
[2016.02.25-23.48.38:984][942]LogBlueprintUserMessages: [Weapon_Master_BP_C_0] Hello
[2016.02.25-23.48.40:231][ 91]LogBlueprintUserMessages: [Weapon_Master_BP_C_0] Hello
[2016.02.25-23.48.40:440][116]LogBlueprintUserMessages: [Weapon_Master_BP_C_0] Hello
[2016.02.25-23.48.40:669][143]LogBlueprintUserMessages: [Weapon_Master_BP_C_0] Hello
[2016.02.25-23.48.43:042][424]LogBlueprintUserMessages: [Weapon_Master_BP_C_0] Hello
[2016.02.25-23.48.44:375][583]LogBlueprintUserMessages: [Weapon_Master_BP_C_0] Hello
[2016.02.25-23.48.44:639][614]LogBlueprintUserMessages: [Weapon_Master_BP_C_0] Hello
[2016.02.25-23.48.44:888][643]LogBlueprintUserMessages: [Weapon_Master_BP_C_0] Hello
[2016.02.25-23.48.48:131][ 27]LogBlueprintUserMessages: [Weapon_Master_BP_C_0] Hello
[2016.02.25-23.48.48:435][ 63]LogBlueprintUserMessages: [Weapon_Master_BP_C_0] Hello
[2016.02.25-23.48.48:925][121]LogBlueprintUserMessages: [Weapon_Master_BP_C_0] Hello
[2016.02.25-23.48.49:176][151]LogBlueprintUserMessages: [Weapon_Master_BP_C_0] Hello
[2016.02.25-23.48.49:382][175]LogBlueprintUserMessages: [Weapon_Master_BP_C_0] Hello
[2016.02.25-23.48.49:578][198]LogBlueprintUserMessages: [Weapon_Master_BP_C_0] Hello
[2016.02.25-23.48.50:239][275]LogBlueprintUserMessages: [Weapon_Master_BP_C_0] Hello
[2016.02.25-23.48.50:775][337]LogBlueprintUserMessages: [Weapon_Master_BP_C_0] Hello
[2016.02.25-23.48.51:169][382]LogBlueprintUserMessages: [Weapon_Master_BP_C_0] Hello
[2016.02.25-23.48.52:510][535]LogBlueprintUserMessages: [Weapon_Master_BP_C_0] Hello
[2016.02.25-23.48.53:599][658]LogBlueprintUserMessages: [Weapon_Master_BP_C_0] Hello
[2016.02.25-23.48.54:105][714]LogBlueprintUserMessages: [Weapon_Master_BP_C_0] Hello
[2016.02.25-23.49.00:437][410]LogParticles: Destroying 0 GPU particle simulations for FXSystem 0x0000000012080E00
[2016.02.26-00.03.34:368][359]LogPlayLevel: PlayLevel: No blueprints needed recompiling
[2016.02.26-00.03.34:368][359]PIE: New page: PIE session: characterTesting (Feb 26, 2016, 4:03:34 AM)
[2016.02.26-00.03.34:369][359]LogPlayLevel: Creating play world package: /Game/Levels/UEDPIE_0_characterTesting
[2016.02.26-00.03.34:377][359]LogPlayLevel: PIE: StaticDuplicateObject took: (0.008368s)
[2016.02.26-00.03.34:378][359]LogAIModule: Creating AISystem for world characterTesting
[2016.02.26-00.03.34:378][359]LogPlayLevel: PIE: World Init took: (0.000935s)
[2016.02.26-00.03.34:378][359]LogPlayLevel: PIE: Created PIE world by copying editor world from /Game/Levels/characterTesting.characterTesting to /Game/Levels/UEDPIE_0_characterTesting.characterTesting (0.009875s)
[2016.02.26-00.03.34:400][359]LogInit: XAudio2 using 'Speakers / Headphones (Plantronics HD1)' : 8 channels at 48 kHz using 24 bits per sample (channel mask 0x63f)
[2016.02.26-00.03.34:407][359]LogInit: FAudioDevice initialized.
[2016.02.26-00.03.34:443][359]LogWorld: Game class is 'ThirdPersonGameMode_C'
[2016.02.26-00.03.34:446][359]LogWorld: Bringing World /Game/Levels/UEDPIE_0_characterTesting.characterTesting up for play (max tick rate 0) at 2016.02.26-02.03.34
[2016.02.26-00.03.34:446][359]LogActor:Warning: GameSession /Game/Levels/UEDPIE_0_characterTesting.characterTesting:PersistentLevel.GameSession_1 has natively added scene component(s), but none of them were set as the actor's RootComponent - picking one arbitrarily
[2016.02.26-00.03.34:447][359]LogActor:Warning: GameNetworkManager /Game/Levels/UEDPIE_0_characterTesting.characterTesting:PersistentLevel.GameNetworkManager_1 has natively added scene component(s), but none of them were set as the actor's RootComponent - picking one arbitrarily
[2016.02.26-00.03.34:447][359]LogWorld: Bringing up level for play took: 0.002740
[2016.02.26-00.03.34:451][359]PIE: Info Play in editor start time for /Game/Levels/UEDPIE_0_characterTesting 0.162
[2016.02.26-00.03.37:298][697]LogBlueprintUserMessages: [Weapon_Master_BP_C_1] Hello
[2016.02.26-00.03.38:225][807]LogBlueprintUserMessages: [Weapon_Master_BP_C_1] Hello
[2016.02.26-00.03.38:503][839]LogBlueprintUserMessages: [Weapon_Master_BP_C_1] Hello
[2016.02.26-00.03.38:724][865]LogBlueprintUserMessages: [Weapon_Master_BP_C_1] Hello
[2016.02.26-00.03.38:934][890]LogBlueprintUserMessages: [Weapon_Master_BP_C_1] Hello
[2016.02.26-00.03.39:191][920]LogBlueprintUserMessages: [Weapon_Master_BP_C_1] Hello
[2016.02.26-00.03.39:386][943]LogBlueprintUserMessages: [Weapon_Master_BP_C_1] Hello
[2016.02.26-00.03.39:613][968]LogBlueprintUserMessages: [Weapon_Master_BP_C_1] Hello
[2016.02.26-00.03.39:848][994]LogBlueprintUserMessages: [Weapon_Master_BP_C_1] Hello
[2016.02.26-00.03.40:090][ 21]LogBlueprintUserMessages: [Weapon_Master_BP_C_1] Hello
[2016.02.26-00.03.42:603][311]LogBlueprintUserMessages: [Weapon_Master_BP_C_1] Hello
[2016.02.26-00.03.44:688][553]LogBlueprintUserMessages: [Weapon_Master_BP_C_1] Hello
[2016.02.26-00.03.44:934][582]LogBlueprintUserMessages: [Weapon_Master_BP_C_1] Hello
[2016.02.26-00.03.45:127][604]LogBlueprintUserMessages: [Weapon_Master_BP_C_1] Hello
[2016.02.26-00.03.45:323][626]LogBlueprintUserMessages: [Weapon_Master_BP_C_1] Hello
[2016.02.26-00.03.45:499][645]LogBlueprintUserMessages: [Weapon_Master_BP_C_1] Hello
[2016.02.26-00.03.45:703][667]LogBlueprintUserMessages: [Weapon_Master_BP_C_1] Hello
[2016.02.26-00.03.47:223][822]LogBlueprintUserMessages: [Weapon_Master_BP_C_1] Hello
[2016.02.26-00.03.47:455][845]LogBlueprintUserMessages: [Weapon_Master_BP_C_1] Hello
[2016.02.26-00.03.47:685][868]LogBlueprintUserMessages: [Weapon_Master_BP_C_1] Hello
[2016.02.26-00.03.47:895][889]LogBlueprintUserMessages: [Weapon_Master_BP_C_1] Hello
[2016.02.26-00.03.48:832][985]LogBlueprintUserMessages: [Weapon_Master_BP_C_1] Hello
[2016.02.26-00.03.49:061][  8]LogBlueprintUserMessages: [Weapon_Master_BP_C_1] Hello
[2016.02.26-00.03.49:302][ 32]LogBlueprintUserMessages: [Weapon_Master_BP_C_1] Hello
[2016.02.26-00.03.49:545][ 56]LogBlueprintUserMessages: [Weapon_Master_BP_C_1] Hello
[2016.02.26-00.03.50:673][164]LogBlueprintUserMessages: [Weapon_Master_BP_C_1] Hello
[2016.02.26-00.03.51:192][216]LogBlueprintUserMessages: [Weapon_Master_BP_C_1] Hello
[2016.02.26-00.03.51:904][287]LogBlueprintUserMessages: [Weapon_Master_BP_C_1] Hello
[2016.02.26-00.03.52:750][370]LogBlueprintUserMessages: [Weapon_Master_BP_C_1] Hello
[2016.02.26-00.03.54:100][501]LogBlueprintUserMessages: [Weapon_Master_BP_C_1] Hello
[2016.02.26-00.03.54:801][568]LogBlueprintUserMessages: [Weapon_Master_BP_C_1] Hello
[2016.02.26-00.03.56:005][683]LogBlueprintUserMessages: [Weapon_Master_BP_C_1] Hello
[2016.02.26-00.03.56:934][771]LogBlueprintUserMessages: [Weapon_Master_BP_C_1] Hello
[2016.02.26-00.03.57:366][811]LogBlueprintUserMessages: [Weapon_Master_BP_C_1] Hello
[2016.02.26-00.04.00:668][127]LogBlueprintUserMessages: [Weapon_Master_BP_C_1] Hello
[2016.02.26-00.04.02:287][288]LogBlueprintUserMessages: [Weapon_Master_BP_C_1] Hello
[2016.02.26-00.04.04:252][488]LogBlueprintUserMessages: [Weapon_Master_BP_C_1] Hello
[2016.02.26-00.04.04:739][537]LogBlueprintUserMessages: [Weapon_Master_BP_C_1] Hello
[2016.02.26-00.04.05:043][567]LogBlueprintUserMessages: [Weapon_Master_BP_C_1] Hello
[2016.02.26-00.04.05:272][590]LogBlueprintUserMessages: [Weapon_Master_BP_C_1] Hello
[2016.02.26-00.04.05:779][640]LogBlueprintUserMessages: [Weapon_Master_BP_C_1] Hello
[2016.02.26-00.04.06:881][748]LogBlueprintUserMessages: [Weapon_Master_BP_C_1] Hello
[2016.02.26-00.04.07:691][830]LogBlueprintUserMessages: [Weapon_Master_BP_C_1] Hello
[2016.02.26-00.04.13:024][402]LogBlueprintUserMessages: [Weapon_Master_BP_C_1] Hello
[2016.02.26-00.04.13:397][445]LogBlueprintUserMessages: [Weapon_Master_BP_C_1] Hello
[2016.02.26-00.04.13:711][480]LogBlueprintUserMessages: [Weapon_Master_BP_C_1] Hello
[2016.02.26-00.04.14:042][517]LogBlueprintUserMessages: [Weapon_Master_BP_C_1] Hello
[2016.02.26-00.04.14:291][544]LogBlueprintUserMessages: [Weapon_Master_BP_C_1] Hello
[2016.02.26-00.04.15:131][635]LogBlueprintUserMessages: [Weapon_Master_BP_C_1] Hello
[2016.02.26-00.04.15:509][675]LogBlueprintUserMessages: [Weapon_Master_BP_C_1] Hello
[2016.02.26-00.04.15:798][705]LogBlueprintUserMessages: [Weapon_Master_BP_C_1] Hello
[2016.02.26-00.04.16:169][743]LogBlueprintUserMessages: [Weapon_Master_BP_C_1] Hello
[2016.02.26-00.04.16:461][772]LogBlueprintUserMessages: [Weapon_Master_BP_C_1] Hello
[2016.02.26-00.04.16:699][796]LogBlueprintUserMessages: [Weapon_Master_BP_C_1] Hello
[2016.02.26-00.04.17:935][914]LogParticles: Destroying 0 GPU particle simulations for FXSystem 0x0000000014DEAE80
[2016.02.26-00.04.19:788][ 95]Cmd: QUIT_EDITOR
[2016.02.26-00.04.19:955][ 95]LogExit: Preparing to exit.
[2016.02.26-00.04.20:216][ 95]LogExit: Editor shut down
[2016.02.26-00.04.20:216][ 95]LogExit: Transaction tracking system shut down
[2016.02.26-00.04.20:219][ 95]LogParticles: Destroying 0 GPU particle simulations for FXSystem 0x00000000100DB1A0
[2016.02.26-00.04.20:219][ 95]LogParticles: Destroying 0 GPU particle simulations for FXSystem 0x000000001EE6B880
[2016.02.26-00.04.20:219][ 95]LogParticles: Destroying 0 GPU particle simulations for FXSystem 0x000000001EF68400
[2016.02.26-00.04.20:219][ 95]LogParticles: Destroying 0 GPU particle simulations for FXSystem 0x000000001EF68540
[2016.02.26-00.04.20:220][ 95]LogParticles: Destroying 0 GPU particle simulations for FXSystem 0x00000000585B0F40
[2016.02.26-00.04.20:220][ 95]LogParticles: Destroying 0 GPU particle simulations for FXSystem 0x00000000585B1080
[2016.02.26-00.04.20:412][ 95]LogExit: Object subsystem successfully closed.
[2016.02.26-00.04.20:427][ 95]LogD3D11RHI: Shutdown
[2016.02.26-00.04.20:427][ 95]LogD3D11RHI: CleanupD3DDevice
[2016.02.26-00.04.20:489][ 95]LogD3D11RHI: ~FD3D11DynamicRHI
[2016.02.26-00.04.20:506][ 95]LogModuleManager: Shutting down and abandoning module CrashTracker (200)
[2016.02.26-00.04.20:506][ 95]LogModuleManager: Shutting down and abandoning module SceneOutliner (199)
[2016.02.26-00.04.20:506][ 95]LogModuleManager: Shutting down and abandoning module SuperSearch (198)
[2016.02.26-00.04.20:506][ 95]LogModuleManager: Shutting down and abandoning module WidgetCarousel (197)
[2016.02.26-00.04.20:506][ 95]LogModuleManager: Shutting down and abandoning module AddContentDialog (196)
[2016.02.26-00.04.20:508][ 95]LogModuleManager: Shutting down and abandoning module EditorWidgets (195)
[2016.02.26-00.04.20:508][ 95]LogModuleManager: Shutting down and abandoning module CollectionManager (194)
[2016.02.26-00.04.20:508][ 95]LogModuleManager: Shutting down and abandoning module StatsViewer (193)
[2016.02.26-00.04.20:508][ 95]LogModuleManager: Shutting down and abandoning module FoliageEdit (192)
[2016.02.26-00.04.20:508][ 95]LogModuleManager: Shutting down and abandoning module LandscapeEditor (191)
[2016.02.26-00.04.20:508][ 95]LogModuleManager: Shutting down and abandoning module ActorPickerMode (190)
[2016.02.26-00.04.20:508][ 95]LogModuleManager: Shutting down and abandoning module GeometryMode (189)
[2016.02.26-00.04.20:508][ 95]LogModuleManager: Shutting down and abandoning module TextureAlignMode (188)
[2016.02.26-00.04.20:508][ 95]LogModuleManager: Shutting down and abandoning module BspMode (187)
[2016.02.26-00.04.20:508][ 95]LogModuleManager: Shutting down and abandoning module PlacementMode (186)
[2016.02.26-00.04.20:508][ 95]LogModuleManager: Shutting down and abandoning module AutomationWorker (185)
[2016.02.26-00.04.20:508][ 95]LogModuleManager: Shutting down and abandoning module CharacterAI (184)
[2016.02.26-00.04.20:508][ 95]LogModuleManager: Shutting down and abandoning module SmartSnapping (183)
[2016.02.26-00.04.20:508][ 95]LogModuleManager: Shutting down and abandoning module ViewportSnapping (182)
[2016.02.26-00.04.20:508][ 95]LogModuleManager: Shutting down and abandoning module LogVisualizer (181)
[2016.02.26-00.04.20:509][ 95]LogModuleManager: Shutting down and abandoning module GameProjectGeneration (180)
[2016.02.26-00.04.20:509][ 95]LogModuleManager: Shutting down and abandoning module IntroTutorials (179)
[2016.02.26-00.04.20:509][ 95]LogModuleManager: Shutting down and abandoning module EditorLiveStreaming (178)
[2016.02.26-00.04.20:509][ 95]LogModuleManager: Shutting down and abandoning module IOSPlatformEditor (177)
[2016.02.26-00.04.20:509][ 95]LogModuleManager: Shutting down and abandoning module HTML5PlatformEditor (176)
[2016.02.26-00.04.20:509][ 95]LogModuleManager: Shutting down and abandoning module AndroidDeviceDetection (175)
[2016.02.26-00.04.21:377][ 95]LogModuleManager: Shutting down and abandoning module AndroidPlatformEditor (174)
[2016.02.26-00.04.21:377][ 95]LogModuleManager: Shutting down and abandoning module IOSRuntimeSettings (173)
[2016.02.26-00.04.21:377][ 95]LogModuleManager: Shutting down and abandoning module AndroidRuntimeSettings (172)
[2016.02.26-00.04.21:377][ 95]LogModuleManager: Shutting down and abandoning module MergeActors (171)
[2016.02.26-00.04.21:377][ 95]LogModuleManager: Shutting down and abandoning module SizeMap (170)
[2016.02.26-00.04.21:377][ 95]LogModuleManager: Shutting down and abandoning module TreeMap (169)
[2016.02.26-00.04.21:377][ 95]LogModuleManager: Shutting down and abandoning module ReferenceViewer (168)
[2016.02.26-00.04.21:377][ 95]LogModuleManager: Shutting down and abandoning module LocalizationService (167)
[2016.02.26-00.04.21:377][ 95]LogModuleManager: Shutting down and abandoning module LocalizationDashboard (166)
[2016.02.26-00.04.21:377][ 95]LogModuleManager: Shutting down and abandoning module HardwareTargeting (165)
[2016.02.26-00.04.21:377][ 95]LogModuleManager: Shutting down and abandoning module DeviceProfileEditor (164)
[2016.02.26-00.04.21:377][ 95]LogModuleManager: Shutting down and abandoning module UndoHistory (163)
[2016.02.26-00.04.21:377][ 95]LogModuleManager: Shutting down and abandoning module GameplayTagsEditor (162)
[2016.02.26-00.04.21:377][ 95]LogModuleManager: Shutting down and abandoning module UserFeedback (161)
[2016.02.26-00.04.21:377][ 95]LogModuleManager: Shutting down and abandoning module XmlParser (160)
[2016.02.26-00.04.21:377][ 95]LogModuleManager: Shutting down and abandoning module Blutility (159)
[2016.02.26-00.04.21:377][ 95]LogModuleManager: Shutting down and abandoning module ProjectTargetPlatformEditor (158)
[2016.02.26-00.04.21:377][ 95]LogModuleManager: Shutting down and abandoning module ProjectSettingsViewer (157)
[2016.02.26-00.04.21:377][ 95]LogModuleManager: Shutting down and abandoning module InputBindingEditor (156)
[2016.02.26-00.04.21:378][ 95]LogModuleManager: Shutting down and abandoning module EditorSettingsViewer (155)
[2016.02.26-00.04.21:378][ 95]LogModuleManager: Shutting down and abandoning module SettingsEditor (154)
[2016.02.26-00.04.21:378][ 95]LogModuleManager: Shutting down and abandoning module ProjectLauncher (153)
[2016.02.26-00.04.21:378][ 95]LogModuleManager: Shutting down and abandoning module SessionFrontend (152)
[2016.02.26-00.04.21:378][ 95]LogModuleManager: Shutting down and abandoning module ProfilerClient (151)
[2016.02.26-00.04.21:378][ 95]LogModuleManager: Shutting down and abandoning module TargetDeviceServices (150)
[2016.02.26-00.04.21:378][ 95]LogModuleManager: Shutting down and abandoning module DeviceManager (149)
[2016.02.26-00.04.21:378][ 95]LogModuleManager: Shutting down and abandoning module AutomationController (148)
[2016.02.26-00.04.21:378][ 95]LogModuleManager: Shutting down and abandoning module AutomationWindow (147)
[2016.02.26-00.04.21:378][ 95]LogModuleManager: Shutting down and abandoning module Layers (146)
[2016.02.26-00.04.21:378][ 95]LogModuleManager: Shutting down and abandoning module ComponentVisualizers (145)
[2016.02.26-00.04.21:378][ 95]LogModuleManager: Shutting down and abandoning module DetailCustomizations (144)
[2016.02.26-00.04.21:378][ 95]LogModuleManager: Shutting down and abandoning module PackagesDialog (143)
[2016.02.26-00.04.21:378][ 95]LogModuleManager: Shutting down and abandoning module Persona (142)
[2016.02.26-00.04.21:378][ 95]LogModuleManager: Shutting down and abandoning module Kismet (141)
[2016.02.26-00.04.21:378][ 95]LogModuleManager: Shutting down and abandoning module GraphEditor (140)
[2016.02.26-00.04.21:378][ 95]LogModuleManager: Shutting down and abandoning module ClassViewer (139)
[2016.02.26-00.04.21:378][ 95]LogModuleManager: Shutting down and abandoning module Toolbox (138)
[2016.02.26-00.04.21:378][ 95]LogModuleManager: Shutting down and abandoning module ModuleUI (137)
[2016.02.26-00.04.21:378][ 95]LogModuleManager: Shutting down and abandoning module MovieSceneTools (136)
[2016.02.26-00.04.21:378][ 95]LogModuleManager: Shutting down and abandoning module OutputLog (135)
[2016.02.26-00.04.21:378][ 95]LogModuleManager: Shutting down and abandoning module GammaUI (134)
[2016.02.26-00.04.21:378][ 95]LogModuleManager: Shutting down and abandoning module Documentation (133)
[2016.02.26-00.04.21:378][ 95]LogModuleManager: Shutting down and abandoning module GameLiveStreaming (132)
[2016.02.26-00.04.21:378][ 95]LogModuleManager: Shutting down and abandoning module StreamingPauseRendering (131)
[2016.02.26-00.04.21:378][ 95]LogModuleManager: Shutting down and abandoning module AnalyticsET (130)
[2016.02.26-00.04.21:378][ 95]LogModuleManager: Shutting down and abandoning module Analytics (129)
[2016.02.26-00.04.21:378][ 95]LogModuleManager: Shutting down and abandoning module AITestSuite (128)
[2016.02.26-00.04.21:378][ 95]LogModuleManager: Shutting down and abandoning module GameplayDebugger (127)
[2016.02.26-00.04.21:378][ 95]LogModuleManager: Shutting down and abandoning module AIModule (126)
[2016.02.26-00.04.21:378][ 95]LogModuleManager: Shutting down and abandoning module ProfilerService (125)
[2016.02.26-00.04.21:604][ 95]LogModuleManager: Shutting down and abandoning module TaskGraph (124)
[2016.02.26-00.04.21:604][ 95]LogModuleManager: Shutting down and abandoning module SubstanceEditor (123)
[2016.02.26-00.04.21:604][ 95]LogModuleManager: Shutting down and abandoning module SlateRemote (122)
[2016.02.26-00.04.21:604][ 95]LogModuleManager: Shutting down and abandoning module SteamVRController (121)
[2016.02.26-00.04.21:604][ 95]LogModuleManager: Shutting down and abandoning module SteamVR (120)
[2016.02.26-00.04.21:604][ 95]LogModuleManager: Shutting down and abandoning module ProceduralMeshComponent (119)
[2016.02.26-00.04.21:604][ 95]LogModuleManager: Shutting down and abandoning module OculusLibrary (118)
[2016.02.26-00.04.21:604][ 95]LogModuleManager: Shutting down and abandoning module OculusInput (117)
[2016.02.26-00.04.21:604][ 95]LogModuleManager: Shutting down and abandoning module LeapMotionController (116)
[2016.02.26-00.04.21:620][ 95]LogModuleManager: Shutting down and abandoning module CustomMeshComponent (115)
[2016.02.26-00.04.21:620][ 95]LogModuleManager: Shutting down and abandoning module CableComponent (114)
[2016.02.26-00.04.21:620][ 95]LogModuleManager: Shutting down and abandoning module ArchVisCharacter (113)
[2016.02.26-00.04.21:620][ 95]LogModuleManager: Shutting down and abandoning module MessagingDebugger (112)
[2016.02.26-00.04.21:620][ 95]LogModuleManager: Shutting down and abandoning module MediaPlayerEditor (111)
[2016.02.26-00.04.21:620][ 95]LogModuleManager: Shutting down and abandoning module HTML5Networking (110)
[2016.02.26-00.04.21:620][ 95]LogModuleManager: Shutting down and abandoning module SpeedTreeImporter (109)
[2016.02.26-00.04.21:620][ 95]LogModuleManager: Shutting down and abandoning module PluginBrowser (108)
[2016.02.26-00.04.21:620][ 95]LogModuleManager: Shutting down and abandoning module EpicSurvey (107)
[2016.02.26-00.04.21:620][ 95]LogModuleManager: Shutting down and abandoning module DesktopPlatform (106)
[2016.02.26-00.04.21:620][ 95]LogModuleManager: Shutting down and abandoning module VisualStudioSourceCodeAccess (105)
[2016.02.26-00.04.21:620][ 95]LogModuleManager: Shutting down and abandoning module UObjectPlugin (104)
[2016.02.26-00.04.21:620][ 95]LogModuleManager: Shutting down and abandoning module SubversionSourceControl (103)
[2016.02.26-00.04.21:620][ 95]LogModuleManager: Shutting down and abandoning module PerforceSourceControl (102)
[2016.02.26-00.04.21:621][ 95]LogModuleManager: Shutting down and abandoning module SourceControl (101)
[2016.02.26-00.04.21:621][ 95]LogModuleManager: Shutting down and abandoning module GitSourceControl (100)
[2016.02.26-00.04.21:621][ 95]LogModuleManager: Shutting down and abandoning module LightPropagationVolumeEditor (99)
[2016.02.26-00.04.21:621][ 95]LogModuleManager: Shutting down and abandoning module PaperTiledImporter (98)
[2016.02.26-00.04.21:621][ 95]LogModuleManager: Shutting down and abandoning module PaperSpriteSheetImporter (97)
[2016.02.26-00.04.21:621][ 95]LogModuleManager: Shutting down and abandoning module MeshPaint (96)
[2016.02.26-00.04.21:621][ 95]LogModuleManager: Shutting down and abandoning module SlateReflector (95)
[2016.02.26-00.04.21:621][ 95]LogModuleManager: Shutting down and abandoning module HotReload (94)
[2016.02.26-00.04.21:621][ 95]LogModuleManager: Shutting down and abandoning module MainFrame (93)
[2016.02.26-00.04.21:621][ 95]LogModuleManager: Shutting down and abandoning module LevelEditor (92)
[2016.02.26-00.04.21:622][ 95]LogModuleManager: Shutting down and abandoning module ContentBrowser (91)
[2016.02.26-00.04.21:622][ 95]LogModuleManager: Shutting down and abandoning module Paper2DEditor (90)
[2016.02.26-00.04.21:622][ 95]LogModuleManager: Shutting down and abandoning module UdpMessaging (89)
[2016.02.26-00.04.21:722][ 95]LogModuleManager: Shutting down and abandoning module DirectoryWatcher (88)
[2016.02.26-00.04.21:722][ 95]LogModuleManager: Shutting down and abandoning module AssetRegistry (87)
[2016.02.26-00.04.21:845][ 95]LogModuleManager: Shutting down and abandoning module SubstanceCore (86)
[2016.02.26-00.04.21:845][ 95]LogModuleManager: Shutting down and abandoning module LightPropagationVolumeRuntime (85)
[2016.02.26-00.04.21:845][ 95]LogModuleManager: Shutting down and abandoning module Paper2D (84)
[2016.02.26-00.04.21:845][ 95]LogModuleManager: Shutting down and abandoning module WindowsMoviePlayer (83)
[2016.02.26-00.04.21:849][ 95]LogModuleManager: Shutting down and abandoning module Media (82)
[2016.02.26-00.04.21:849][ 95]LogModuleManager: Shutting down and abandoning module WmfMedia (81)
[2016.02.26-00.04.21:850][ 95]LogModuleManager: Shutting down and abandoning module OnlineBlueprintSupport (80)
[2016.02.26-00.04.21:850][ 95]LogModuleManager: Shutting down and abandoning module GameplayTasksEditor (79)
[2016.02.26-00.04.21:850][ 95]LogModuleManager: Shutting down and abandoning module PropertyEditor (78)
[2016.02.26-00.04.21:850][ 95]LogModuleManager: Shutting down and abandoning module BehaviorTreeEditor (77)
[2016.02.26-00.04.21:850][ 95]LogModuleManager: Shutting down and abandoning module FunctionalTesting (76)
[2016.02.26-00.04.21:850][ 95]LogModuleManager: Shutting down and abandoning module CollisionAnalyzer (75)
[2016.02.26-00.04.21:850][ 95]LogModuleManager: Shutting down and abandoning module WorkspaceMenuStructure (74)
[2016.02.26-00.04.21:850][ 95]LogModuleManager: Shutting down and abandoning module MessageLog (73)
[2016.02.26-00.04.21:850][ 95]LogModuleManager: Shutting down and abandoning module Sequencer (72)
[2016.02.26-00.04.21:850][ 95]LogModuleManager: Shutting down and abandoning module AssetTools (71)
[2016.02.26-00.04.21:850][ 95]LogModuleManager: Shutting down and abandoning module UMGEditor (70)
[2016.02.26-00.04.21:850][ 95]LogModuleManager: Shutting down and abandoning module UMG (69)
[2016.02.26-00.04.21:850][ 95]LogModuleManager: Shutting down and abandoning module Slate (68)
[2016.02.26-00.04.21:850][ 95]LogModuleManager: Shutting down and abandoning module EditorStyle (67)
[2016.02.26-00.04.21:852][ 95]LogModuleManager: Shutting down and abandoning module SessionServices (66)
[2016.02.26-00.04.21:852][ 95]LogModuleManager: Shutting down and abandoning module SourceCodeAccess (65)
[2016.02.26-00.04.21:852][ 95]LogModuleManager: Shutting down and abandoning module HeadMountedDisplay (64)
[2016.02.26-00.04.21:852][ 95]LogModuleManager: Shutting down and abandoning module XAudio2 (63)
[2016.02.26-00.04.21:852][ 95]LogModuleManager: Shutting down and abandoning module Networking (61)
[2016.02.26-00.04.21:852][ 95]LogModuleManager: Shutting down and abandoning module Core (60)
[2016.02.26-00.04.21:852][ 95]LogModuleManager: Shutting down and abandoning module KismetCompiler (59)
[2016.02.26-00.04.21:852][ 95]LogModuleManager: Shutting down and abandoning module PhysXFormats (58)
[2016.02.26-00.04.21:852][ 95]LogModuleManager: Shutting down and abandoning module MeshUtilities (57)
[2016.02.26-00.04.21:852][ 95]LogModuleManager: Shutting down and abandoning module DerivedDataCache (56)
[2016.02.26-00.04.21:887][ 95]LogDerivedDataCache: Shutdown
[2016.02.26-00.04.21:887][ 95]LogModuleManager: Shutting down and abandoning module ShaderFormatOpenGL (55)
[2016.02.26-00.04.21:887][ 95]LogModuleManager: Shutting down and abandoning module ShaderFormatD3D (54)
[2016.02.26-00.04.21:887][ 95]LogModuleManager: Shutting down and abandoning module MetalShaderFormat (53)
[2016.02.26-00.04.21:887][ 95]LogModuleManager: Shutting down and abandoning module TextureFormatUncompressed (52)
[2016.02.26-00.04.21:887][ 95]LogModuleManager: Shutting down and abandoning module TextureFormatPVR (51)
[2016.02.26-00.04.21:887][ 95]LogModuleManager: Shutting down and abandoning module TextureFormatIntelISPCTexComp (50)
[2016.02.26-00.04.21:887][ 95]LogModuleManager: Shutting down and abandoning module TextureFormatDXT (49)
[2016.02.26-00.04.21:887][ 95]LogModuleManager: Shutting down and abandoning module ImageWrapper (48)
[2016.02.26-00.04.21:887][ 95]LogModuleManager: Shutting down and abandoning module TextureFormatASTC (47)
[2016.02.26-00.04.21:887][ 95]LogModuleManager: Shutting down and abandoning module TextureFormatAndroid (46)
[2016.02.26-00.04.21:887][ 95]LogModuleManager: Shutting down and abandoning module AudioFormatOpus (45)
[2016.02.26-00.04.21:887][ 95]LogModuleManager: Shutting down and abandoning module AudioFormatOgg (44)
[2016.02.26-00.04.21:887][ 95]LogModuleManager: Shutting down and abandoning module AudioFormatADPCM (43)
[2016.02.26-00.04.21:887][ 95]LogModuleManager: Shutting down and abandoning module LinuxTargetPlatform (42)
[2016.02.26-00.04.21:887][ 95]LogModuleManager: Shutting down and abandoning module LinuxServerTargetPlatform (41)
[2016.02.26-00.04.21:887][ 95]LogModuleManager: Shutting down and abandoning module LinuxNoEditorTargetPlatform (40)
[2016.02.26-00.04.21:887][ 95]LogModuleManager: Shutting down and abandoning module Messaging (39)
[2016.02.26-00.04.21:887][ 95]LogModuleManager: Shutting down and abandoning module IOSTargetPlatform (38)
[2016.02.26-00.04.21:887][ 95]LogModuleManager: Shutting down and abandoning module HTML5TargetPlatform (37)
[2016.02.26-00.04.21:887][ 95]LogModuleManager: Shutting down and abandoning module Android_PVRTCTargetPlatform (36)
[2016.02.26-00.04.21:887][ 95]LogModuleManager: Shutting down and abandoning module Android_MultiTargetPlatform (35)
[2016.02.26-00.04.21:887][ 95]LogModuleManager: Shutting down and abandoning module Android_ETC2TargetPlatform (34)
[2016.02.26-00.04.21:887][ 95]LogModuleManager: Shutting down and abandoning module Android_ETC1TargetPlatform (33)
[2016.02.26-00.04.21:887][ 95]LogModuleManager: Shutting down and abandoning module Android_DXTTargetPlatform (32)
[2016.02.26-00.04.21:887][ 95]LogModuleManager: Shutting down and abandoning module Android_ATCTargetPlatform (31)
[2016.02.26-00.04.21:887][ 95]LogModuleManager: Shutting down and abandoning module Android_ASTCTargetPlatform (30)
[2016.02.26-00.04.21:887][ 95]LogModuleManager: Shutting down and abandoning module AndroidTargetPlatform (29)
[2016.02.26-00.04.21:887][ 95]LogModuleManager: Shutting down and abandoning module WindowsTargetPlatform (28)
[2016.02.26-00.04.21:887][ 95]LogModuleManager: Shutting down and abandoning module WindowsServerTargetPlatform (27)
[2016.02.26-00.04.21:888][ 95]LogModuleManager: Shutting down and abandoning module WindowsNoEditorTargetPlatform (26)
[2016.02.26-00.04.21:888][ 95]LogModuleManager: Shutting down and abandoning module WindowsClientTargetPlatform (25)
[2016.02.26-00.04.21:888][ 95]LogModuleManager: Shutting down and abandoning module AllDesktopTargetPlatform (24)
[2016.02.26-00.04.21:888][ 95]LogModuleManager: Shutting down and abandoning module TargetPlatform (23)
[2016.02.26-00.04.21:888][ 95]LogModuleManager: Shutting down and abandoning module InputCore (22)
[2016.02.26-00.04.21:888][ 95]LogModuleManager: Shutting down and abandoning module Settings (21)
[2016.02.26-00.04.21:888][ 95]LogModuleManager: Shutting down and abandoning module OnlineSubsystem (19)
[2016.02.26-00.04.21:888][ 95]LogModuleManager: Shutting down and abandoning module HTTP (18)
[2016.02.26-00.04.23:888][ 95]LogModuleManager: Shutting down and abandoning module XMPP (17)
[2016.02.26-00.04.23:888][ 95]LogModuleManager: Shutting down and abandoning module OculusRift (16)
[2016.02.26-00.04.23:888][ 95]LogHMD: Oculus shutdown.
[2016.02.26-00.04.23:888][ 95]LogModuleManager: Shutting down and abandoning module ExampleDeviceProfileSelector (15)
[2016.02.26-00.04.23:888][ 95]LogModuleManager: Shutting down and abandoning module TextureCompressor (14)
[2016.02.26-00.04.23:888][ 95]LogModuleManager: Shutting down and abandoning module ShaderCore (13)
[2016.02.26-00.04.23:888][ 95]LogModuleManager: Shutting down and abandoning module Landscape (12)
[2016.02.26-00.04.23:888][ 95]LogModuleManager: Shutting down and abandoning module SlateRHIRenderer (11)
[2016.02.26-00.04.23:889][ 95]LogModuleManager: Shutting down and abandoning module OpenGLDrv (10)
[2016.02.26-00.04.23:889][ 95]LogModuleManager: Shutting down and abandoning module D3D11RHI (9)
[2016.02.26-00.04.23:889][ 95]LogModuleManager: Shutting down and abandoning module AnimGraphRuntime (8)
[2016.02.26-00.04.23:889][ 95]LogModuleManager: Shutting down and abandoning module Renderer (7)
[2016.02.26-00.04.23:889][ 95]LogModuleManager: Shutting down and abandoning module Engine (6)
[2016.02.26-00.04.23:889][ 95]LogModuleManager: Shutting down and abandoning module CoreUObject (5)
[2016.02.26-00.04.23:889][ 95]LogModuleManager: Shutting down and abandoning module NetworkFile (4)
[2016.02.26-00.04.23:889][ 95]LogModuleManager: Shutting down and abandoning module StreamingFile (3)
[2016.02.26-00.04.23:889][ 95]LogModuleManager: Shutting down and abandoning module SandboxFile (2)
[2016.02.26-00.04.23:889][ 95]LogModuleManager: Shutting down and abandoning module PakFile (1)
[2016.02.26-00.04.23:891][ 95]LogExit: Exiting.
[2016.02.26-00.04.23:892][ 95]Log file closed, 02/26/16 02:04:23
