[2016.02.27-16.16.58:130][  0]Log file open, 02/27/16 18:16:58
[2016.02.27-16.16.58:130][  0]LogInit:Display: Running engine for game: TPS_Arena
[2016.02.27-16.16.58:130][  0]LogPlatformFile: Not using cached read wrapper
[2016.02.27-16.16.58:130][  0]LogInit:Display: RandInit(1539253985) SRandInit(1539253987).
[2016.02.27-16.16.58:130][  0]LogTaskGraph: Started task graph with 4 named threads and 7 total threads.
[2016.02.27-16.16.58:130][  0]LogStats: Stats thread started at 0.088183
[2016.02.27-16.16.58:130][  0]LogInit: Version: 4.10.4-2872498+++depot+UE4-Releases+4.10
[2016.02.27-16.16.58:130][  0]LogInit: API Version: 2758231
[2016.02.27-16.16.58:130][  0]LogInit: Compiled (64-bit): Feb 18 2016 15:47:04
[2016.02.27-16.16.58:130][  0]LogInit: Compiled with Visual C++: 19.00.23026.00
[2016.02.27-16.16.58:130][  0]LogInit: Build Configuration: Development
[2016.02.27-16.16.58:130][  0]LogInit: Branch Name: ++depot+UE4-Releases+4.10
[2016.02.27-16.16.58:130][  0]LogInit: Command line:  
[2016.02.27-16.16.58:130][  0]LogInit: Base directory: D:/Engine/Epic Games/4.10/Engine/Binaries/Win64/
[2016.02.27-16.16.58:130][  0]LogInit: Rocket: 1
[2016.02.27-16.16.58:143][  0]LogInit: Using libcurl 7.41.0
[2016.02.27-16.16.58:143][  0]LogInit:  - built for x86_64-pc-win32
[2016.02.27-16.16.58:143][  0]LogInit:  - supports SSL with WinSSL
[2016.02.27-16.16.58:143][  0]LogInit:  - other features:
[2016.02.27-16.16.58:143][  0]LogInit:      CURL_VERSION_SSL
[2016.02.27-16.16.58:143][  0]LogInit:      CURL_VERSION_IPV6
[2016.02.27-16.16.58:143][  0]LogInit:      CURL_VERSION_ASYNCHDNS
[2016.02.27-16.16.58:143][  0]LogInit:      CURL_VERSION_LARGEFILE
[2016.02.27-16.16.58:143][  0]LogInit:      CURL_VERSION_IDN
[2016.02.27-16.16.58:143][  0]LogInit:  CurlRequestOptions (configurable via config and command line):
[2016.02.27-16.16.58:143][  0]LogInit:  - bVerifyPeer = true  - Libcurl will verify peer certificate
[2016.02.27-16.16.58:143][  0]LogInit:  - bUseHttpProxy = false  - Libcurl will NOT use HTTP proxy
[2016.02.27-16.16.58:143][  0]LogInit:  - bDontReuseConnections = false  - Libcurl will reuse connections
[2016.02.27-16.16.58:143][  0]LogInit:  - CertBundlePath = nullptr  - Libcurl will use whatever was configured at build time.
[2016.02.27-16.16.58:152][  0]LogInit: Presizing for 0 objects not considered by GC, pre-allocating 0 bytes.
[2016.02.27-16.16.58:161][  0]LogInit: Object subsystem initialized
[2016.02.27-16.16.58:162][  0]LogInit: Selected Device Profile: [Windows]
[2016.02.27-16.16.58:162][  0]LogInit: Applying CVar settings loaded from the selected device profile: [Windows]
[2016.02.27-16.16.58:171][  0]LogInit: Computer: MIHAI-PC
[2016.02.27-16.16.58:171][  0]LogInit: User: Mihai
[2016.02.27-16.16.58:171][  0]LogInit: CPU Page size=4096, Cores=4
[2016.02.27-16.16.58:171][  0]LogInit: High frequency timer resolution =2.732480 MHz
[2016.02.27-16.16.58:171][  0]LogMemory: Memory total: Physical=10.0GB (10GB approx)
[2016.02.27-16.16.58:171][  0]LogMemory: Platform Memory Stats for Windows
[2016.02.27-16.16.58:171][  0]LogMemory: Process Physical Memory: 57.24 MB used, 57.24 MB peak
[2016.02.27-16.16.58:171][  0]LogMemory: Process Virtual Memory: 60.85 MB used, 60.85 MB peak
[2016.02.27-16.16.58:171][  0]LogMemory: Physical Memory: 5700.28 MB used, 10231.49 MB total
[2016.02.27-16.16.58:171][  0]LogMemory: Virtual Memory: 366.70 MB used, 8388608.00 MB total
[2016.02.27-16.16.58:213][  0]LogTextLocalizationManager: No specific translations for ('en-US') exist, so ('en') translations will be used.
[2016.02.27-16.16.58:755][  0]LogD3D11RHI: Found D3D11 adapter 0: NVIDIA GeForce GTX 970 (Feature Level 11_0)
[2016.02.27-16.16.58:755][  0]LogD3D11RHI: Adapter has 4007MB of dedicated video memory, 0MB of dedicated system memory, and 4859MB of shared system memory, 2 output[s]
[2016.02.27-16.16.58:755][  0]LogD3D11RHI: Chosen D3D11 Adapter Id = 0
[2016.02.27-16.16.58:771][  0]LogD3D11RHI: !Direct3DDevice
[2016.02.27-16.16.58:772][  0]LogRHI: Texture pool is 1361 MB (70% of 1945 MB)
[2016.02.27-16.16.58:784][  0]LogD3D11RHI: Async texture creation enabled
[2016.02.27-16.16.58:803][  0]LogShaderCompilers: Guid format shader working directory is 3 characters bigger than the processId version (../../../../../../Projects/Unreal/TPS_Arena/Intermediate/Shaders/WorkingDirectory/5972/).
[2016.02.27-16.16.58:803][  0]LogShaderCompilers: Cleaned the shader compiler working directory 'C:/Users/Mihai/AppData/Local/Temp/UnrealShaderWorkingDir/55A66B924FF3136786697FB13D996555/'.
[2016.02.27-16.16.58:803][  0]LogShaderCompilers:Display: Using Local Shader Compiler.
[2016.02.27-16.16.59:759][  0]LogTemp:Display: Loaded TP AllDesktopTargetPlatform
[2016.02.27-16.16.59:764][  0]LogTemp:Display: Loaded TP WindowsClientTargetPlatform
[2016.02.27-16.16.59:769][  0]LogTemp:Display: Loaded TP WindowsNoEditorTargetPlatform
[2016.02.27-16.16.59:774][  0]LogTemp:Display: Loaded TP WindowsServerTargetPlatform
[2016.02.27-16.16.59:780][  0]LogTemp:Display: Loaded TP WindowsTargetPlatform
[2016.02.27-16.16.59:784][  0]LogTemp:Display: Loaded TP AndroidTargetPlatform
[2016.02.27-16.16.59:787][  0]LogTemp:Display: Loaded TP Android_ASTCTargetPlatform
[2016.02.27-16.16.59:790][  0]LogTemp:Display: Loaded TP Android_ATCTargetPlatform
[2016.02.27-16.16.59:794][  0]LogTemp:Display: Loaded TP Android_DXTTargetPlatform
[2016.02.27-16.16.59:798][  0]LogTemp:Display: Loaded TP Android_ETC1TargetPlatform
[2016.02.27-16.16.59:801][  0]LogTemp:Display: Loaded TP Android_ETC2TargetPlatform
[2016.02.27-16.16.59:808][  0]LogTemp:Display: Loaded TP Android_MultiTargetPlatform
[2016.02.27-16.16.59:808][  0]LogTemp:Display: Loaded TP Android_PVRTCTargetPlatform
[2016.02.27-16.16.59:808][  0]LogTemp:Display: Loaded TP HTML5TargetPlatform
[2016.02.27-16.16.59:826][  0]LogTemp:Display: Loaded TP IOSTargetPlatform
[2016.02.27-16.16.59:829][  0]LogTemp:Display: Loaded TP LinuxNoEditorTargetPlatform
[2016.02.27-16.16.59:832][  0]LogTemp:Display: Loaded TP LinuxServerTargetPlatform
[2016.02.27-16.16.59:836][  0]LogTemp:Display: Loaded TP LinuxTargetPlatform
[2016.02.27-16.16.59:836][  0]LogTargetPlatformManager:Display: Building Assets For Windows
[2016.02.27-16.16.59:932][  0]LogDerivedDataCache:Display: Max Cache Size: 512 MB
[2016.02.27-16.17.00:026][  0]LogDerivedDataCache: Loaded boot cache 0.09s 69MB C:/Users/Mihai/AppData/Local/UnrealEngine/4.10/DerivedDataCache/Boot.ddc.
[2016.02.27-16.17.00:027][  0]LogDerivedDataCache:Display: Loaded Boot cache: C:/Users/Mihai/AppData/Local/UnrealEngine/4.10/DerivedDataCache/Boot.ddc
[2016.02.27-16.17.00:027][  0]LogDerivedDataCache: FDerivedDataBackendGraph:  Pak pak cache file ../../../../../../Projects/Unreal/TPS_Arena/DerivedDataCache/DDC.ddp not found, will not use a pak cache.
[2016.02.27-16.17.00:027][  0]LogDerivedDataCache: Unable to find inner node Pak for hierarchical cache Hierarchy.
[2016.02.27-16.17.00:027][  0]LogDerivedDataCache: FDerivedDataBackendGraph:  CompressedPak pak cache file ../../../../../../Projects/Unreal/TPS_Arena/DerivedDataCache/Compressed.ddp not found, will not use a pak cache.
[2016.02.27-16.17.00:027][  0]LogDerivedDataCache: Unable to find inner node CompressedPak for hierarchical cache Hierarchy.
[2016.02.27-16.17.00:107][  0]LogDerivedDataCache:Display: Pak cache opened for reading ../../../Engine/DerivedDataCache/Compressed.ddp.
[2016.02.27-16.17.00:118][  0]LogDerivedDataCache: Using Local data cache path C:/Users/Mihai/AppData/Local/UnrealEngine/Common/DerivedDataCache: Writable
[2016.02.27-16.17.00:336][  0]LogInit: Selected Device Profile: [Windows]
[2016.02.27-16.17.00:337][  0]LogContentStreaming: Texture pool size is 0.000000MB
[2016.02.27-16.17.00:380][  0]LogMeshUtilities: No automatic mesh reduction module available
[2016.02.27-16.17.00:380][  0]LogMeshUtilities: No automatic mesh merging module available
[2016.02.27-16.17.00:791][  0]LogInit: WinSock: version 1.1 (2.2), MaxSocks=32767, MaxUdp=65467
[2016.02.27-16.17.02:686][  0]LogAssetRegistry: FAssetRegistry took 0.0101 seconds to start up
[2016.02.27-16.17.02:703][  0]UdpMessaging: Initializing bridge on interface 0.0.0.0:0 to multicast group 230.0.0.1:6666.
[2016.02.27-16.17.03:016][  0]SourceControl: Info Source control is disabled
[2016.02.27-16.17.03:182][  0]SourceControl: Info Source control is disabled
[2016.02.27-16.17.03:195][  0]SourceControl: Info Source control is disabled
[2016.02.27-16.17.03:208][  0]SourceControl: Info Source control is disabled
[2016.02.27-16.17.03:520][  0]LogObj: 28802 objects as part of root set at end of initial load.
[2016.02.27-16.17.03:520][  0]LogUObjectAllocator: 6129776 out of 0 bytes used by permanent object pool.
[2016.02.27-16.17.03:592][  0]LogEngine: Initializing Engine...
[2016.02.27-16.17.03:593][  0]OCULUS: Info: 02/27/16 16:17:03: [CAPI] LibOVR module is located at C:\Windows\system32\LibOVRRT64_0_8.dll

[2016.02.27-16.17.03:594][  0]OCULUS: Info: 02/27/16 16:17:03: [IPC] Call Stats for SetInitialState : x1: C2S=17.5665, S2C=4.02565, Runtime=49.4057 (microseconds) C2Ssize=80, S2Csize=81 (bytes)

[2016.02.27-16.17.03:594][  0]OCULUS: Info: 02/27/16 16:17:03: [IPC] Call Stats for IsLatencyTesterAvailable : x1: C2S=8.05129, S2C=2.19581, Runtime=1.0979 (microseconds) C2Ssize=33, S2Csize=18 (bytes)

[2016.02.27-16.17.03:605][  0]LogHMD: SteamVR failed to initialize.  Err: 110
[2016.02.27-16.17.03:769][  0]LogAIModule: Creating AISystem for world NewWorld
[2016.02.27-16.17.03:777][  0]LogInit: XAudio2 using 'Speakers / Headphones (Plantronics HD1)' : 8 channels at 48 kHz using 24 bits per sample (channel mask 0x63f)
[2016.02.27-16.17.03:801][  0]LogInit: FAudioDevice initialized.
[2016.02.27-16.17.03:855][  0]LogDerivedDataCache: Saved boot cache 0.05s 69MB C:/Users/Mihai/AppData/Local/UnrealEngine/4.10/DerivedDataCache/Boot.ddc.
[2016.02.27-16.17.03:869][  0]LogInit: Texture streaming: Enabled
[2016.02.27-16.17.03:878][  0]LogAnalytics: Creating configured Analytics provider AnalyticsET
[2016.02.27-16.17.03:878][  0]LogAnalytics: [UEEditor.Rocket.Release] APIServer = http://et2.epicgames.com/ET2/. AppVersion = 4.10.4-2872498+++depot+UE4-Releases+4.10
[2016.02.27-16.17.03:878][  0]LogAnalytics: [UEEditor.Rocket.Release] SetUserId 3cb8ffe24e727d20e488f6a0703d071e|cfb1085945c1478380d1e808dae35820|2cf12e5c-4aaa-4bd5-bb24-20c657141085
[2016.02.27-16.17.03:878][  0]LogAnalytics: [UEEditor.Rocket.Release] AnalyticsET::StartSession
[2016.02.27-16.17.03:894][  0]LogInit: Transaction tracking system initialized
[2016.02.27-16.17.03:930][  0]BlueprintLog: New page: Editor Load
[2016.02.27-16.17.04:031][  0]LocalizationService: Info Localization service is disabled
[2016.02.27-16.17.04:113][  0]LogLinker:Warning: Can't find file '/Game/ThirdPersonBP/ThirdPersonOverview'
[2016.02.27-16.17.04:113][  0]LogLinker:Warning: Can't find file '/Game/ThirdPersonBP/ThirdPersonOverview'
[2016.02.27-16.17.04:113][  0]LogUObjectGlobals:Warning: Failed to find object 'Class /Game/ThirdPersonBP/ThirdPersonOverview.ThirdPersonOverview_C'
[2016.02.27-16.17.04:132][  0]LogConsoleResponse:Display: 
[2016.02.27-16.17.04:298][  0]LogCook:Display: Done creating registry. It took  0.00s.
[2016.02.27-16.17.04:381][  0]LogFileCache: Scanning file cache for directory 'D:/Projects/Unreal/TPS_Arena/Content/' took 0.02s
[2016.02.27-16.17.04:381][  0]SourceControl: Info Source control is disabled
[2016.02.27-16.17.04:382][  0]Cmd: MAP LOAD FILE="../../../../../../Projects/Unreal/TPS_Arena/Content/Levels/characterTesting.umap" TEMPLATE=0 SHOWPROGRESS=1 FEATURELEVEL=3
[2016.02.27-16.17.04:386][  0]LightingResults: New page: Lighting Build
[2016.02.27-16.17.04:389][  0]MapCheck: New page: Map Check
[2016.02.27-16.17.04:389][  0]LightingResults: New page: Lighting Build
[2016.02.27-16.17.04:402][  0]LogParticles: Destroying 0 GPU particle simulations for FXSystem 0x0000000025C26AC0
[2016.02.27-16.17.04:876][  0]LogAIModule: Creating AISystem for world characterTesting
[2016.02.27-16.17.04:885][  0]LogEditorServer: Finished looking for orphan Actors (0.000 secs)
[2016.02.27-16.17.04:886][  0]Cmd: MAP CHECKDEP NOCLEARLOG
[2016.02.27-16.17.04:940][  0]MapCheck: Info Map check complete: 0 Error(s), 0 Warning(s), took 54.417ms to complete.
[2016.02.27-16.17.04:940][  0]LogFileHelpers: Loading map 'characterTesting' took 0.559
[2016.02.27-16.17.05:069][  0]LogCollectionManager: Loaded 0 collections in 0.002261 seconds
[2016.02.27-16.17.05:109][  0]LogFileCache: Scanning file cache for directory 'D:/Projects/Unreal/TPS_Arena/Saved/Collections/' took 0.01s
[2016.02.27-16.17.05:109][  0]LogFileCache: Scanning file cache for directory 'D:/Projects/Unreal/TPS_Arena/Content/Developers/Mihai/Collections/' took 0.01s
[2016.02.27-16.17.05:109][  0]LogFileCache: Scanning file cache for directory 'D:/Projects/Unreal/TPS_Arena/Content/Collections/' took 0.01s
[2016.02.27-16.17.05:109][  0]LogCollectionManager: Rebuilt the GUID cache for 0 collections in 0.000002 seconds
[2016.02.27-16.17.05:119][  0]LogContentBrowser: Native class hierarchy populated in 0.0100 seconds. Added 1908 classes and 344 folders.
[2016.02.27-16.17.05:127][  0]LogContentBrowser: Native class hierarchy updated for 'WidgetCarousel' in 0.0004 seconds. Added 0 classes and 0 folders.
[2016.02.27-16.17.05:271][  0]LogContentBrowser: Native class hierarchy updated for 'AddContentDialog' in 0.0004 seconds. Added 0 classes and 0 folders.
[2016.02.27-16.17.05:276][  0]LogContentBrowser: Native class hierarchy updated for 'SceneOutliner' in 0.0004 seconds. Added 1 classes and 2 folders.
[2016.02.27-16.17.05:302][  0]LogCrashTracker: Crashtracker disabled due to settings.
[2016.02.27-16.17.05:307][  0]LogUObjectGlobals:Warning: Failed to find object 'Class None.'
[2016.02.27-16.17.05:327][  0]LogLoad: Full Startup: 7.72 seconds (BP compile: 0.05 seconds)
[2016.02.27-16.17.05:336][  0]LogOcInput: OculusInput is initialized. Init status 0. Runtime version: 0.8.0.0
[2016.02.27-16.17.05:402][  0]LogContentStreaming: Texture pool size now 1000 MB
[2016.02.27-16.17.05:595][  0]LogRenderer: Reallocating scene render targets to support 1208x572 (Frame:2).
[2016.02.27-16.17.05:835][  3]LogAssetRegistry: Asset discovery search completed in 3.1598 seconds
[2016.02.27-16.17.05:835][  3]LogCollectionManager: Rebuilt the object cache for 0 collections in 0.000001 seconds (found 0 objects)
[2016.02.27-16.17.05:835][  3]LogCollectionManager: Fixed up redirectors for 0 collections in 0.000023 seconds (updated 0 objects)
[2016.02.27-18.17.57:162][711]LogPlayLevel: PlayLevel: No blueprints needed recompiling
[2016.02.27-18.17.57:163][711]PIE: New page: PIE session: characterTesting (Feb 27, 2016, 10:17:57 PM)
[2016.02.27-18.17.57:163][711]LogPlayLevel: Creating play world package: /Game/Levels/UEDPIE_0_characterTesting
[2016.02.27-18.17.57:171][711]LogPlayLevel: PIE: StaticDuplicateObject took: (0.008757s)
[2016.02.27-18.17.57:172][711]LogAIModule: Creating AISystem for world characterTesting
[2016.02.27-18.17.57:172][711]LogPlayLevel: PIE: World Init took: (0.000924s)
[2016.02.27-18.17.57:173][711]LogPlayLevel: PIE: Created PIE world by copying editor world from /Game/Levels/characterTesting.characterTesting to /Game/Levels/UEDPIE_0_characterTesting.characterTesting (0.009925s)
[2016.02.27-18.17.57:197][711]LogInit: XAudio2 using 'Speakers / Headphones (Plantronics HD1)' : 8 channels at 48 kHz using 24 bits per sample (channel mask 0x63f)
[2016.02.27-18.17.57:204][711]LogInit: FAudioDevice initialized.
[2016.02.27-18.17.58:626][711]LogWorld: Game class is 'ThirdPersonGameMode_C'
[2016.02.27-18.17.58:630][711]LogWorld: Bringing World /Game/Levels/UEDPIE_0_characterTesting.characterTesting up for play (max tick rate 0) at 2016.02.27-20.17.58
[2016.02.27-18.17.58:630][711]LogActor:Warning: GameSession /Game/Levels/UEDPIE_0_characterTesting.characterTesting:PersistentLevel.GameSession_0 has natively added scene component(s), but none of them were set as the actor's RootComponent - picking one arbitrarily
[2016.02.27-18.17.58:630][711]LogActor:Warning: GameNetworkManager /Game/Levels/UEDPIE_0_characterTesting.characterTesting:PersistentLevel.GameNetworkManager_0 has natively added scene component(s), but none of them were set as the actor's RootComponent - picking one arbitrarily
[2016.02.27-18.17.58:630][711]LogWorld: Bringing up level for play took: 0.002914
[2016.02.27-18.17.58:636][711]PIE: Info Play in editor start time for /Game/Levels/UEDPIE_0_characterTesting 2.018
[2016.02.27-18.18.35:789][376]LogSpawn:Warning: SpawnActor failed because of collision at the spawn location [X=1110.935 Y=-211.247 Z=107.296] for [Projectile_C]
[2016.02.27-18.18.58:263][549]LogActorComponent: UnregisterComponent: (/Engine/Transient.CharMoveComp) Not registered. Aborting.
[2016.02.27-18.24.11:414][180]LogSpawn:Warning: SpawnActor failed because of collision at the spawn location [X=1513.182 Y=-101.975 Z=100.850] for [Projectile_C]
[2016.02.27-18.24.11:606][203]LogSpawn:Warning: SpawnActor failed because of collision at the spawn location [X=1506.212 Y=-93.311 Z=100.720] for [Projectile_C]
[2016.02.27-18.24.11:806][227]LogSpawn:Warning: SpawnActor failed because of collision at the spawn location [X=1512.963 Y=-96.186 Z=104.742] for [Projectile_C]
[2016.02.27-18.27.08:401][  0]LogParticles: Destroying 0 GPU particle simulations for FXSystem 0x00000000116176A0
[2016.02.27-18.37.24:363][433]Cmd: QUIT_EDITOR
[2016.02.27-18.37.24:520][433]LogExit: Preparing to exit.
[2016.02.27-18.37.25:295][433]LogExit: Editor shut down
[2016.02.27-18.37.25:296][433]LogExit: Transaction tracking system shut down
[2016.02.27-18.37.25:298][433]LogParticles: Destroying 0 GPU particle simulations for FXSystem 0x000000000FE27740
[2016.02.27-18.37.25:299][433]LogParticles: Destroying 0 GPU particle simulations for FXSystem 0x00000000118C7880
[2016.02.27-18.37.25:299][433]LogParticles: Destroying 0 GPU particle simulations for FXSystem 0x00000000103972E0
[2016.02.27-18.37.25:299][433]LogParticles: Destroying 0 GPU particle simulations for FXSystem 0x00000000102E3D80
[2016.02.27-18.37.25:300][433]LogParticles: Destroying 0 GPU particle simulations for FXSystem 0x000000005A5571A0
[2016.02.27-18.37.25:300][433]LogParticles: Destroying 0 GPU particle simulations for FXSystem 0x000000005A556C00
[2016.02.27-18.37.25:488][433]LogExit: Object subsystem successfully closed.
[2016.02.27-18.37.25:500][433]LogD3D11RHI: Shutdown
[2016.02.27-18.37.25:500][433]LogD3D11RHI: CleanupD3DDevice
[2016.02.27-18.37.25:554][433]LogD3D11RHI: ~FD3D11DynamicRHI
[2016.02.27-18.37.25:569][433]LogModuleManager: Shutting down and abandoning module CrashTracker (200)
[2016.02.27-18.37.25:570][433]LogModuleManager: Shutting down and abandoning module SceneOutliner (199)
[2016.02.27-18.37.25:570][433]LogModuleManager: Shutting down and abandoning module SuperSearch (198)
[2016.02.27-18.37.25:570][433]LogModuleManager: Shutting down and abandoning module WidgetCarousel (197)
[2016.02.27-18.37.25:570][433]LogModuleManager: Shutting down and abandoning module AddContentDialog (196)
[2016.02.27-18.37.25:571][433]LogModuleManager: Shutting down and abandoning module EditorWidgets (195)
[2016.02.27-18.37.25:571][433]LogModuleManager: Shutting down and abandoning module CollectionManager (194)
[2016.02.27-18.37.25:571][433]LogModuleManager: Shutting down and abandoning module StatsViewer (193)
[2016.02.27-18.37.25:571][433]LogModuleManager: Shutting down and abandoning module FoliageEdit (192)
[2016.02.27-18.37.25:571][433]LogModuleManager: Shutting down and abandoning module LandscapeEditor (191)
[2016.02.27-18.37.25:571][433]LogModuleManager: Shutting down and abandoning module ActorPickerMode (190)
[2016.02.27-18.37.25:571][433]LogModuleManager: Shutting down and abandoning module GeometryMode (189)
[2016.02.27-18.37.25:571][433]LogModuleManager: Shutting down and abandoning module TextureAlignMode (188)
[2016.02.27-18.37.25:571][433]LogModuleManager: Shutting down and abandoning module BspMode (187)
[2016.02.27-18.37.25:571][433]LogModuleManager: Shutting down and abandoning module PlacementMode (186)
[2016.02.27-18.37.25:571][433]LogModuleManager: Shutting down and abandoning module AutomationWorker (185)
[2016.02.27-18.37.25:571][433]LogModuleManager: Shu